/home/agustin/PFE/ROS/orchestrator-project/src/install/robot_control/lib/python3.10/site-packages/robot_control/database_manager.py
/home/agustin/PFE/ROS/orchestrator-project/src/install/robot_control/lib/python3.10/site-packages/robot_control/path_planner.py
/home/agustin/PFE/ROS/orchestrator-project/src/install/robot_control/lib/python3.10/site-packages/robot_control/subscriber.py
/home/agustin/PFE/ROS/orchestrator-project/src/install/robot_control/lib/python3.10/site-packages/robot_control/image_manager.py
/home/agustin/PFE/ROS/orchestrator-project/src/install/robot_control/lib/python3.10/site-packages/robot_control/publisher.py
/home/agustin/PFE/ROS/orchestrator-project/src/install/robot_control/lib/python3.10/site-packages/robot_control/robot.py
/home/agustin/PFE/ROS/orchestrator-project/src/install/robot_control/lib/python3.10/site-packages/robot_control/traj_utils.py
/home/agustin/PFE/ROS/orchestrator-project/src/install/robot_control/lib/python3.10/site-packages/robot_control/communication.py
/home/agustin/PFE/ROS/orchestrator-project/src/install/robot_control/lib/python3.10/site-packages/robot_control/orchestrator.py
/home/agustin/PFE/ROS/orchestrator-project/src/install/robot_control/lib/python3.10/site-packages/robot_control/__init__.py
/home/agustin/PFE/ROS/orchestrator-project/src/install/robot_control/lib/python3.10/site-packages/robot_control/testCommunication.py
/home/agustin/PFE/ROS/orchestrator-project/src/install/robot_control/lib/python3.10/site-packages/robot_control/motor.py
/home/agustin/PFE/ROS/orchestrator-project/src/install/robot_control/lib/python3.10/site-packages/robot_control/main.py
/home/agustin/PFE/ROS/orchestrator-project/src/install/robot_control/lib/python3.10/site-packages/robot_control/user.py
/home/agustin/PFE/ROS/orchestrator-project/src/install/robot_control/lib/python3.10/site-packages/robot_control/__pycache__/database_manager.cpython-310.pyc
/home/agustin/PFE/ROS/orchestrator-project/src/install/robot_control/lib/python3.10/site-packages/robot_control/__pycache__/path_planner.cpython-310.pyc
/home/agustin/PFE/ROS/orchestrator-project/src/install/robot_control/lib/python3.10/site-packages/robot_control/__pycache__/subscriber.cpython-310.pyc
/home/agustin/PFE/ROS/orchestrator-project/src/install/robot_control/lib/python3.10/site-packages/robot_control/__pycache__/image_manager.cpython-310.pyc
/home/agustin/PFE/ROS/orchestrator-project/src/install/robot_control/lib/python3.10/site-packages/robot_control/__pycache__/publisher.cpython-310.pyc
/home/agustin/PFE/ROS/orchestrator-project/src/install/robot_control/lib/python3.10/site-packages/robot_control/__pycache__/robot.cpython-310.pyc
/home/agustin/PFE/ROS/orchestrator-project/src/install/robot_control/lib/python3.10/site-packages/robot_control/__pycache__/traj_utils.cpython-310.pyc
/home/agustin/PFE/ROS/orchestrator-project/src/install/robot_control/lib/python3.10/site-packages/robot_control/__pycache__/communication.cpython-310.pyc
/home/agustin/PFE/ROS/orchestrator-project/src/install/robot_control/lib/python3.10/site-packages/robot_control/__pycache__/orchestrator.cpython-310.pyc
/home/agustin/PFE/ROS/orchestrator-project/src/install/robot_control/lib/python3.10/site-packages/robot_control/__pycache__/__init__.cpython-310.pyc
/home/agustin/PFE/ROS/orchestrator-project/src/install/robot_control/lib/python3.10/site-packages/robot_control/__pycache__/testCommunication.cpython-310.pyc
/home/agustin/PFE/ROS/orchestrator-project/src/install/robot_control/lib/python3.10/site-packages/robot_control/__pycache__/motor.cpython-310.pyc
/home/agustin/PFE/ROS/orchestrator-project/src/install/robot_control/lib/python3.10/site-packages/robot_control/__pycache__/main.cpython-310.pyc
/home/agustin/PFE/ROS/orchestrator-project/src/install/robot_control/lib/python3.10/site-packages/robot_control/__pycache__/user.cpython-310.pyc
/home/agustin/PFE/ROS/orchestrator-project/src/install/robot_control/share/ament_index/resource_index/packages/robot_control
/home/agustin/PFE/ROS/orchestrator-project/src/install/robot_control/share/robot_control/package.xml
/home/agustin/PFE/ROS/orchestrator-project/src/install/robot_control/lib/python3.10/site-packages/robot_control-0.0.0-py3.10.egg-info/entry_points.txt
/home/agustin/PFE/ROS/orchestrator-project/src/install/robot_control/lib/python3.10/site-packages/robot_control-0.0.0-py3.10.egg-info/dependency_links.txt
/home/agustin/PFE/ROS/orchestrator-project/src/install/robot_control/lib/python3.10/site-packages/robot_control-0.0.0-py3.10.egg-info/requires.txt
/home/agustin/PFE/ROS/orchestrator-project/src/install/robot_control/lib/python3.10/site-packages/robot_control-0.0.0-py3.10.egg-info/SOURCES.txt
/home/agustin/PFE/ROS/orchestrator-project/src/install/robot_control/lib/python3.10/site-packages/robot_control-0.0.0-py3.10.egg-info/zip-safe
/home/agustin/PFE/ROS/orchestrator-project/src/install/robot_control/lib/python3.10/site-packages/robot_control-0.0.0-py3.10.egg-info/PKG-INFO
/home/agustin/PFE/ROS/orchestrator-project/src/install/robot_control/lib/python3.10/site-packages/robot_control-0.0.0-py3.10.egg-info/top_level.txt
/home/agustin/PFE/ROS/orchestrator-project/src/install/robot_control/lib/robot_control/listener
/home/agustin/PFE/ROS/orchestrator-project/src/install/robot_control/lib/robot_control/talker
