STL translation to Solid Edge
Fecha: domingo,julio 16,2023 11:33a. m.
Archivo fuente:D:\DISCO E\UNCuyo\PFE\PFE\Robot_Arm_MK2_Plus__Stepper_Motor_in_Used__2520572\files\EBAmk2_002_mainarm.STL
Autor: Desconocido
Organización: Desconocido
Sistema fuente: DEX

Hardware:
Procesador: Intel(R) Core(TM) i3-6006U CPU @ 2.00GHz
Sistema operativo: Windows 10
Memoria instalada: 7,57 GB

Información sobre el software:
Versión de Parasolid: 35.0.149
Versión de PSBodyShop: 35.0.82
Versión de Solid Edge: 223.00.00.101 x64

STL Import Options
Reparar fallos en la malla: Desactivado
Crear operación base: Activado
Habilitar registro de anotaciones: Activado

Avance en la conversión:
Se completó el proceso de conversión
Tiempo necesario para convertir:00 : 00 : 02
