Conversión de STEP a Solid Edge
Fecha: sábado,agosto 09,2025 11:57a. m.
Archivo fuente: C:\Users\Emanuel\Downloads\PFE\Robot MK2 Plus\files\ya impreso2\Robot_Base_Low_Gear.step
Autor: Unknown
Organización: Unknown
Sistema de origen: Autodesk Translation Framework v14.10.0.0

Equipo:
Procesador: Intel(R) Core(TM) i5-7200U CPU @ 2.50GHz
Sistema operativo: Windows 10 Version:22H2 Build:19045 System Type:64-bit
Memoria instalada: 19.91 GB

Información del programa
Versión de Parasolid: 37.0.118
Versión de PSBodyShop: 37.0.94
Versión del adaptador Step: 15.0.142
Versión de Solid Edge: 225.00.01.004 x64

Opciones de importación de STEP
Importar cuerpos facetados: Activado
Importar cuerpos revisados: Desactivado
Importar curvas: Activado
Importar sin guardar: Activado
Importar varios cuerpos como archivo de una pieza: Activado
Optimización de la importación: Desactivado
Importar superficies unidas: Activado
Importar sólidos booleanos: Activado
Crear operación base: Activado
Simplificar geometría: Activado
Importar curvas para sobreimpresión: Activado
Importar unidad de disco: C:
Importar superficies unidas: Activado
Importar superficies: Activado
Importar vía de acceso de salida: C:\Users\Emanuel\Downloads\PFE\Robot MK2 Plus\files\ya impreso2
Importar con vía de acceso de salida predeterminada habilitada: Activado
Importar PMI: Desactivado.
Importar como componentes internos: Desactivado
Importar vía de acceso: 

Convirtiendo a tipos de datos Parasolid...
Proceso de conversión completado
Tiempo total requerido para convertir y posprocesar:00 : 00 : 05
