running egg_info
creating ../build/robot_control/robot_control.egg-info
writing ../build/robot_control/robot_control.egg-info/PKG-INFO
writing dependency_links to ../build/robot_control/robot_control.egg-info/dependency_links.txt
writing entry points to ../build/robot_control/robot_control.egg-info/entry_points.txt
writing requirements to ../build/robot_control/robot_control.egg-info/requires.txt
writing top-level names to ../build/robot_control/robot_control.egg-info/top_level.txt
writing manifest file '../build/robot_control/robot_control.egg-info/SOURCES.txt'
reading manifest file '../build/robot_control/robot_control.egg-info/SOURCES.txt'
adding license file 'LICENSE'
writing manifest file '../build/robot_control/robot_control.egg-info/SOURCES.txt'
running build
running build_py
creating /home/agustin/pfe/PFE/ROS/orchestrator-project/src/build/robot_control/build
creating /home/agustin/pfe/PFE/ROS/orchestrator-project/src/build/robot_control/build/lib
creating /home/agustin/pfe/PFE/ROS/orchestrator-project/src/build/robot_control/build/lib/robot_control
copying robot_control/path_planner.py -> /home/agustin/pfe/PFE/ROS/orchestrator-project/src/build/robot_control/build/lib/robot_control
copying robot_control/database_manager.py -> /home/agustin/pfe/PFE/ROS/orchestrator-project/src/build/robot_control/build/lib/robot_control
copying robot_control/motor.py -> /home/agustin/pfe/PFE/ROS/orchestrator-project/src/build/robot_control/build/lib/robot_control
copying robot_control/traj_utils.py -> /home/agustin/pfe/PFE/ROS/orchestrator-project/src/build/robot_control/build/lib/robot_control
copying robot_control/communication.py -> /home/agustin/pfe/PFE/ROS/orchestrator-project/src/build/robot_control/build/lib/robot_control
copying robot_control/subscriber.py -> /home/agustin/pfe/PFE/ROS/orchestrator-project/src/build/robot_control/build/lib/robot_control
copying robot_control/orchestrator.py -> /home/agustin/pfe/PFE/ROS/orchestrator-project/src/build/robot_control/build/lib/robot_control
copying robot_control/__init__.py -> /home/agustin/pfe/PFE/ROS/orchestrator-project/src/build/robot_control/build/lib/robot_control
copying robot_control/publisher.py -> /home/agustin/pfe/PFE/ROS/orchestrator-project/src/build/robot_control/build/lib/robot_control
copying robot_control/robot.py -> /home/agustin/pfe/PFE/ROS/orchestrator-project/src/build/robot_control/build/lib/robot_control
copying robot_control/main.py -> /home/agustin/pfe/PFE/ROS/orchestrator-project/src/build/robot_control/build/lib/robot_control
copying robot_control/testCommunication.py -> /home/agustin/pfe/PFE/ROS/orchestrator-project/src/build/robot_control/build/lib/robot_control
copying robot_control/user.py -> /home/agustin/pfe/PFE/ROS/orchestrator-project/src/build/robot_control/build/lib/robot_control
copying robot_control/image_manager.py -> /home/agustin/pfe/PFE/ROS/orchestrator-project/src/build/robot_control/build/lib/robot_control
running install
running install_lib
creating /home/agustin/pfe/PFE/ROS/orchestrator-project/src/install/robot_control/lib/python3.10/site-packages/robot_control
copying /home/agustin/pfe/PFE/ROS/orchestrator-project/src/build/robot_control/build/lib/robot_control/path_planner.py -> /home/agustin/pfe/PFE/ROS/orchestrator-project/src/install/robot_control/lib/python3.10/site-packages/robot_control
copying /home/agustin/pfe/PFE/ROS/orchestrator-project/src/build/robot_control/build/lib/robot_control/database_manager.py -> /home/agustin/pfe/PFE/ROS/orchestrator-project/src/install/robot_control/lib/python3.10/site-packages/robot_control
copying /home/agustin/pfe/PFE/ROS/orchestrator-project/src/build/robot_control/build/lib/robot_control/motor.py -> /home/agustin/pfe/PFE/ROS/orchestrator-project/src/install/robot_control/lib/python3.10/site-packages/robot_control
copying /home/agustin/pfe/PFE/ROS/orchestrator-project/src/build/robot_control/build/lib/robot_control/traj_utils.py -> /home/agustin/pfe/PFE/ROS/orchestrator-project/src/install/robot_control/lib/python3.10/site-packages/robot_control
copying /home/agustin/pfe/PFE/ROS/orchestrator-project/src/build/robot_control/build/lib/robot_control/communication.py -> /home/agustin/pfe/PFE/ROS/orchestrator-project/src/install/robot_control/lib/python3.10/site-packages/robot_control
copying /home/agustin/pfe/PFE/ROS/orchestrator-project/src/build/robot_control/build/lib/robot_control/subscriber.py -> /home/agustin/pfe/PFE/ROS/orchestrator-project/src/install/robot_control/lib/python3.10/site-packages/robot_control
copying /home/agustin/pfe/PFE/ROS/orchestrator-project/src/build/robot_control/build/lib/robot_control/orchestrator.py -> /home/agustin/pfe/PFE/ROS/orchestrator-project/src/install/robot_control/lib/python3.10/site-packages/robot_control
copying /home/agustin/pfe/PFE/ROS/orchestrator-project/src/build/robot_control/build/lib/robot_control/__init__.py -> /home/agustin/pfe/PFE/ROS/orchestrator-project/src/install/robot_control/lib/python3.10/site-packages/robot_control
copying /home/agustin/pfe/PFE/ROS/orchestrator-project/src/build/robot_control/build/lib/robot_control/publisher.py -> /home/agustin/pfe/PFE/ROS/orchestrator-project/src/install/robot_control/lib/python3.10/site-packages/robot_control
copying /home/agustin/pfe/PFE/ROS/orchestrator-project/src/build/robot_control/build/lib/robot_control/robot.py -> /home/agustin/pfe/PFE/ROS/orchestrator-project/src/install/robot_control/lib/python3.10/site-packages/robot_control
copying /home/agustin/pfe/PFE/ROS/orchestrator-project/src/build/robot_control/build/lib/robot_control/main.py -> /home/agustin/pfe/PFE/ROS/orchestrator-project/src/install/robot_control/lib/python3.10/site-packages/robot_control
copying /home/agustin/pfe/PFE/ROS/orchestrator-project/src/build/robot_control/build/lib/robot_control/testCommunication.py -> /home/agustin/pfe/PFE/ROS/orchestrator-project/src/install/robot_control/lib/python3.10/site-packages/robot_control
copying /home/agustin/pfe/PFE/ROS/orchestrator-project/src/build/robot_control/build/lib/robot_control/user.py -> /home/agustin/pfe/PFE/ROS/orchestrator-project/src/install/robot_control/lib/python3.10/site-packages/robot_control
copying /home/agustin/pfe/PFE/ROS/orchestrator-project/src/build/robot_control/build/lib/robot_control/image_manager.py -> /home/agustin/pfe/PFE/ROS/orchestrator-project/src/install/robot_control/lib/python3.10/site-packages/robot_control
byte-compiling /home/agustin/pfe/PFE/ROS/orchestrator-project/src/install/robot_control/lib/python3.10/site-packages/robot_control/path_planner.py to path_planner.cpython-310.pyc
byte-compiling /home/agustin/pfe/PFE/ROS/orchestrator-project/src/install/robot_control/lib/python3.10/site-packages/robot_control/database_manager.py to database_manager.cpython-310.pyc
byte-compiling /home/agustin/pfe/PFE/ROS/orchestrator-project/src/install/robot_control/lib/python3.10/site-packages/robot_control/motor.py to motor.cpython-310.pyc
byte-compiling /home/agustin/pfe/PFE/ROS/orchestrator-project/src/install/robot_control/lib/python3.10/site-packages/robot_control/traj_utils.py to traj_utils.cpython-310.pyc
byte-compiling /home/agustin/pfe/PFE/ROS/orchestrator-project/src/install/robot_control/lib/python3.10/site-packages/robot_control/communication.py to communication.cpython-310.pyc
byte-compiling /home/agustin/pfe/PFE/ROS/orchestrator-project/src/install/robot_control/lib/python3.10/site-packages/robot_control/subscriber.py to subscriber.cpython-310.pyc
byte-compiling /home/agustin/pfe/PFE/ROS/orchestrator-project/src/install/robot_control/lib/python3.10/site-packages/robot_control/orchestrator.py to orchestrator.cpython-310.pyc
byte-compiling /home/agustin/pfe/PFE/ROS/orchestrator-project/src/install/robot_control/lib/python3.10/site-packages/robot_control/__init__.py to __init__.cpython-310.pyc
byte-compiling /home/agustin/pfe/PFE/ROS/orchestrator-project/src/install/robot_control/lib/python3.10/site-packages/robot_control/publisher.py to publisher.cpython-310.pyc
byte-compiling /home/agustin/pfe/PFE/ROS/orchestrator-project/src/install/robot_control/lib/python3.10/site-packages/robot_control/robot.py to robot.cpython-310.pyc
byte-compiling /home/agustin/pfe/PFE/ROS/orchestrator-project/src/install/robot_control/lib/python3.10/site-packages/robot_control/main.py to main.cpython-310.pyc
byte-compiling /home/agustin/pfe/PFE/ROS/orchestrator-project/src/install/robot_control/lib/python3.10/site-packages/robot_control/testCommunication.py to testCommunication.cpython-310.pyc
byte-compiling /home/agustin/pfe/PFE/ROS/orchestrator-project/src/install/robot_control/lib/python3.10/site-packages/robot_control/user.py to user.cpython-310.pyc
byte-compiling /home/agustin/pfe/PFE/ROS/orchestrator-project/src/install/robot_control/lib/python3.10/site-packages/robot_control/image_manager.py to image_manager.cpython-310.pyc
running install_data
creating /home/agustin/pfe/PFE/ROS/orchestrator-project/src/install/robot_control/share/ament_index
creating /home/agustin/pfe/PFE/ROS/orchestrator-project/src/install/robot_control/share/ament_index/resource_index
creating /home/agustin/pfe/PFE/ROS/orchestrator-project/src/install/robot_control/share/ament_index/resource_index/packages
copying resource/robot_control -> /home/agustin/pfe/PFE/ROS/orchestrator-project/src/install/robot_control/share/ament_index/resource_index/packages
copying package.xml -> /home/agustin/pfe/PFE/ROS/orchestrator-project/src/install/robot_control/share/robot_control
running install_egg_info
Copying ../build/robot_control/robot_control.egg-info to /home/agustin/pfe/PFE/ROS/orchestrator-project/src/install/robot_control/lib/python3.10/site-packages/robot_control-0.0.0-py3.10.egg-info
running install_scripts
Installing listener script to /home/agustin/pfe/PFE/ROS/orchestrator-project/src/install/robot_control/lib/robot_control
Installing talker script to /home/agustin/pfe/PFE/ROS/orchestrator-project/src/install/robot_control/lib/robot_control
writing list of installed files to '/home/agustin/pfe/PFE/ROS/orchestrator-project/src/build/robot_control/install.log'
