[2.491s] Invoking command in '/home/agustin/pfe/PFE/ROS/orchestrator-project/src/robot_control': PYTHONPATH=/home/agustin/pfe/PFE/ROS/orchestrator-project/src/build/robot_control/prefix_override:/usr/lib/python3/dist-packages/colcon_core/task/python/colcon_distutils_commands:/home/agustin/pfe/PFE/ROS/orchestrator-project/src/install/robot_control/lib/python3.10/site-packages:${PYTHONPATH} /usr/bin/python3 -W ignore:setup.py install is deprecated -W ignore:easy_install command is deprecated setup.py egg_info --egg-base ../build/robot_control build --build-base /home/agustin/pfe/PFE/ROS/orchestrator-project/src/build/robot_control/build install --record /home/agustin/pfe/PFE/ROS/orchestrator-project/src/build/robot_control/install.log --single-version-externally-managed install_data
[3.435s] running egg_info
[3.439s] creating ../build/robot_control/robot_control.egg-info
[3.445s] writing ../build/robot_control/robot_control.egg-info/PKG-INFO
[3.445s] writing dependency_links to ../build/robot_control/robot_control.egg-info/dependency_links.txt
[3.446s] writing entry points to ../build/robot_control/robot_control.egg-info/entry_points.txt
[3.446s] writing requirements to ../build/robot_control/robot_control.egg-info/requires.txt
[3.450s] writing top-level names to ../build/robot_control/robot_control.egg-info/top_level.txt
[3.450s] writing manifest file '../build/robot_control/robot_control.egg-info/SOURCES.txt'
[3.460s] reading manifest file '../build/robot_control/robot_control.egg-info/SOURCES.txt'
[3.465s] adding license file 'LICENSE'
[3.469s] writing manifest file '../build/robot_control/robot_control.egg-info/SOURCES.txt'
[3.472s] running build
[3.473s] running build_py
[3.476s] creating /home/agustin/pfe/PFE/ROS/orchestrator-project/src/build/robot_control/build
[3.481s] creating /home/agustin/pfe/PFE/ROS/orchestrator-project/src/build/robot_control/build/lib
[3.481s] creating /home/agustin/pfe/PFE/ROS/orchestrator-project/src/build/robot_control/build/lib/robot_control
[3.481s] copying robot_control/path_planner.py -> /home/agustin/pfe/PFE/ROS/orchestrator-project/src/build/robot_control/build/lib/robot_control
[3.483s] copying robot_control/database_manager.py -> /home/agustin/pfe/PFE/ROS/orchestrator-project/src/build/robot_control/build/lib/robot_control
[3.483s] copying robot_control/motor.py -> /home/agustin/pfe/PFE/ROS/orchestrator-project/src/build/robot_control/build/lib/robot_control
[3.483s] copying robot_control/traj_utils.py -> /home/agustin/pfe/PFE/ROS/orchestrator-project/src/build/robot_control/build/lib/robot_control
[3.483s] copying robot_control/communication.py -> /home/agustin/pfe/PFE/ROS/orchestrator-project/src/build/robot_control/build/lib/robot_control
[3.483s] copying robot_control/subscriber.py -> /home/agustin/pfe/PFE/ROS/orchestrator-project/src/build/robot_control/build/lib/robot_control
[3.485s] copying robot_control/orchestrator.py -> /home/agustin/pfe/PFE/ROS/orchestrator-project/src/build/robot_control/build/lib/robot_control
[3.487s] copying robot_control/__init__.py -> /home/agustin/pfe/PFE/ROS/orchestrator-project/src/build/robot_control/build/lib/robot_control
[3.487s] copying robot_control/publisher.py -> /home/agustin/pfe/PFE/ROS/orchestrator-project/src/build/robot_control/build/lib/robot_control
[3.491s] copying robot_control/robot.py -> /home/agustin/pfe/PFE/ROS/orchestrator-project/src/build/robot_control/build/lib/robot_control
[3.491s] copying robot_control/main.py -> /home/agustin/pfe/PFE/ROS/orchestrator-project/src/build/robot_control/build/lib/robot_control
[3.491s] copying robot_control/testCommunication.py -> /home/agustin/pfe/PFE/ROS/orchestrator-project/src/build/robot_control/build/lib/robot_control
[3.498s] copying robot_control/user.py -> /home/agustin/pfe/PFE/ROS/orchestrator-project/src/build/robot_control/build/lib/robot_control
[3.498s] copying robot_control/image_manager.py -> /home/agustin/pfe/PFE/ROS/orchestrator-project/src/build/robot_control/build/lib/robot_control
[3.504s] running install
[3.508s] running install_lib
[3.514s] creating /home/agustin/pfe/PFE/ROS/orchestrator-project/src/install/robot_control/lib/python3.10/site-packages/robot_control
[3.516s] copying /home/agustin/pfe/PFE/ROS/orchestrator-project/src/build/robot_control/build/lib/robot_control/path_planner.py -> /home/agustin/pfe/PFE/ROS/orchestrator-project/src/install/robot_control/lib/python3.10/site-packages/robot_control
[3.522s] copying /home/agustin/pfe/PFE/ROS/orchestrator-project/src/build/robot_control/build/lib/robot_control/database_manager.py -> /home/agustin/pfe/PFE/ROS/orchestrator-project/src/install/robot_control/lib/python3.10/site-packages/robot_control
[3.525s] copying /home/agustin/pfe/PFE/ROS/orchestrator-project/src/build/robot_control/build/lib/robot_control/motor.py -> /home/agustin/pfe/PFE/ROS/orchestrator-project/src/install/robot_control/lib/python3.10/site-packages/robot_control
[3.529s] copying /home/agustin/pfe/PFE/ROS/orchestrator-project/src/build/robot_control/build/lib/robot_control/traj_utils.py -> /home/agustin/pfe/PFE/ROS/orchestrator-project/src/install/robot_control/lib/python3.10/site-packages/robot_control
[3.529s] copying /home/agustin/pfe/PFE/ROS/orchestrator-project/src/build/robot_control/build/lib/robot_control/communication.py -> /home/agustin/pfe/PFE/ROS/orchestrator-project/src/install/robot_control/lib/python3.10/site-packages/robot_control
[3.529s] copying /home/agustin/pfe/PFE/ROS/orchestrator-project/src/build/robot_control/build/lib/robot_control/subscriber.py -> /home/agustin/pfe/PFE/ROS/orchestrator-project/src/install/robot_control/lib/python3.10/site-packages/robot_control
[3.529s] copying /home/agustin/pfe/PFE/ROS/orchestrator-project/src/build/robot_control/build/lib/robot_control/orchestrator.py -> /home/agustin/pfe/PFE/ROS/orchestrator-project/src/install/robot_control/lib/python3.10/site-packages/robot_control
[3.531s] copying /home/agustin/pfe/PFE/ROS/orchestrator-project/src/build/robot_control/build/lib/robot_control/__init__.py -> /home/agustin/pfe/PFE/ROS/orchestrator-project/src/install/robot_control/lib/python3.10/site-packages/robot_control
[3.534s] copying /home/agustin/pfe/PFE/ROS/orchestrator-project/src/build/robot_control/build/lib/robot_control/publisher.py -> /home/agustin/pfe/PFE/ROS/orchestrator-project/src/install/robot_control/lib/python3.10/site-packages/robot_control
[3.535s] copying /home/agustin/pfe/PFE/ROS/orchestrator-project/src/build/robot_control/build/lib/robot_control/robot.py -> /home/agustin/pfe/PFE/ROS/orchestrator-project/src/install/robot_control/lib/python3.10/site-packages/robot_control
[3.535s] copying /home/agustin/pfe/PFE/ROS/orchestrator-project/src/build/robot_control/build/lib/robot_control/main.py -> /home/agustin/pfe/PFE/ROS/orchestrator-project/src/install/robot_control/lib/python3.10/site-packages/robot_control
[3.535s] copying /home/agustin/pfe/PFE/ROS/orchestrator-project/src/build/robot_control/build/lib/robot_control/testCommunication.py -> /home/agustin/pfe/PFE/ROS/orchestrator-project/src/install/robot_control/lib/python3.10/site-packages/robot_control
[3.537s] copying /home/agustin/pfe/PFE/ROS/orchestrator-project/src/build/robot_control/build/lib/robot_control/user.py -> /home/agustin/pfe/PFE/ROS/orchestrator-project/src/install/robot_control/lib/python3.10/site-packages/robot_control
[3.537s] copying /home/agustin/pfe/PFE/ROS/orchestrator-project/src/build/robot_control/build/lib/robot_control/image_manager.py -> /home/agustin/pfe/PFE/ROS/orchestrator-project/src/install/robot_control/lib/python3.10/site-packages/robot_control
[3.541s] byte-compiling /home/agustin/pfe/PFE/ROS/orchestrator-project/src/install/robot_control/lib/python3.10/site-packages/robot_control/path_planner.py to path_planner.cpython-310.pyc
[3.543s] byte-compiling /home/agustin/pfe/PFE/ROS/orchestrator-project/src/install/robot_control/lib/python3.10/site-packages/robot_control/database_manager.py to database_manager.cpython-310.pyc
[3.546s] byte-compiling /home/agustin/pfe/PFE/ROS/orchestrator-project/src/install/robot_control/lib/python3.10/site-packages/robot_control/motor.py to motor.cpython-310.pyc
[3.549s] byte-compiling /home/agustin/pfe/PFE/ROS/orchestrator-project/src/install/robot_control/lib/python3.10/site-packages/robot_control/traj_utils.py to traj_utils.cpython-310.pyc
[3.555s] byte-compiling /home/agustin/pfe/PFE/ROS/orchestrator-project/src/install/robot_control/lib/python3.10/site-packages/robot_control/communication.py to communication.cpython-310.pyc
[3.561s] byte-compiling /home/agustin/pfe/PFE/ROS/orchestrator-project/src/install/robot_control/lib/python3.10/site-packages/robot_control/subscriber.py to subscriber.cpython-310.pyc
[3.567s] byte-compiling /home/agustin/pfe/PFE/ROS/orchestrator-project/src/install/robot_control/lib/python3.10/site-packages/robot_control/orchestrator.py to orchestrator.cpython-310.pyc
[3.571s] byte-compiling /home/agustin/pfe/PFE/ROS/orchestrator-project/src/install/robot_control/lib/python3.10/site-packages/robot_control/__init__.py to __init__.cpython-310.pyc
[3.571s] byte-compiling /home/agustin/pfe/PFE/ROS/orchestrator-project/src/install/robot_control/lib/python3.10/site-packages/robot_control/publisher.py to publisher.cpython-310.pyc
[3.576s] byte-compiling /home/agustin/pfe/PFE/ROS/orchestrator-project/src/install/robot_control/lib/python3.10/site-packages/robot_control/robot.py to robot.cpython-310.pyc
[3.580s] byte-compiling /home/agustin/pfe/PFE/ROS/orchestrator-project/src/install/robot_control/lib/python3.10/site-packages/robot_control/main.py to main.cpython-310.pyc
[3.582s] byte-compiling /home/agustin/pfe/PFE/ROS/orchestrator-project/src/install/robot_control/lib/python3.10/site-packages/robot_control/testCommunication.py to testCommunication.cpython-310.pyc
[3.587s] byte-compiling /home/agustin/pfe/PFE/ROS/orchestrator-project/src/install/robot_control/lib/python3.10/site-packages/robot_control/user.py to user.cpython-310.pyc
[3.588s] byte-compiling /home/agustin/pfe/PFE/ROS/orchestrator-project/src/install/robot_control/lib/python3.10/site-packages/robot_control/image_manager.py to image_manager.cpython-310.pyc
[3.591s] running install_data
[3.597s] creating /home/agustin/pfe/PFE/ROS/orchestrator-project/src/install/robot_control/share/ament_index
[3.597s] creating /home/agustin/pfe/PFE/ROS/orchestrator-project/src/install/robot_control/share/ament_index/resource_index
[3.597s] creating /home/agustin/pfe/PFE/ROS/orchestrator-project/src/install/robot_control/share/ament_index/resource_index/packages
[3.598s] copying resource/robot_control -> /home/agustin/pfe/PFE/ROS/orchestrator-project/src/install/robot_control/share/ament_index/resource_index/packages
[3.605s] copying package.xml -> /home/agustin/pfe/PFE/ROS/orchestrator-project/src/install/robot_control/share/robot_control
[3.607s] running install_egg_info
[3.626s] Copying ../build/robot_control/robot_control.egg-info to /home/agustin/pfe/PFE/ROS/orchestrator-project/src/install/robot_control/lib/python3.10/site-packages/robot_control-0.0.0-py3.10.egg-info
[3.633s] running install_scripts
[3.764s] Installing listener script to /home/agustin/pfe/PFE/ROS/orchestrator-project/src/install/robot_control/lib/robot_control
[3.768s] Installing talker script to /home/agustin/pfe/PFE/ROS/orchestrator-project/src/install/robot_control/lib/robot_control
[3.768s] writing list of installed files to '/home/agustin/pfe/PFE/ROS/orchestrator-project/src/build/robot_control/install.log'
[3.898s] Invoked command in '/home/agustin/pfe/PFE/ROS/orchestrator-project/src/robot_control' returned '0': PYTHONPATH=/home/agustin/pfe/PFE/ROS/orchestrator-project/src/build/robot_control/prefix_override:/usr/lib/python3/dist-packages/colcon_core/task/python/colcon_distutils_commands:/home/agustin/pfe/PFE/ROS/orchestrator-project/src/install/robot_control/lib/python3.10/site-packages:${PYTHONPATH} /usr/bin/python3 -W ignore:setup.py install is deprecated -W ignore:easy_install command is deprecated setup.py egg_info --egg-base ../build/robot_control build --build-base /home/agustin/pfe/PFE/ROS/orchestrator-project/src/build/robot_control/build install --record /home/agustin/pfe/PFE/ROS/orchestrator-project/src/build/robot_control/install.log --single-version-externally-managed install_data
