[0.060s] Invoking command in '/home/agustin/STM32CubeIDE/workspace_1.19.0/testURosSetup/uros_ws/build/micro_ros_msgs': CMAKE_PREFIX_PATH=${CMAKE_PREFIX_PATH}:/home/agustin/STM32CubeIDE/workspace_1.19.0/testURosSetup/uros_ws/firmware/mcu_ws/install/tracetools_test:/home/agustin/STM32CubeIDE/workspace_1.19.0/testURosSetup/uros_ws/firmware/mcu_ws/install/tracetools_launch:/home/agustin/STM32CubeIDE/workspace_1.19.0/testURosSetup/uros_ws/firmware/mcu_ws/install/ros2trace:/home/agustin/STM32CubeIDE/workspace_1.19.0/testURosSetup/uros_ws/firmware/mcu_ws/install/tracetools_trace:/home/agustin/STM32CubeIDE/workspace_1.19.0/testURosSetup/uros_ws/firmware/mcu_ws/install/tracetools_read:/home/agustin/STM32CubeIDE/workspace_1.19.0/testURosSetup/uros_ws/firmware/mcu_ws/install/rosidl_cli:/home/agustin/STM32CubeIDE/workspace_1.19.0/testURosSetup/uros_ws/firmware/dev_ws/install/ament_uncrustify:/home/agustin/STM32CubeIDE/workspace_1.19.0/testURosSetup/uros_ws/firmware/dev_ws/install/domain_coordinator:/home/agustin/STM32CubeIDE/workspace_1.19.0/testURosSetup/uros_ws/firmware/dev_ws/install/ament_xmllint:/home/agustin/STM32CubeIDE/workspace_1.19.0/testURosSetup/uros_ws/firmware/dev_ws/install/ament_pyflakes:/home/agustin/STM32CubeIDE/workspace_1.19.0/testURosSetup/uros_ws/firmware/dev_ws/install/ament_pycodestyle:/home/agustin/STM32CubeIDE/workspace_1.19.0/testURosSetup/uros_ws/firmware/dev_ws/install/ament_pep257:/home/agustin/STM32CubeIDE/workspace_1.19.0/testURosSetup/uros_ws/firmware/dev_ws/install/ament_pclint:/home/agustin/STM32CubeIDE/workspace_1.19.0/testURosSetup/uros_ws/firmware/dev_ws/install/ament_package:/home/agustin/STM32CubeIDE/workspace_1.19.0/testURosSetup/uros_ws/firmware/dev_ws/install/ament_mypy:/home/agustin/STM32CubeIDE/workspace_1.19.0/testURosSetup/uros_ws/firmware/dev_ws/install/ament_lint_cmake:/home/agustin/STM32CubeIDE/workspace_1.19.0/testURosSetup/uros_ws/firmware/dev_ws/install/ament_flake8:/home/agustin/STM32CubeIDE/workspace_1.19.0/testURosSetup/uros_ws/firmware/dev_ws/install/ament_copyright:/home/agustin/STM32CubeIDE/workspace_1.19.0/testURosSetup/uros_ws/firmware/dev_ws/install/ament_lint:/home/agustin/STM32CubeIDE/workspace_1.19.0/testURosSetup/uros_ws/firmware/dev_ws/install/ament_index_python:/home/agustin/STM32CubeIDE/workspace_1.19.0/testURosSetup/uros_ws/firmware/dev_ws/install/ament_cpplint:/home/agustin/STM32CubeIDE/workspace_1.19.0/testURosSetup/uros_ws/firmware/dev_ws/install/ament_cppcheck:/home/agustin/STM32CubeIDE/workspace_1.19.0/testURosSetup/uros_ws/firmware/dev_ws/install/ament_clang_tidy:/home/agustin/STM32CubeIDE/workspace_1.19.0/testURosSetup/uros_ws/firmware/dev_ws/install/ament_clang_format:/opt/ros/humble /usr/bin/cmake /home/agustin/STM32CubeIDE/workspace_1.19.0/testURosSetup/uros_ws/src/uros/micro_ros_msgs -DCMAKE_INSTALL_PREFIX=/home/agustin/STM32CubeIDE/workspace_1.19.0/testURosSetup/uros_ws/install/micro_ros_msgs
[0.235s] -- The C compiler identification is GNU 11.4.0
[0.396s] -- The CXX compiler identification is GNU 11.4.0
[0.420s] -- Detecting C compiler ABI info
[0.616s] -- Detecting C compiler ABI info - done
[0.641s] -- Check for working C compiler: /usr/bin/cc - skipped
[0.641s] -- Detecting C compile features
[0.642s] -- Detecting C compile features - done
[0.649s] -- Detecting CXX compiler ABI info
[0.850s] -- Detecting CXX compiler ABI info - done
[0.866s] -- Check for working CXX compiler: /usr/bin/c++ - skipped
[0.867s] -- Detecting CXX compile features
[0.869s] -- Detecting CXX compile features - done
[0.876s] -- Found ament_cmake: 1.3.12 (/home/agustin/STM32CubeIDE/workspace_1.19.0/testURosSetup/uros_ws/firmware/dev_ws/install/ament_cmake/share/ament_cmake/cmake)
[1.323s] -- Found Python3: /usr/bin/python3 (found version "3.10.12") found components: Interpreter 
[1.716s] -- Found rosidl_default_generators: 1.2.0 (/opt/ros/humble/share/rosidl_default_generators/cmake)
[1.788s] -- Using all available rosidl_typesupport_c: rosidl_typesupport_fastrtps_c;rosidl_typesupport_introspection_c
[1.842s] -- Found rosidl_adapter: 3.1.7 (/opt/ros/humble/share/rosidl_adapter/cmake)
[2.066s] -- Using all available rosidl_typesupport_cpp: rosidl_typesupport_fastrtps_cpp;rosidl_typesupport_introspection_cpp
[2.228s] -- Found ament_lint_auto: 0.12.14 (/home/agustin/STM32CubeIDE/workspace_1.19.0/testURosSetup/uros_ws/firmware/dev_ws/install/ament_lint_auto/share/ament_lint_auto/cmake)
[2.910s] -- Found ament_cmake_ros: 0.10.0 (/home/agustin/STM32CubeIDE/workspace_1.19.0/testURosSetup/uros_ws/firmware/dev_ws/install/ament_cmake_ros/share/ament_cmake_ros/cmake)
[3.396s] -- Using all available rosidl_typesupport_c: rosidl_typesupport_fastrtps_c;rosidl_typesupport_introspection_c
[4.030s] -- Using all available rosidl_typesupport_cpp: rosidl_typesupport_fastrtps_cpp;rosidl_typesupport_introspection_cpp
[4.111s] -- Found PythonInterp: /usr/bin/python3 (found suitable version "3.10.12", minimum required is "3.6") 
[4.135s] -- Found python_cmake_module: 0.10.0 (/opt/ros/humble/share/python_cmake_module/cmake)
[4.223s] -- Found PythonLibs: /usr/lib/x86_64-linux-gnu/libpython3.10.so (found suitable version "3.10.12", minimum required is "3.5") 
[4.223s] -- Using PYTHON_EXECUTABLE: /usr/bin/python3
[4.223s] -- Using PYTHON_INCLUDE_DIRS: /usr/include/python3.10
[4.223s] -- Using PYTHON_LIBRARIES: /usr/lib/x86_64-linux-gnu/libpython3.10.so
[4.283s] -- Found PythonExtra: .so  
[4.555s] -- Added test 'copyright' to check source files copyright and LICENSE
[4.597s] -- Added test 'lint_cmake' to check CMake code style
[4.613s] -- Added test 'xmllint' to check XML markup files
[4.633s] -- Configuring done
[4.701s] -- Generating done
[4.720s] -- Build files have been written to: /home/agustin/STM32CubeIDE/workspace_1.19.0/testURosSetup/uros_ws/build/micro_ros_msgs
