Not searching for unused variables given on the command line.
-- The C compiler identification is GNU 8.3.1
-- The CXX compiler identification is GNU 8.3.1
-- Detecting C compiler ABI info
-- Detecting C compiler ABI info - done
-- Check for working C compiler: /home/agustin/STM32CubeIDE/workspace_1.19.0/testURosSetup/uros_ws/firmware/freertos_apps/microros_nucleo_f446re_extensions/../../toolchain/bin/arm-none-eabi-gcc - skipped
-- Detecting C compile features
-- Detecting C compile features - done
-- Detecting CXX compiler ABI info
-- Detecting CXX compiler ABI info - done
-- Check for working CXX compiler: /home/agustin/STM32CubeIDE/workspace_1.19.0/testURosSetup/uros_ws/firmware/freertos_apps/microros_nucleo_f446re_extensions/../../toolchain/bin/arm-none-eabi-g++ - skipped
-- Detecting CXX compile features
-- Detecting CXX compile features - done
-- Found ament_cmake_ros: 0.10.0 (/home/agustin/STM32CubeIDE/workspace_1.19.0/testURosSetup/uros_ws/firmware/dev_ws/install/ament_cmake_ros/share/ament_cmake_ros/cmake)
-- Found Python3: /usr/bin/python3 (found version "3.10.12") found components: Interpreter 
-- Found lifecycle_msgs: 1.2.2 (/home/agustin/STM32CubeIDE/workspace_1.19.0/testURosSetup/uros_ws/firmware/mcu_ws/install/lifecycle_msgs/share/lifecycle_msgs/cmake)
-- Using all available rosidl_typesupport_c: rosidl_typesupport_microxrcedds_c;rosidl_typesupport_introspection_c
-- Found rosidl_adapter: 3.1.7 (/home/agustin/STM32CubeIDE/workspace_1.19.0/testURosSetup/uros_ws/firmware/mcu_ws/install/rosidl_adapter/share/rosidl_adapter/cmake)
-- Found rcl: 5.3.9 (/home/agustin/STM32CubeIDE/workspace_1.19.0/testURosSetup/uros_ws/firmware/mcu_ws/install/rcl/share/rcl/cmake)
-- Found rmw_implementation_cmake: 6.1.2 (/home/agustin/STM32CubeIDE/workspace_1.19.0/testURosSetup/uros_ws/firmware/mcu_ws/install/rmw_implementation_cmake/share/rmw_implementation_cmake/cmake)
-- Found rmw_microxrcedds: 3.0.3 (/home/agustin/STM32CubeIDE/workspace_1.19.0/testURosSetup/uros_ws/firmware/mcu_ws/install/rmw_microxrcedds/share/rmw_microxrcedds/cmake)
-- Using RMW implementation 'rmw_microxrcedds'
-- Configuring done
-- Generating done
-- Build files have been written to: /home/agustin/STM32CubeIDE/workspace_1.19.0/testURosSetup/uros_ws/firmware/mcu_ws/build/rcl_lifecycle
gmake[1]: se entra en el directorio '/home/agustin/STM32CubeIDE/workspace_1.19.0/testURosSetup/uros_ws/firmware/mcu_ws/build/rcl_lifecycle'
/usr/bin/cmake -S/home/agustin/STM32CubeIDE/workspace_1.19.0/testURosSetup/uros_ws/firmware/mcu_ws/uros/rcl/rcl_lifecycle -B/home/agustin/STM32CubeIDE/workspace_1.19.0/testURosSetup/uros_ws/firmware/mcu_ws/build/rcl_lifecycle --check-build-system CMakeFiles/Makefile.cmake 0
/usr/bin/cmake -E cmake_progress_start /home/agustin/STM32CubeIDE/workspace_1.19.0/testURosSetup/uros_ws/firmware/mcu_ws/build/rcl_lifecycle/CMakeFiles /home/agustin/STM32CubeIDE/workspace_1.19.0/testURosSetup/uros_ws/firmware/mcu_ws/build/rcl_lifecycle//CMakeFiles/progress.marks
/usr/bin/gmake  -f CMakeFiles/Makefile2 all
gmake[2]: se entra en el directorio '/home/agustin/STM32CubeIDE/workspace_1.19.0/testURosSetup/uros_ws/firmware/mcu_ws/build/rcl_lifecycle'
/usr/bin/gmake  -f CMakeFiles/ament_generate_version_header__rcl_lifecycle.dir/build.make CMakeFiles/ament_generate_version_header__rcl_lifecycle.dir/depend
gmake[3]: se entra en el directorio '/home/agustin/STM32CubeIDE/workspace_1.19.0/testURosSetup/uros_ws/firmware/mcu_ws/build/rcl_lifecycle'
cd /home/agustin/STM32CubeIDE/workspace_1.19.0/testURosSetup/uros_ws/firmware/mcu_ws/build/rcl_lifecycle && /usr/bin/cmake -E cmake_depends "Unix Makefiles" /home/agustin/STM32CubeIDE/workspace_1.19.0/testURosSetup/uros_ws/firmware/mcu_ws/uros/rcl/rcl_lifecycle /home/agustin/STM32CubeIDE/workspace_1.19.0/testURosSetup/uros_ws/firmware/mcu_ws/uros/rcl/rcl_lifecycle /home/agustin/STM32CubeIDE/workspace_1.19.0/testURosSetup/uros_ws/firmware/mcu_ws/build/rcl_lifecycle /home/agustin/STM32CubeIDE/workspace_1.19.0/testURosSetup/uros_ws/firmware/mcu_ws/build/rcl_lifecycle /home/agustin/STM32CubeIDE/workspace_1.19.0/testURosSetup/uros_ws/firmware/mcu_ws/build/rcl_lifecycle/CMakeFiles/ament_generate_version_header__rcl_lifecycle.dir/DependInfo.cmake --color=
gmake[3]: se sale del directorio '/home/agustin/STM32CubeIDE/workspace_1.19.0/testURosSetup/uros_ws/firmware/mcu_ws/build/rcl_lifecycle'
/usr/bin/gmake  -f CMakeFiles/ament_generate_version_header__rcl_lifecycle.dir/build.make CMakeFiles/ament_generate_version_header__rcl_lifecycle.dir/build
gmake[3]: se entra en el directorio '/home/agustin/STM32CubeIDE/workspace_1.19.0/testURosSetup/uros_ws/firmware/mcu_ws/build/rcl_lifecycle'
[ 16%] [34m[1mGenerating rcl_lifecycle/version.h[0m
/usr/bin/cmake -P /home/agustin/STM32CubeIDE/workspace_1.19.0/testURosSetup/uros_ws/firmware/mcu_ws/build/rcl_lifecycle/ament_generate_version_header/rcl_lifecycle/generate_version_header.cmake
gmake[3]: se sale del directorio '/home/agustin/STM32CubeIDE/workspace_1.19.0/testURosSetup/uros_ws/firmware/mcu_ws/build/rcl_lifecycle'
[ 16%] Built target ament_generate_version_header__rcl_lifecycle
/usr/bin/gmake  -f CMakeFiles/rcl_lifecycle.dir/build.make CMakeFiles/rcl_lifecycle.dir/depend
gmake[3]: se entra en el directorio '/home/agustin/STM32CubeIDE/workspace_1.19.0/testURosSetup/uros_ws/firmware/mcu_ws/build/rcl_lifecycle'
cd /home/agustin/STM32CubeIDE/workspace_1.19.0/testURosSetup/uros_ws/firmware/mcu_ws/build/rcl_lifecycle && /usr/bin/cmake -E cmake_depends "Unix Makefiles" /home/agustin/STM32CubeIDE/workspace_1.19.0/testURosSetup/uros_ws/firmware/mcu_ws/uros/rcl/rcl_lifecycle /home/agustin/STM32CubeIDE/workspace_1.19.0/testURosSetup/uros_ws/firmware/mcu_ws/uros/rcl/rcl_lifecycle /home/agustin/STM32CubeIDE/workspace_1.19.0/testURosSetup/uros_ws/firmware/mcu_ws/build/rcl_lifecycle /home/agustin/STM32CubeIDE/workspace_1.19.0/testURosSetup/uros_ws/firmware/mcu_ws/build/rcl_lifecycle /home/agustin/STM32CubeIDE/workspace_1.19.0/testURosSetup/uros_ws/firmware/mcu_ws/build/rcl_lifecycle/CMakeFiles/rcl_lifecycle.dir/DependInfo.cmake --color=
gmake[3]: se sale del directorio '/home/agustin/STM32CubeIDE/workspace_1.19.0/testURosSetup/uros_ws/firmware/mcu_ws/build/rcl_lifecycle'
/usr/bin/gmake  -f CMakeFiles/rcl_lifecycle.dir/build.make CMakeFiles/rcl_lifecycle.dir/build
gmake[3]: se entra en el directorio '/home/agustin/STM32CubeIDE/workspace_1.19.0/testURosSetup/uros_ws/firmware/mcu_ws/build/rcl_lifecycle'
[ 33%] [32mBuilding C object CMakeFiles/rcl_lifecycle.dir/src/com_interface.c.obj[0m
/home/agustin/STM32CubeIDE/workspace_1.19.0/testURosSetup/uros_ws/firmware/freertos_apps/microros_nucleo_f446re_extensions/../../toolchain/bin/arm-none-eabi-gcc -DRCL_LIFECYCLE_BUILDING_DLL -DROS_PACKAGE_NAME=\"rcl_lifecycle\" -I/home/agustin/STM32CubeIDE/workspace_1.19.0/testURosSetup/uros_ws/firmware/mcu_ws/uros/rcl/rcl_lifecycle/include -I/home/agustin/STM32CubeIDE/workspace_1.19.0/testURosSetup/uros_ws/firmware/mcu_ws/build/rcl_lifecycle/ament_generate_version_header/rcl_lifecycle -isystem /home/agustin/STM32CubeIDE/workspace_1.19.0/testURosSetup/uros_ws/firmware/mcu_ws/install/rcl/include/rcl -isystem /home/agustin/STM32CubeIDE/workspace_1.19.0/testURosSetup/uros_ws/firmware/mcu_ws/install/lifecycle_msgs/include/lifecycle_msgs -isystem /home/agustin/STM32CubeIDE/workspace_1.19.0/testURosSetup/uros_ws/firmware/mcu_ws/install/rosidl_runtime_c/include/rosidl_runtime_c -isystem /home/agustin/STM32CubeIDE/workspace_1.19.0/testURosSetup/uros_ws/firmware/mcu_ws/install/tracetools/include/tracetools -isystem /home/agustin/STM32CubeIDE/workspace_1.19.0/testURosSetup/uros_ws/firmware/mcu_ws/install/rcutils/include/rcutils -isystem /home/agustin/STM32CubeIDE/workspace_1.19.0/testURosSetup/uros_ws/firmware/mcu_ws/install/rosidl_typesupport_interface/include/rosidl_typesupport_interface -isystem /home/agustin/STM32CubeIDE/workspace_1.19.0/testURosSetup/uros_ws/firmware/mcu_ws/install/rosidl_typesupport_introspection_c/include/rosidl_typesupport_introspection_c -isystem /home/agustin/STM32CubeIDE/workspace_1.19.0/testURosSetup/uros_ws/firmware/mcu_ws/install/rcl_interfaces/include/rcl_interfaces -isystem /home/agustin/STM32CubeIDE/workspace_1.19.0/testURosSetup/uros_ws/firmware/mcu_ws/install/builtin_interfaces/include/builtin_interfaces -isystem /home/agustin/STM32CubeIDE/workspace_1.19.0/testURosSetup/uros_ws/firmware/mcu_ws/install/rcl_logging_interface/include/rcl_logging_interface -isystem /home/agustin/STM32CubeIDE/workspace_1.19.0/testURosSetup/uros_ws/firmware/mcu_ws/install/rmw/include/rmw -isystem /home/agustin/STM32CubeIDE/workspace_1.19.0/testURosSetup/uros_ws/firmware/mcu_ws/install/rmw_microxrcedds/include -isystem /home/agustin/STM32CubeIDE/workspace_1.19.0/testURosSetup/uros_ws/firmware/mcu_ws/install/microxrcedds_client/include -isystem /home/agustin/STM32CubeIDE/workspace_1.19.0/testURosSetup/uros_ws/firmware/mcu_ws/install/microcdr/include -isystem /home/agustin/STM32CubeIDE/workspace_1.19.0/testURosSetup/uros_ws/firmware/mcu_ws/install/rosidl_typesupport_microxrcedds_c/include -std=c11 -mcpu=cortex-m4 -mthumb -mfpu=fpv4-sp-d16 -mfloat-abi=hard -DUSE_HAL_DRIVER -DSTM32F446xx -D_TIMEVAL_DEFINE -O0 -Wall -fdata-sections -ffunction-sections  -DCLOCK_MONOTONIC=0 -g -fvisibility=hidden -Wall -Wextra -Wpedantic -Wformat=2 -Wconversion -Wshadow -Wsign-conversion -MD -MT CMakeFiles/rcl_lifecycle.dir/src/com_interface.c.obj -MF CMakeFiles/rcl_lifecycle.dir/src/com_interface.c.obj.d -o CMakeFiles/rcl_lifecycle.dir/src/com_interface.c.obj -c /home/agustin/STM32CubeIDE/workspace_1.19.0/testURosSetup/uros_ws/firmware/mcu_ws/uros/rcl/rcl_lifecycle/src/com_interface.c
[ 50%] [32mBuilding C object CMakeFiles/rcl_lifecycle.dir/src/transition_map.c.obj[0m
/home/agustin/STM32CubeIDE/workspace_1.19.0/testURosSetup/uros_ws/firmware/freertos_apps/microros_nucleo_f446re_extensions/../../toolchain/bin/arm-none-eabi-gcc -DRCL_LIFECYCLE_BUILDING_DLL -DROS_PACKAGE_NAME=\"rcl_lifecycle\" -I/home/agustin/STM32CubeIDE/workspace_1.19.0/testURosSetup/uros_ws/firmware/mcu_ws/uros/rcl/rcl_lifecycle/include -I/home/agustin/STM32CubeIDE/workspace_1.19.0/testURosSetup/uros_ws/firmware/mcu_ws/build/rcl_lifecycle/ament_generate_version_header/rcl_lifecycle -isystem /home/agustin/STM32CubeIDE/workspace_1.19.0/testURosSetup/uros_ws/firmware/mcu_ws/install/rcl/include/rcl -isystem /home/agustin/STM32CubeIDE/workspace_1.19.0/testURosSetup/uros_ws/firmware/mcu_ws/install/lifecycle_msgs/include/lifecycle_msgs -isystem /home/agustin/STM32CubeIDE/workspace_1.19.0/testURosSetup/uros_ws/firmware/mcu_ws/install/rosidl_runtime_c/include/rosidl_runtime_c -isystem /home/agustin/STM32CubeIDE/workspace_1.19.0/testURosSetup/uros_ws/firmware/mcu_ws/install/tracetools/include/tracetools -isystem /home/agustin/STM32CubeIDE/workspace_1.19.0/testURosSetup/uros_ws/firmware/mcu_ws/install/rcutils/include/rcutils -isystem /home/agustin/STM32CubeIDE/workspace_1.19.0/testURosSetup/uros_ws/firmware/mcu_ws/install/rosidl_typesupport_interface/include/rosidl_typesupport_interface -isystem /home/agustin/STM32CubeIDE/workspace_1.19.0/testURosSetup/uros_ws/firmware/mcu_ws/install/rosidl_typesupport_introspection_c/include/rosidl_typesupport_introspection_c -isystem /home/agustin/STM32CubeIDE/workspace_1.19.0/testURosSetup/uros_ws/firmware/mcu_ws/install/rcl_interfaces/include/rcl_interfaces -isystem /home/agustin/STM32CubeIDE/workspace_1.19.0/testURosSetup/uros_ws/firmware/mcu_ws/install/builtin_interfaces/include/builtin_interfaces -isystem /home/agustin/STM32CubeIDE/workspace_1.19.0/testURosSetup/uros_ws/firmware/mcu_ws/install/rcl_logging_interface/include/rcl_logging_interface -isystem /home/agustin/STM32CubeIDE/workspace_1.19.0/testURosSetup/uros_ws/firmware/mcu_ws/install/rmw/include/rmw -isystem /home/agustin/STM32CubeIDE/workspace_1.19.0/testURosSetup/uros_ws/firmware/mcu_ws/install/rmw_microxrcedds/include -isystem /home/agustin/STM32CubeIDE/workspace_1.19.0/testURosSetup/uros_ws/firmware/mcu_ws/install/microxrcedds_client/include -isystem /home/agustin/STM32CubeIDE/workspace_1.19.0/testURosSetup/uros_ws/firmware/mcu_ws/install/microcdr/include -isystem /home/agustin/STM32CubeIDE/workspace_1.19.0/testURosSetup/uros_ws/firmware/mcu_ws/install/rosidl_typesupport_microxrcedds_c/include -std=c11 -mcpu=cortex-m4 -mthumb -mfpu=fpv4-sp-d16 -mfloat-abi=hard -DUSE_HAL_DRIVER -DSTM32F446xx -D_TIMEVAL_DEFINE -O0 -Wall -fdata-sections -ffunction-sections  -DCLOCK_MONOTONIC=0 -g -fvisibility=hidden -Wall -Wextra -Wpedantic -Wformat=2 -Wconversion -Wshadow -Wsign-conversion -MD -MT CMakeFiles/rcl_lifecycle.dir/src/transition_map.c.obj -MF CMakeFiles/rcl_lifecycle.dir/src/transition_map.c.obj.d -o CMakeFiles/rcl_lifecycle.dir/src/transition_map.c.obj -c /home/agustin/STM32CubeIDE/workspace_1.19.0/testURosSetup/uros_ws/firmware/mcu_ws/uros/rcl/rcl_lifecycle/src/transition_map.c
[ 66%] [32mBuilding C object CMakeFiles/rcl_lifecycle.dir/src/rcl_lifecycle.c.obj[0m
/home/agustin/STM32CubeIDE/workspace_1.19.0/testURosSetup/uros_ws/firmware/freertos_apps/microros_nucleo_f446re_extensions/../../toolchain/bin/arm-none-eabi-gcc -DRCL_LIFECYCLE_BUILDING_DLL -DROS_PACKAGE_NAME=\"rcl_lifecycle\" -I/home/agustin/STM32CubeIDE/workspace_1.19.0/testURosSetup/uros_ws/firmware/mcu_ws/uros/rcl/rcl_lifecycle/include -I/home/agustin/STM32CubeIDE/workspace_1.19.0/testURosSetup/uros_ws/firmware/mcu_ws/build/rcl_lifecycle/ament_generate_version_header/rcl_lifecycle -isystem /home/agustin/STM32CubeIDE/workspace_1.19.0/testURosSetup/uros_ws/firmware/mcu_ws/install/rcl/include/rcl -isystem /home/agustin/STM32CubeIDE/workspace_1.19.0/testURosSetup/uros_ws/firmware/mcu_ws/install/lifecycle_msgs/include/lifecycle_msgs -isystem /home/agustin/STM32CubeIDE/workspace_1.19.0/testURosSetup/uros_ws/firmware/mcu_ws/install/rosidl_runtime_c/include/rosidl_runtime_c -isystem /home/agustin/STM32CubeIDE/workspace_1.19.0/testURosSetup/uros_ws/firmware/mcu_ws/install/tracetools/include/tracetools -isystem /home/agustin/STM32CubeIDE/workspace_1.19.0/testURosSetup/uros_ws/firmware/mcu_ws/install/rcutils/include/rcutils -isystem /home/agustin/STM32CubeIDE/workspace_1.19.0/testURosSetup/uros_ws/firmware/mcu_ws/install/rosidl_typesupport_interface/include/rosidl_typesupport_interface -isystem /home/agustin/STM32CubeIDE/workspace_1.19.0/testURosSetup/uros_ws/firmware/mcu_ws/install/rosidl_typesupport_introspection_c/include/rosidl_typesupport_introspection_c -isystem /home/agustin/STM32CubeIDE/workspace_1.19.0/testURosSetup/uros_ws/firmware/mcu_ws/install/rcl_interfaces/include/rcl_interfaces -isystem /home/agustin/STM32CubeIDE/workspace_1.19.0/testURosSetup/uros_ws/firmware/mcu_ws/install/builtin_interfaces/include/builtin_interfaces -isystem /home/agustin/STM32CubeIDE/workspace_1.19.0/testURosSetup/uros_ws/firmware/mcu_ws/install/rcl_logging_interface/include/rcl_logging_interface -isystem /home/agustin/STM32CubeIDE/workspace_1.19.0/testURosSetup/uros_ws/firmware/mcu_ws/install/rmw/include/rmw -isystem /home/agustin/STM32CubeIDE/workspace_1.19.0/testURosSetup/uros_ws/firmware/mcu_ws/install/rmw_microxrcedds/include -isystem /home/agustin/STM32CubeIDE/workspace_1.19.0/testURosSetup/uros_ws/firmware/mcu_ws/install/microxrcedds_client/include -isystem /home/agustin/STM32CubeIDE/workspace_1.19.0/testURosSetup/uros_ws/firmware/mcu_ws/install/microcdr/include -isystem /home/agustin/STM32CubeIDE/workspace_1.19.0/testURosSetup/uros_ws/firmware/mcu_ws/install/rosidl_typesupport_microxrcedds_c/include -std=c11 -mcpu=cortex-m4 -mthumb -mfpu=fpv4-sp-d16 -mfloat-abi=hard -DUSE_HAL_DRIVER -DSTM32F446xx -D_TIMEVAL_DEFINE -O0 -Wall -fdata-sections -ffunction-sections  -DCLOCK_MONOTONIC=0 -g -fvisibility=hidden -Wall -Wextra -Wpedantic -Wformat=2 -Wconversion -Wshadow -Wsign-conversion -MD -MT CMakeFiles/rcl_lifecycle.dir/src/rcl_lifecycle.c.obj -MF CMakeFiles/rcl_lifecycle.dir/src/rcl_lifecycle.c.obj.d -o CMakeFiles/rcl_lifecycle.dir/src/rcl_lifecycle.c.obj -c /home/agustin/STM32CubeIDE/workspace_1.19.0/testURosSetup/uros_ws/firmware/mcu_ws/uros/rcl/rcl_lifecycle/src/rcl_lifecycle.c
[01m[K/home/agustin/STM32CubeIDE/workspace_1.19.0/testURosSetup/uros_ws/firmware/mcu_ws/uros/rcl/rcl_lifecycle/src/rcl_lifecycle.c:[m[K In function '[01m[Krcl_lifecycle_state_machine_fini[m[K':
[01m[K/home/agustin/STM32CubeIDE/workspace_1.19.0/testURosSetup/uros_ws/firmware/mcu_ws/uros/rcl/rcl_lifecycle/src/rcl_lifecycle.c:265:24:[m[K [01;35m[Kwarning: [m[Kunused variable '[01m[Kerror_string[m[K' [[01;35m[K-Wunused-variable[m[K]
     rcl_error_string_t [01;35m[Kerror_string[m[K = rcl_get_error_string();
                        [01;35m[K^~~~~~~~~~~~[m[K
[01m[K/home/agustin/STM32CubeIDE/workspace_1.19.0/testURosSetup/uros_ws/firmware/mcu_ws/uros/rcl/rcl_lifecycle/src/rcl_lifecycle.c:275:24:[m[K [01;35m[Kwarning: [m[Kunused variable '[01m[Kerror_string[m[K' [[01;35m[K-Wunused-variable[m[K]
     rcl_error_string_t [01;35m[Kerror_string[m[K = rcl_get_error_string();
                        [01;35m[K^~~~~~~~~~~~[m[K
[01m[K/home/agustin/STM32CubeIDE/workspace_1.19.0/testURosSetup/uros_ws/firmware/mcu_ws/uros/rcl/rcl_lifecycle/src/rcl_lifecycle.c:[m[K In function '[01m[K_trigger_transition[m[K':
[01m[K/home/agustin/STM32CubeIDE/workspace_1.19.0/testURosSetup/uros_ws/firmware/mcu_ws/uros/rcl/rcl_lifecycle/src/rcl_lifecycle.c:366:26:[m[K [01;35m[Kwarning: [m[Kunused variable '[01m[Kerror_string[m[K' [[01;35m[K-Wunused-variable[m[K]
       rcl_error_string_t [01;35m[Kerror_string[m[K = rcl_get_error_string();
                          [01;35m[K^~~~~~~~~~~~[m[K
[ 83%] [32mBuilding C object CMakeFiles/rcl_lifecycle.dir/src/default_state_machine.c.obj[0m
/home/agustin/STM32CubeIDE/workspace_1.19.0/testURosSetup/uros_ws/firmware/freertos_apps/microros_nucleo_f446re_extensions/../../toolchain/bin/arm-none-eabi-gcc -DRCL_LIFECYCLE_BUILDING_DLL -DROS_PACKAGE_NAME=\"rcl_lifecycle\" -I/home/agustin/STM32CubeIDE/workspace_1.19.0/testURosSetup/uros_ws/firmware/mcu_ws/uros/rcl/rcl_lifecycle/include -I/home/agustin/STM32CubeIDE/workspace_1.19.0/testURosSetup/uros_ws/firmware/mcu_ws/build/rcl_lifecycle/ament_generate_version_header/rcl_lifecycle -isystem /home/agustin/STM32CubeIDE/workspace_1.19.0/testURosSetup/uros_ws/firmware/mcu_ws/install/rcl/include/rcl -isystem /home/agustin/STM32CubeIDE/workspace_1.19.0/testURosSetup/uros_ws/firmware/mcu_ws/install/lifecycle_msgs/include/lifecycle_msgs -isystem /home/agustin/STM32CubeIDE/workspace_1.19.0/testURosSetup/uros_ws/firmware/mcu_ws/install/rosidl_runtime_c/include/rosidl_runtime_c -isystem /home/agustin/STM32CubeIDE/workspace_1.19.0/testURosSetup/uros_ws/firmware/mcu_ws/install/tracetools/include/tracetools -isystem /home/agustin/STM32CubeIDE/workspace_1.19.0/testURosSetup/uros_ws/firmware/mcu_ws/install/rcutils/include/rcutils -isystem /home/agustin/STM32CubeIDE/workspace_1.19.0/testURosSetup/uros_ws/firmware/mcu_ws/install/rosidl_typesupport_interface/include/rosidl_typesupport_interface -isystem /home/agustin/STM32CubeIDE/workspace_1.19.0/testURosSetup/uros_ws/firmware/mcu_ws/install/rosidl_typesupport_introspection_c/include/rosidl_typesupport_introspection_c -isystem /home/agustin/STM32CubeIDE/workspace_1.19.0/testURosSetup/uros_ws/firmware/mcu_ws/install/rcl_interfaces/include/rcl_interfaces -isystem /home/agustin/STM32CubeIDE/workspace_1.19.0/testURosSetup/uros_ws/firmware/mcu_ws/install/builtin_interfaces/include/builtin_interfaces -isystem /home/agustin/STM32CubeIDE/workspace_1.19.0/testURosSetup/uros_ws/firmware/mcu_ws/install/rcl_logging_interface/include/rcl_logging_interface -isystem /home/agustin/STM32CubeIDE/workspace_1.19.0/testURosSetup/uros_ws/firmware/mcu_ws/install/rmw/include/rmw -isystem /home/agustin/STM32CubeIDE/workspace_1.19.0/testURosSetup/uros_ws/firmware/mcu_ws/install/rmw_microxrcedds/include -isystem /home/agustin/STM32CubeIDE/workspace_1.19.0/testURosSetup/uros_ws/firmware/mcu_ws/install/microxrcedds_client/include -isystem /home/agustin/STM32CubeIDE/workspace_1.19.0/testURosSetup/uros_ws/firmware/mcu_ws/install/microcdr/include -isystem /home/agustin/STM32CubeIDE/workspace_1.19.0/testURosSetup/uros_ws/firmware/mcu_ws/install/rosidl_typesupport_microxrcedds_c/include -std=c11 -mcpu=cortex-m4 -mthumb -mfpu=fpv4-sp-d16 -mfloat-abi=hard -DUSE_HAL_DRIVER -DSTM32F446xx -D_TIMEVAL_DEFINE -O0 -Wall -fdata-sections -ffunction-sections  -DCLOCK_MONOTONIC=0 -g -fvisibility=hidden -Wall -Wextra -Wpedantic -Wformat=2 -Wconversion -Wshadow -Wsign-conversion -MD -MT CMakeFiles/rcl_lifecycle.dir/src/default_state_machine.c.obj -MF CMakeFiles/rcl_lifecycle.dir/src/default_state_machine.c.obj.d -o CMakeFiles/rcl_lifecycle.dir/src/default_state_machine.c.obj -c /home/agustin/STM32CubeIDE/workspace_1.19.0/testURosSetup/uros_ws/firmware/mcu_ws/uros/rcl/rcl_lifecycle/src/default_state_machine.c
[100%] [32m[1mLinking CXX static library librcl_lifecycle.a[0m
/usr/bin/cmake -P CMakeFiles/rcl_lifecycle.dir/cmake_clean_target.cmake
/usr/bin/cmake -E cmake_link_script CMakeFiles/rcl_lifecycle.dir/link.txt --verbose=1
/home/agustin/STM32CubeIDE/workspace_1.19.0/testURosSetup/uros_ws/firmware/toolchain/bin/arm-none-eabi-ar qc librcl_lifecycle.a CMakeFiles/rcl_lifecycle.dir/src/com_interface.c.obj CMakeFiles/rcl_lifecycle.dir/src/default_state_machine.c.obj CMakeFiles/rcl_lifecycle.dir/src/rcl_lifecycle.c.obj CMakeFiles/rcl_lifecycle.dir/src/transition_map.c.obj
/home/agustin/STM32CubeIDE/workspace_1.19.0/testURosSetup/uros_ws/firmware/toolchain/bin/arm-none-eabi-ranlib librcl_lifecycle.a
gmake[3]: se sale del directorio '/home/agustin/STM32CubeIDE/workspace_1.19.0/testURosSetup/uros_ws/firmware/mcu_ws/build/rcl_lifecycle'
[100%] Built target rcl_lifecycle
gmake[2]: se sale del directorio '/home/agustin/STM32CubeIDE/workspace_1.19.0/testURosSetup/uros_ws/firmware/mcu_ws/build/rcl_lifecycle'
/usr/bin/cmake -E cmake_progress_start /home/agustin/STM32CubeIDE/workspace_1.19.0/testURosSetup/uros_ws/firmware/mcu_ws/build/rcl_lifecycle/CMakeFiles 0
gmake[1]: se sale del directorio '/home/agustin/STM32CubeIDE/workspace_1.19.0/testURosSetup/uros_ws/firmware/mcu_ws/build/rcl_lifecycle'
-- Install configuration: "Debug"
-- Installing: /home/agustin/STM32CubeIDE/workspace_1.19.0/testURosSetup/uros_ws/firmware/mcu_ws/install/rcl_lifecycle/lib/librcl_lifecycle.a
-- Installing: /home/agustin/STM32CubeIDE/workspace_1.19.0/testURosSetup/uros_ws/firmware/mcu_ws/install/rcl_lifecycle/share/rcl_lifecycle/environment/library_path.sh
-- Installing: /home/agustin/STM32CubeIDE/workspace_1.19.0/testURosSetup/uros_ws/firmware/mcu_ws/install/rcl_lifecycle/share/rcl_lifecycle/environment/library_path.dsv
-- Installing: /home/agustin/STM32CubeIDE/workspace_1.19.0/testURosSetup/uros_ws/firmware/mcu_ws/install/rcl_lifecycle/include/rcl_lifecycle/rcl_lifecycle/version.h
-- Installing: /home/agustin/STM32CubeIDE/workspace_1.19.0/testURosSetup/uros_ws/firmware/mcu_ws/install/rcl_lifecycle/share/ament_index/resource_index/package_run_dependencies/rcl_lifecycle
-- Installing: /home/agustin/STM32CubeIDE/workspace_1.19.0/testURosSetup/uros_ws/firmware/mcu_ws/install/rcl_lifecycle/share/ament_index/resource_index/parent_prefix_path/rcl_lifecycle
-- Installing: /home/agustin/STM32CubeIDE/workspace_1.19.0/testURosSetup/uros_ws/firmware/mcu_ws/install/rcl_lifecycle/share/rcl_lifecycle/environment/ament_prefix_path.sh
-- Installing: /home/agustin/STM32CubeIDE/workspace_1.19.0/testURosSetup/uros_ws/firmware/mcu_ws/install/rcl_lifecycle/share/rcl_lifecycle/environment/ament_prefix_path.dsv
-- Installing: /home/agustin/STM32CubeIDE/workspace_1.19.0/testURosSetup/uros_ws/firmware/mcu_ws/install/rcl_lifecycle/share/rcl_lifecycle/environment/path.sh
-- Installing: /home/agustin/STM32CubeIDE/workspace_1.19.0/testURosSetup/uros_ws/firmware/mcu_ws/install/rcl_lifecycle/share/rcl_lifecycle/environment/path.dsv
-- Installing: /home/agustin/STM32CubeIDE/workspace_1.19.0/testURosSetup/uros_ws/firmware/mcu_ws/install/rcl_lifecycle/share/rcl_lifecycle/local_setup.bash
-- Installing: /home/agustin/STM32CubeIDE/workspace_1.19.0/testURosSetup/uros_ws/firmware/mcu_ws/install/rcl_lifecycle/share/rcl_lifecycle/local_setup.sh
-- Installing: /home/agustin/STM32CubeIDE/workspace_1.19.0/testURosSetup/uros_ws/firmware/mcu_ws/install/rcl_lifecycle/share/rcl_lifecycle/local_setup.zsh
-- Installing: /home/agustin/STM32CubeIDE/workspace_1.19.0/testURosSetup/uros_ws/firmware/mcu_ws/install/rcl_lifecycle/share/rcl_lifecycle/local_setup.dsv
-- Installing: /home/agustin/STM32CubeIDE/workspace_1.19.0/testURosSetup/uros_ws/firmware/mcu_ws/install/rcl_lifecycle/share/rcl_lifecycle/package.dsv
-- Installing: /home/agustin/STM32CubeIDE/workspace_1.19.0/testURosSetup/uros_ws/firmware/mcu_ws/install/rcl_lifecycle/share/ament_index/resource_index/packages/rcl_lifecycle
-- Installing: /home/agustin/STM32CubeIDE/workspace_1.19.0/testURosSetup/uros_ws/firmware/mcu_ws/install/rcl_lifecycle/share/rcl_lifecycle/cmake/rcl_lifecycleExport.cmake
-- Installing: /home/agustin/STM32CubeIDE/workspace_1.19.0/testURosSetup/uros_ws/firmware/mcu_ws/install/rcl_lifecycle/share/rcl_lifecycle/cmake/rcl_lifecycleExport-debug.cmake
-- Installing: /home/agustin/STM32CubeIDE/workspace_1.19.0/testURosSetup/uros_ws/firmware/mcu_ws/install/rcl_lifecycle/share/rcl_lifecycle/cmake/ament_cmake_export_include_directories-extras.cmake
-- Installing: /home/agustin/STM32CubeIDE/workspace_1.19.0/testURosSetup/uros_ws/firmware/mcu_ws/install/rcl_lifecycle/share/rcl_lifecycle/cmake/ament_cmake_export_libraries-extras.cmake
-- Installing: /home/agustin/STM32CubeIDE/workspace_1.19.0/testURosSetup/uros_ws/firmware/mcu_ws/install/rcl_lifecycle/share/rcl_lifecycle/cmake/ament_cmake_export_targets-extras.cmake
-- Installing: /home/agustin/STM32CubeIDE/workspace_1.19.0/testURosSetup/uros_ws/firmware/mcu_ws/install/rcl_lifecycle/share/rcl_lifecycle/cmake/ament_cmake_export_dependencies-extras.cmake
-- Installing: /home/agustin/STM32CubeIDE/workspace_1.19.0/testURosSetup/uros_ws/firmware/mcu_ws/install/rcl_lifecycle/share/rcl_lifecycle/cmake/rcl_lifecycleConfig.cmake
-- Installing: /home/agustin/STM32CubeIDE/workspace_1.19.0/testURosSetup/uros_ws/firmware/mcu_ws/install/rcl_lifecycle/share/rcl_lifecycle/cmake/rcl_lifecycleConfig-version.cmake
-- Installing: /home/agustin/STM32CubeIDE/workspace_1.19.0/testURosSetup/uros_ws/firmware/mcu_ws/install/rcl_lifecycle/share/rcl_lifecycle/package.xml
-- Up-to-date: /home/agustin/STM32CubeIDE/workspace_1.19.0/testURosSetup/uros_ws/firmware/mcu_ws/install/rcl_lifecycle/include/rcl_lifecycle
-- Up-to-date: /home/agustin/STM32CubeIDE/workspace_1.19.0/testURosSetup/uros_ws/firmware/mcu_ws/install/rcl_lifecycle/include/rcl_lifecycle/rcl_lifecycle
-- Installing: /home/agustin/STM32CubeIDE/workspace_1.19.0/testURosSetup/uros_ws/firmware/mcu_ws/install/rcl_lifecycle/include/rcl_lifecycle/rcl_lifecycle/data_types.h
-- Installing: /home/agustin/STM32CubeIDE/workspace_1.19.0/testURosSetup/uros_ws/firmware/mcu_ws/install/rcl_lifecycle/include/rcl_lifecycle/rcl_lifecycle/transition_map.h
-- Installing: /home/agustin/STM32CubeIDE/workspace_1.19.0/testURosSetup/uros_ws/firmware/mcu_ws/install/rcl_lifecycle/include/rcl_lifecycle/rcl_lifecycle/default_state_machine.h
-- Installing: /home/agustin/STM32CubeIDE/workspace_1.19.0/testURosSetup/uros_ws/firmware/mcu_ws/install/rcl_lifecycle/include/rcl_lifecycle/rcl_lifecycle/rcl_lifecycle.h
-- Installing: /home/agustin/STM32CubeIDE/workspace_1.19.0/testURosSetup/uros_ws/firmware/mcu_ws/install/rcl_lifecycle/include/rcl_lifecycle/rcl_lifecycle/visibility_control.h
