[0.219s] DEBUG:colcon:Command line arguments: ['/usr/bin/colcon', 'build', '--packages-select', 'extra_interfaces']
[0.219s] DEBUG:colcon:Parsed command line arguments: Namespace(log_base=None, log_level=None, verb_name='build', build_base='build', install_base='install', merge_install=False, symlink_install=False, test_result_base=None, continue_on_error=False, executor='parallel', parallel_workers=4, event_handlers=None, ignore_user_meta=False, metas=['./colcon.meta'], base_paths=['.'], packages_ignore=None, packages_ignore_regex=None, paths=None, packages_up_to=None, packages_up_to_regex=None, packages_above=None, packages_above_and_dependencies=None, packages_above_depth=None, packages_select_by_dep=None, packages_skip_by_dep=None, packages_skip_up_to=None, packages_select_build_failed=False, packages_skip_build_finished=False, packages_select_test_failures=False, packages_skip_test_passed=False, packages_select=['extra_interfaces'], packages_skip=None, packages_select_regex=None, packages_skip_regex=None, packages_start=None, packages_end=None, allow_overriding=[], cmake_args=None, cmake_target=None, cmake_target_skip_unavailable=False, cmake_clean_cache=False, cmake_clean_first=False, cmake_force_configure=False, ament_cmake_args=None, catkin_cmake_args=None, catkin_skip_building_tests=False, mixin_files=None, mixin=None, verb_parser=<colcon_mixin.mixin.mixin_argument.MixinArgumentDecorator object at 0x70739b490490>, verb_extension=<colcon_core.verb.build.BuildVerb object at 0x70739b45fee0>, main=<bound method BuildVerb.main of <colcon_core.verb.build.BuildVerb object at 0x70739b45fee0>>, mixin_verb=('build',))
[0.543s] Level 1:colcon.colcon_core.package_discovery:discover_packages(colcon_meta) check parameters
[0.543s] Level 1:colcon.colcon_core.package_discovery:discover_packages(recursive) check parameters
[0.543s] Level 1:colcon.colcon_core.package_discovery:discover_packages(ignore) check parameters
[0.543s] Level 1:colcon.colcon_core.package_discovery:discover_packages(path) check parameters
[0.543s] Level 1:colcon.colcon_core.package_discovery:discover_packages(colcon_meta) discover
[0.543s] Level 1:colcon.colcon_core.package_discovery:discover_packages(recursive) discover
[0.543s] INFO:colcon.colcon_core.package_discovery:Crawling recursively for packages in '/home/agustin/STM32CubeIDE/workspace_1.19.0/testURosSetup/uros_ws/src'
[0.544s] Level 1:colcon.colcon_core.package_identification:_identify(.) by extensions ['ignore', 'ignore_ament_install']
[0.544s] Level 1:colcon.colcon_core.package_identification:_identify(.) by extension 'ignore'
[0.544s] Level 1:colcon.colcon_core.package_identification:_identify(.) by extension 'ignore_ament_install'
[0.544s] Level 1:colcon.colcon_core.package_identification:_identify(.) by extensions ['colcon_pkg']
[0.544s] Level 1:colcon.colcon_core.package_identification:_identify(.) by extension 'colcon_pkg'
[0.544s] Level 1:colcon.colcon_core.package_identification:_identify(.) by extensions ['colcon_meta']
[0.544s] Level 1:colcon.colcon_core.package_identification:_identify(.) by extension 'colcon_meta'
[0.544s] Level 1:colcon.colcon_core.package_identification:_identify(.) by extensions ['ros']
[0.544s] Level 1:colcon.colcon_core.package_identification:_identify(.) by extension 'ros'
[0.563s] Level 1:colcon.colcon_core.package_identification:_identify(.) by extensions ['cmake', 'python']
[0.563s] Level 1:colcon.colcon_core.package_identification:_identify(.) by extension 'cmake'
[0.563s] Level 1:colcon.colcon_core.package_identification:_identify(.) by extension 'python'
[0.563s] Level 1:colcon.colcon_core.package_identification:_identify(.) by extensions ['python_setup_py']
[0.564s] Level 1:colcon.colcon_core.package_identification:_identify(.) by extension 'python_setup_py'
[0.564s] Level 1:colcon.colcon_core.package_identification:_identify(build) by extensions ['ignore', 'ignore_ament_install']
[0.564s] Level 1:colcon.colcon_core.package_identification:_identify(build) by extension 'ignore'
[0.564s] Level 1:colcon.colcon_core.package_identification:_identify(build) ignored
[0.564s] Level 1:colcon.colcon_core.package_identification:_identify(extra_interfaces) by extensions ['ignore', 'ignore_ament_install']
[0.564s] Level 1:colcon.colcon_core.package_identification:_identify(extra_interfaces) by extension 'ignore'
[0.564s] Level 1:colcon.colcon_core.package_identification:_identify(extra_interfaces) by extension 'ignore_ament_install'
[0.564s] Level 1:colcon.colcon_core.package_identification:_identify(extra_interfaces) by extensions ['colcon_pkg']
[0.565s] Level 1:colcon.colcon_core.package_identification:_identify(extra_interfaces) by extension 'colcon_pkg'
[0.565s] Level 1:colcon.colcon_core.package_identification:_identify(extra_interfaces) by extensions ['colcon_meta']
[0.565s] Level 1:colcon.colcon_core.package_identification:_identify(extra_interfaces) by extension 'colcon_meta'
[0.565s] Level 1:colcon.colcon_core.package_identification:_identify(extra_interfaces) by extensions ['ros']
[0.565s] Level 1:colcon.colcon_core.package_identification:_identify(extra_interfaces) by extension 'ros'
[0.569s] DEBUG:colcon.colcon_core.package_identification:Package 'extra_interfaces' with type 'ros.ament_cmake' and name 'extra_interfaces'
[0.569s] Level 1:colcon.colcon_core.package_identification:_identify(install) by extensions ['ignore', 'ignore_ament_install']
[0.569s] Level 1:colcon.colcon_core.package_identification:_identify(install) by extension 'ignore'
[0.569s] Level 1:colcon.colcon_core.package_identification:_identify(install) ignored
[0.570s] Level 1:colcon.colcon_core.package_identification:_identify(log) by extensions ['ignore', 'ignore_ament_install']
[0.570s] Level 1:colcon.colcon_core.package_identification:_identify(log) by extension 'ignore'
[0.570s] Level 1:colcon.colcon_core.package_identification:_identify(log) ignored
[0.570s] Level 1:colcon.colcon_core.package_identification:_identify(micro_ros_setup) by extensions ['ignore', 'ignore_ament_install']
[0.570s] Level 1:colcon.colcon_core.package_identification:_identify(micro_ros_setup) by extension 'ignore'
[0.570s] Level 1:colcon.colcon_core.package_identification:_identify(micro_ros_setup) by extension 'ignore_ament_install'
[0.570s] Level 1:colcon.colcon_core.package_identification:_identify(micro_ros_setup) by extensions ['colcon_pkg']
[0.570s] Level 1:colcon.colcon_core.package_identification:_identify(micro_ros_setup) by extension 'colcon_pkg'
[0.570s] Level 1:colcon.colcon_core.package_identification:_identify(micro_ros_setup) by extensions ['colcon_meta']
[0.571s] Level 1:colcon.colcon_core.package_identification:_identify(micro_ros_setup) by extension 'colcon_meta'
[0.571s] Level 1:colcon.colcon_core.package_identification:_identify(micro_ros_setup) by extensions ['ros']
[0.571s] Level 1:colcon.colcon_core.package_identification:_identify(micro_ros_setup) by extension 'ros'
[0.574s] DEBUG:colcon.colcon_core.package_identification:Package 'micro_ros_setup' with type 'ros.ament_cmake' and name 'micro_ros_setup'
[0.574s] Level 1:colcon.colcon_core.package_identification:_identify(uros) by extensions ['ignore', 'ignore_ament_install']
[0.574s] Level 1:colcon.colcon_core.package_identification:_identify(uros) by extension 'ignore'
[0.574s] Level 1:colcon.colcon_core.package_identification:_identify(uros) by extension 'ignore_ament_install'
[0.575s] Level 1:colcon.colcon_core.package_identification:_identify(uros) by extensions ['colcon_pkg']
[0.575s] Level 1:colcon.colcon_core.package_identification:_identify(uros) by extension 'colcon_pkg'
[0.575s] Level 1:colcon.colcon_core.package_identification:_identify(uros) by extensions ['colcon_meta']
[0.575s] Level 1:colcon.colcon_core.package_identification:_identify(uros) by extension 'colcon_meta'
[0.575s] Level 1:colcon.colcon_core.package_identification:_identify(uros) by extensions ['ros']
[0.575s] Level 1:colcon.colcon_core.package_identification:_identify(uros) by extension 'ros'
[0.575s] Level 1:colcon.colcon_core.package_identification:_identify(uros) by extensions ['cmake', 'python']
[0.575s] Level 1:colcon.colcon_core.package_identification:_identify(uros) by extension 'cmake'
[0.575s] Level 1:colcon.colcon_core.package_identification:_identify(uros) by extension 'python'
[0.575s] Level 1:colcon.colcon_core.package_identification:_identify(uros) by extensions ['python_setup_py']
[0.575s] Level 1:colcon.colcon_core.package_identification:_identify(uros) by extension 'python_setup_py'
[0.575s] Level 1:colcon.colcon_core.package_identification:_identify(uros/micro-ROS-Agent) by extensions ['ignore', 'ignore_ament_install']
[0.576s] Level 1:colcon.colcon_core.package_identification:_identify(uros/micro-ROS-Agent) by extension 'ignore'
[0.576s] Level 1:colcon.colcon_core.package_identification:_identify(uros/micro-ROS-Agent) by extension 'ignore_ament_install'
[0.576s] Level 1:colcon.colcon_core.package_identification:_identify(uros/micro-ROS-Agent) by extensions ['colcon_pkg']
[0.576s] Level 1:colcon.colcon_core.package_identification:_identify(uros/micro-ROS-Agent) by extension 'colcon_pkg'
[0.576s] Level 1:colcon.colcon_core.package_identification:_identify(uros/micro-ROS-Agent) by extensions ['colcon_meta']
[0.576s] Level 1:colcon.colcon_core.package_identification:_identify(uros/micro-ROS-Agent) by extension 'colcon_meta'
[0.576s] Level 1:colcon.colcon_core.package_identification:_identify(uros/micro-ROS-Agent) by extensions ['ros']
[0.576s] Level 1:colcon.colcon_core.package_identification:_identify(uros/micro-ROS-Agent) by extension 'ros'
[0.576s] Level 1:colcon.colcon_core.package_identification:_identify(uros/micro-ROS-Agent) by extensions ['cmake', 'python']
[0.576s] Level 1:colcon.colcon_core.package_identification:_identify(uros/micro-ROS-Agent) by extension 'cmake'
[0.576s] Level 1:colcon.colcon_core.package_identification:_identify(uros/micro-ROS-Agent) by extension 'python'
[0.576s] Level 1:colcon.colcon_core.package_identification:_identify(uros/micro-ROS-Agent) by extensions ['python_setup_py']
[0.576s] Level 1:colcon.colcon_core.package_identification:_identify(uros/micro-ROS-Agent) by extension 'python_setup_py'
[0.577s] Level 1:colcon.colcon_core.package_identification:_identify(uros/micro-ROS-Agent/micro_ros_agent) by extensions ['ignore', 'ignore_ament_install']
[0.577s] Level 1:colcon.colcon_core.package_identification:_identify(uros/micro-ROS-Agent/micro_ros_agent) by extension 'ignore'
[0.577s] Level 1:colcon.colcon_core.package_identification:_identify(uros/micro-ROS-Agent/micro_ros_agent) by extension 'ignore_ament_install'
[0.577s] Level 1:colcon.colcon_core.package_identification:_identify(uros/micro-ROS-Agent/micro_ros_agent) by extensions ['colcon_pkg']
[0.577s] Level 1:colcon.colcon_core.package_identification:_identify(uros/micro-ROS-Agent/micro_ros_agent) by extension 'colcon_pkg'
[0.577s] Level 1:colcon.colcon_core.package_identification:_identify(uros/micro-ROS-Agent/micro_ros_agent) by extensions ['colcon_meta']
[0.577s] Level 1:colcon.colcon_core.package_identification:_identify(uros/micro-ROS-Agent/micro_ros_agent) by extension 'colcon_meta'
[0.577s] Level 1:colcon.colcon_core.package_identification:_identify(uros/micro-ROS-Agent/micro_ros_agent) by extensions ['ros']
[0.577s] Level 1:colcon.colcon_core.package_identification:_identify(uros/micro-ROS-Agent/micro_ros_agent) by extension 'ros'
[0.579s] DEBUG:colcon.colcon_core.package_identification:Package 'uros/micro-ROS-Agent/micro_ros_agent' with type 'ros.ament_cmake' and name 'micro_ros_agent'
[0.579s] Level 1:colcon.colcon_core.package_identification:_identify(uros/micro-ROS-Agent/snap) by extensions ['ignore', 'ignore_ament_install']
[0.579s] Level 1:colcon.colcon_core.package_identification:_identify(uros/micro-ROS-Agent/snap) by extension 'ignore'
[0.579s] Level 1:colcon.colcon_core.package_identification:_identify(uros/micro-ROS-Agent/snap) by extension 'ignore_ament_install'
[0.579s] Level 1:colcon.colcon_core.package_identification:_identify(uros/micro-ROS-Agent/snap) by extensions ['colcon_pkg']
[0.579s] Level 1:colcon.colcon_core.package_identification:_identify(uros/micro-ROS-Agent/snap) by extension 'colcon_pkg'
[0.579s] Level 1:colcon.colcon_core.package_identification:_identify(uros/micro-ROS-Agent/snap) by extensions ['colcon_meta']
[0.580s] Level 1:colcon.colcon_core.package_identification:_identify(uros/micro-ROS-Agent/snap) by extension 'colcon_meta'
[0.580s] Level 1:colcon.colcon_core.package_identification:_identify(uros/micro-ROS-Agent/snap) by extensions ['ros']
[0.580s] Level 1:colcon.colcon_core.package_identification:_identify(uros/micro-ROS-Agent/snap) by extension 'ros'
[0.580s] Level 1:colcon.colcon_core.package_identification:_identify(uros/micro-ROS-Agent/snap) by extensions ['cmake', 'python']
[0.580s] Level 1:colcon.colcon_core.package_identification:_identify(uros/micro-ROS-Agent/snap) by extension 'cmake'
[0.580s] Level 1:colcon.colcon_core.package_identification:_identify(uros/micro-ROS-Agent/snap) by extension 'python'
[0.580s] Level 1:colcon.colcon_core.package_identification:_identify(uros/micro-ROS-Agent/snap) by extensions ['python_setup_py']
[0.580s] Level 1:colcon.colcon_core.package_identification:_identify(uros/micro-ROS-Agent/snap) by extension 'python_setup_py'
[0.580s] Level 1:colcon.colcon_core.package_identification:_identify(uros/micro-ROS-Agent/snap/hooks) by extensions ['ignore', 'ignore_ament_install']
[0.580s] Level 1:colcon.colcon_core.package_identification:_identify(uros/micro-ROS-Agent/snap/hooks) by extension 'ignore'
[0.580s] Level 1:colcon.colcon_core.package_identification:_identify(uros/micro-ROS-Agent/snap/hooks) by extension 'ignore_ament_install'
[0.581s] Level 1:colcon.colcon_core.package_identification:_identify(uros/micro-ROS-Agent/snap/hooks) by extensions ['colcon_pkg']
[0.581s] Level 1:colcon.colcon_core.package_identification:_identify(uros/micro-ROS-Agent/snap/hooks) by extension 'colcon_pkg'
[0.581s] Level 1:colcon.colcon_core.package_identification:_identify(uros/micro-ROS-Agent/snap/hooks) by extensions ['colcon_meta']
[0.581s] Level 1:colcon.colcon_core.package_identification:_identify(uros/micro-ROS-Agent/snap/hooks) by extension 'colcon_meta'
[0.581s] Level 1:colcon.colcon_core.package_identification:_identify(uros/micro-ROS-Agent/snap/hooks) by extensions ['ros']
[0.581s] Level 1:colcon.colcon_core.package_identification:_identify(uros/micro-ROS-Agent/snap/hooks) by extension 'ros'
[0.581s] Level 1:colcon.colcon_core.package_identification:_identify(uros/micro-ROS-Agent/snap/hooks) by extensions ['cmake', 'python']
[0.581s] Level 1:colcon.colcon_core.package_identification:_identify(uros/micro-ROS-Agent/snap/hooks) by extension 'cmake'
[0.581s] Level 1:colcon.colcon_core.package_identification:_identify(uros/micro-ROS-Agent/snap/hooks) by extension 'python'
[0.581s] Level 1:colcon.colcon_core.package_identification:_identify(uros/micro-ROS-Agent/snap/hooks) by extensions ['python_setup_py']
[0.581s] Level 1:colcon.colcon_core.package_identification:_identify(uros/micro-ROS-Agent/snap/hooks) by extension 'python_setup_py'
[0.581s] Level 1:colcon.colcon_core.package_identification:_identify(uros/micro-ROS-Agent/snap/local) by extensions ['ignore', 'ignore_ament_install']
[0.582s] Level 1:colcon.colcon_core.package_identification:_identify(uros/micro-ROS-Agent/snap/local) by extension 'ignore'
[0.582s] Level 1:colcon.colcon_core.package_identification:_identify(uros/micro-ROS-Agent/snap/local) by extension 'ignore_ament_install'
[0.582s] Level 1:colcon.colcon_core.package_identification:_identify(uros/micro-ROS-Agent/snap/local) by extensions ['colcon_pkg']
[0.582s] Level 1:colcon.colcon_core.package_identification:_identify(uros/micro-ROS-Agent/snap/local) by extension 'colcon_pkg'
[0.582s] Level 1:colcon.colcon_core.package_identification:_identify(uros/micro-ROS-Agent/snap/local) by extensions ['colcon_meta']
[0.582s] Level 1:colcon.colcon_core.package_identification:_identify(uros/micro-ROS-Agent/snap/local) by extension 'colcon_meta'
[0.582s] Level 1:colcon.colcon_core.package_identification:_identify(uros/micro-ROS-Agent/snap/local) by extensions ['ros']
[0.582s] Level 1:colcon.colcon_core.package_identification:_identify(uros/micro-ROS-Agent/snap/local) by extension 'ros'
[0.582s] Level 1:colcon.colcon_core.package_identification:_identify(uros/micro-ROS-Agent/snap/local) by extensions ['cmake', 'python']
[0.582s] Level 1:colcon.colcon_core.package_identification:_identify(uros/micro-ROS-Agent/snap/local) by extension 'cmake'
[0.582s] Level 1:colcon.colcon_core.package_identification:_identify(uros/micro-ROS-Agent/snap/local) by extension 'python'
[0.582s] Level 1:colcon.colcon_core.package_identification:_identify(uros/micro-ROS-Agent/snap/local) by extensions ['python_setup_py']
[0.582s] Level 1:colcon.colcon_core.package_identification:_identify(uros/micro-ROS-Agent/snap/local) by extension 'python_setup_py'
[0.583s] Level 1:colcon.colcon_core.package_identification:_identify(uros/micro_ros_msgs) by extensions ['ignore', 'ignore_ament_install']
[0.583s] Level 1:colcon.colcon_core.package_identification:_identify(uros/micro_ros_msgs) by extension 'ignore'
[0.583s] Level 1:colcon.colcon_core.package_identification:_identify(uros/micro_ros_msgs) by extension 'ignore_ament_install'
[0.583s] Level 1:colcon.colcon_core.package_identification:_identify(uros/micro_ros_msgs) by extensions ['colcon_pkg']
[0.583s] Level 1:colcon.colcon_core.package_identification:_identify(uros/micro_ros_msgs) by extension 'colcon_pkg'
[0.583s] Level 1:colcon.colcon_core.package_identification:_identify(uros/micro_ros_msgs) by extensions ['colcon_meta']
[0.583s] Level 1:colcon.colcon_core.package_identification:_identify(uros/micro_ros_msgs) by extension 'colcon_meta'
[0.583s] Level 1:colcon.colcon_core.package_identification:_identify(uros/micro_ros_msgs) by extensions ['ros']
[0.583s] Level 1:colcon.colcon_core.package_identification:_identify(uros/micro_ros_msgs) by extension 'ros'
[0.584s] DEBUG:colcon.colcon_core.package_identification:Package 'uros/micro_ros_msgs' with type 'ros.ament_cmake' and name 'micro_ros_msgs'
[0.584s] Level 1:colcon.colcon_core.package_discovery:discover_packages(recursive) using defaults
[0.584s] Level 1:colcon.colcon_core.package_discovery:discover_packages(ignore) discover
[0.584s] Level 1:colcon.colcon_core.package_discovery:discover_packages(ignore) using defaults
[0.584s] Level 1:colcon.colcon_core.package_discovery:discover_packages(path) discover
[0.584s] Level 1:colcon.colcon_core.package_discovery:discover_packages(path) using defaults
[0.638s] INFO:colcon.colcon_core.package_selection:Skipping not selected package 'micro_ros_msgs' in 'uros/micro_ros_msgs'
[0.638s] INFO:colcon.colcon_core.package_selection:Skipping not selected package 'micro_ros_setup' in 'micro_ros_setup'
[0.638s] INFO:colcon.colcon_core.package_selection:Skipping not selected package 'micro_ros_agent' in 'uros/micro-ROS-Agent/micro_ros_agent'
[0.639s] Level 1:colcon.colcon_core.package_discovery:discover_packages(prefix_path) check parameters
[0.639s] Level 1:colcon.colcon_core.package_discovery:discover_packages(prefix_path) discover
[0.641s] WARNING:colcon.colcon_core.prefix_path.colcon:The path '/home/agustin/STM32CubeIDE/workspace_1.19.0/testURosSetup/uros_ws/firmware/mcu_ws/install' in the environment variable COLCON_PREFIX_PATH doesn't exist
[0.641s] WARNING:colcon.colcon_ros.prefix_path.ament:The path '/home/agustin/STM32CubeIDE/workspace_1.19.0/testURosSetup/uros_ws/firmware/mcu_ws/install/common_interfaces' in the environment variable AMENT_PREFIX_PATH doesn't exist
[0.641s] WARNING:colcon.colcon_ros.prefix_path.ament:The path '/home/agustin/STM32CubeIDE/workspace_1.19.0/testURosSetup/uros_ws/firmware/mcu_ws/install/visualization_msgs' in the environment variable AMENT_PREFIX_PATH doesn't exist
[0.641s] WARNING:colcon.colcon_ros.prefix_path.ament:The path '/home/agustin/STM32CubeIDE/workspace_1.19.0/testURosSetup/uros_ws/firmware/mcu_ws/install/test_msgs' in the environment variable AMENT_PREFIX_PATH doesn't exist
[0.641s] WARNING:colcon.colcon_ros.prefix_path.ament:The path '/home/agustin/STM32CubeIDE/workspace_1.19.0/testURosSetup/uros_ws/firmware/mcu_ws/install/rclc_parameter' in the environment variable AMENT_PREFIX_PATH doesn't exist
[0.641s] WARNING:colcon.colcon_ros.prefix_path.ament:The path '/home/agustin/STM32CubeIDE/workspace_1.19.0/testURosSetup/uros_ws/firmware/mcu_ws/install/rclc_lifecycle' in the environment variable AMENT_PREFIX_PATH doesn't exist
[0.642s] WARNING:colcon.colcon_ros.prefix_path.ament:The path '/home/agustin/STM32CubeIDE/workspace_1.19.0/testURosSetup/uros_ws/firmware/mcu_ws/install/rclc' in the environment variable AMENT_PREFIX_PATH doesn't exist
[0.642s] WARNING:colcon.colcon_ros.prefix_path.ament:The path '/home/agustin/STM32CubeIDE/workspace_1.19.0/testURosSetup/uros_ws/firmware/mcu_ws/install/rcl_action' in the environment variable AMENT_PREFIX_PATH doesn't exist
[0.642s] WARNING:colcon.colcon_ros.prefix_path.ament:The path '/home/agustin/STM32CubeIDE/workspace_1.19.0/testURosSetup/uros_ws/firmware/mcu_ws/install/example_interfaces' in the environment variable AMENT_PREFIX_PATH doesn't exist
[0.642s] WARNING:colcon.colcon_ros.prefix_path.ament:The path '/home/agustin/STM32CubeIDE/workspace_1.19.0/testURosSetup/uros_ws/firmware/mcu_ws/install/action_msgs' in the environment variable AMENT_PREFIX_PATH doesn't exist
[0.642s] WARNING:colcon.colcon_ros.prefix_path.ament:The path '/home/agustin/STM32CubeIDE/workspace_1.19.0/testURosSetup/uros_ws/firmware/mcu_ws/install/unique_identifier_msgs' in the environment variable AMENT_PREFIX_PATH doesn't exist
[0.642s] WARNING:colcon.colcon_ros.prefix_path.ament:The path '/home/agustin/STM32CubeIDE/workspace_1.19.0/testURosSetup/uros_ws/firmware/mcu_ws/install/trajectory_msgs' in the environment variable AMENT_PREFIX_PATH doesn't exist
[0.642s] WARNING:colcon.colcon_ros.prefix_path.ament:The path '/home/agustin/STM32CubeIDE/workspace_1.19.0/testURosSetup/uros_ws/firmware/mcu_ws/install/tracetools_test' in the environment variable AMENT_PREFIX_PATH doesn't exist
[0.642s] WARNING:colcon.colcon_ros.prefix_path.ament:The path '/home/agustin/STM32CubeIDE/workspace_1.19.0/testURosSetup/uros_ws/firmware/mcu_ws/install/tracetools_launch' in the environment variable AMENT_PREFIX_PATH doesn't exist
[0.642s] WARNING:colcon.colcon_ros.prefix_path.ament:The path '/home/agustin/STM32CubeIDE/workspace_1.19.0/testURosSetup/uros_ws/firmware/mcu_ws/install/ros2trace' in the environment variable AMENT_PREFIX_PATH doesn't exist
[0.643s] WARNING:colcon.colcon_ros.prefix_path.ament:The path '/home/agustin/STM32CubeIDE/workspace_1.19.0/testURosSetup/uros_ws/firmware/mcu_ws/install/tracetools_trace' in the environment variable AMENT_PREFIX_PATH doesn't exist
[0.643s] WARNING:colcon.colcon_ros.prefix_path.ament:The path '/home/agustin/STM32CubeIDE/workspace_1.19.0/testURosSetup/uros_ws/firmware/mcu_ws/install/tracetools_read' in the environment variable AMENT_PREFIX_PATH doesn't exist
[0.643s] WARNING:colcon.colcon_ros.prefix_path.ament:The path '/home/agustin/STM32CubeIDE/workspace_1.19.0/testURosSetup/uros_ws/firmware/mcu_ws/install/rcl_lifecycle' in the environment variable AMENT_PREFIX_PATH doesn't exist
[0.643s] WARNING:colcon.colcon_ros.prefix_path.ament:The path '/home/agustin/STM32CubeIDE/workspace_1.19.0/testURosSetup/uros_ws/firmware/mcu_ws/install/rcl' in the environment variable AMENT_PREFIX_PATH doesn't exist
[0.643s] WARNING:colcon.colcon_ros.prefix_path.ament:The path '/home/agustin/STM32CubeIDE/workspace_1.19.0/testURosSetup/uros_ws/firmware/mcu_ws/install/tracetools' in the environment variable AMENT_PREFIX_PATH doesn't exist
[0.643s] WARNING:colcon.colcon_ros.prefix_path.ament:The path '/home/agustin/STM32CubeIDE/workspace_1.19.0/testURosSetup/uros_ws/firmware/mcu_ws/install/test_tracetools_launch' in the environment variable AMENT_PREFIX_PATH doesn't exist
[0.643s] WARNING:colcon.colcon_ros.prefix_path.ament:The path '/home/agustin/STM32CubeIDE/workspace_1.19.0/testURosSetup/uros_ws/firmware/mcu_ws/install/test_tracetools' in the environment variable AMENT_PREFIX_PATH doesn't exist
[0.643s] WARNING:colcon.colcon_ros.prefix_path.ament:The path '/home/agustin/STM32CubeIDE/workspace_1.19.0/testURosSetup/uros_ws/firmware/mcu_ws/install/test_rmw_implementation' in the environment variable AMENT_PREFIX_PATH doesn't exist
[0.643s] WARNING:colcon.colcon_ros.prefix_path.ament:The path '/home/agustin/STM32CubeIDE/workspace_1.19.0/testURosSetup/uros_ws/firmware/mcu_ws/install/test_interface_files' in the environment variable AMENT_PREFIX_PATH doesn't exist
[0.644s] WARNING:colcon.colcon_ros.prefix_path.ament:The path '/home/agustin/STM32CubeIDE/workspace_1.19.0/testURosSetup/uros_ws/firmware/mcu_ws/install/stereo_msgs' in the environment variable AMENT_PREFIX_PATH doesn't exist
[0.644s] WARNING:colcon.colcon_ros.prefix_path.ament:The path '/home/agustin/STM32CubeIDE/workspace_1.19.0/testURosSetup/uros_ws/firmware/mcu_ws/install/std_srvs' in the environment variable AMENT_PREFIX_PATH doesn't exist
[0.644s] WARNING:colcon.colcon_ros.prefix_path.ament:The path '/home/agustin/STM32CubeIDE/workspace_1.19.0/testURosSetup/uros_ws/firmware/mcu_ws/install/shape_msgs' in the environment variable AMENT_PREFIX_PATH doesn't exist
[0.644s] WARNING:colcon.colcon_ros.prefix_path.ament:The path '/home/agustin/STM32CubeIDE/workspace_1.19.0/testURosSetup/uros_ws/firmware/mcu_ws/install/sensor_msgs_py' in the environment variable AMENT_PREFIX_PATH doesn't exist
[0.644s] WARNING:colcon.colcon_ros.prefix_path.ament:The path '/home/agustin/STM32CubeIDE/workspace_1.19.0/testURosSetup/uros_ws/firmware/mcu_ws/install/sensor_msgs' in the environment variable AMENT_PREFIX_PATH doesn't exist
[0.644s] WARNING:colcon.colcon_ros.prefix_path.ament:The path '/home/agustin/STM32CubeIDE/workspace_1.19.0/testURosSetup/uros_ws/firmware/mcu_ws/install/nav_msgs' in the environment variable AMENT_PREFIX_PATH doesn't exist
[0.644s] WARNING:colcon.colcon_ros.prefix_path.ament:The path '/home/agustin/STM32CubeIDE/workspace_1.19.0/testURosSetup/uros_ws/firmware/mcu_ws/install/diagnostic_msgs' in the environment variable AMENT_PREFIX_PATH doesn't exist
[0.644s] WARNING:colcon.colcon_ros.prefix_path.ament:The path '/home/agustin/STM32CubeIDE/workspace_1.19.0/testURosSetup/uros_ws/firmware/mcu_ws/install/geometry_msgs' in the environment variable AMENT_PREFIX_PATH doesn't exist
[0.644s] WARNING:colcon.colcon_ros.prefix_path.ament:The path '/home/agustin/STM32CubeIDE/workspace_1.19.0/testURosSetup/uros_ws/firmware/mcu_ws/install/extra_interfaces' in the environment variable AMENT_PREFIX_PATH doesn't exist
[0.645s] WARNING:colcon.colcon_ros.prefix_path.ament:The path '/home/agustin/STM32CubeIDE/workspace_1.19.0/testURosSetup/uros_ws/firmware/mcu_ws/install/actionlib_msgs' in the environment variable AMENT_PREFIX_PATH doesn't exist
[0.645s] WARNING:colcon.colcon_ros.prefix_path.ament:The path '/home/agustin/STM32CubeIDE/workspace_1.19.0/testURosSetup/uros_ws/firmware/mcu_ws/install/std_msgs' in the environment variable AMENT_PREFIX_PATH doesn't exist
[0.645s] WARNING:colcon.colcon_ros.prefix_path.ament:The path '/home/agustin/STM32CubeIDE/workspace_1.19.0/testURosSetup/uros_ws/firmware/mcu_ws/install/statistics_msgs' in the environment variable AMENT_PREFIX_PATH doesn't exist
[0.645s] WARNING:colcon.colcon_ros.prefix_path.ament:The path '/home/agustin/STM32CubeIDE/workspace_1.19.0/testURosSetup/uros_ws/firmware/mcu_ws/install/rosidl_typesupport_microxrcedds_test_msg' in the environment variable AMENT_PREFIX_PATH doesn't exist
[0.645s] WARNING:colcon.colcon_ros.prefix_path.ament:The path '/home/agustin/STM32CubeIDE/workspace_1.19.0/testURosSetup/uros_ws/firmware/mcu_ws/install/rosidl_typesupport_microxrcedds_c_tests' in the environment variable AMENT_PREFIX_PATH doesn't exist
[0.645s] WARNING:colcon.colcon_ros.prefix_path.ament:The path '/home/agustin/STM32CubeIDE/workspace_1.19.0/testURosSetup/uros_ws/firmware/mcu_ws/install/rosgraph_msgs' in the environment variable AMENT_PREFIX_PATH doesn't exist
[0.645s] WARNING:colcon.colcon_ros.prefix_path.ament:The path '/home/agustin/STM32CubeIDE/workspace_1.19.0/testURosSetup/uros_ws/firmware/mcu_ws/install/rmw_implementation' in the environment variable AMENT_PREFIX_PATH doesn't exist
[0.645s] WARNING:colcon.colcon_ros.prefix_path.ament:The path '/home/agustin/STM32CubeIDE/workspace_1.19.0/testURosSetup/uros_ws/firmware/mcu_ws/install/rmw_microxrcedds' in the environment variable AMENT_PREFIX_PATH doesn't exist
[0.645s] WARNING:colcon.colcon_ros.prefix_path.ament:The path '/home/agustin/STM32CubeIDE/workspace_1.19.0/testURosSetup/uros_ws/firmware/mcu_ws/install/composition_interfaces' in the environment variable AMENT_PREFIX_PATH doesn't exist
[0.646s] WARNING:colcon.colcon_ros.prefix_path.ament:The path '/home/agustin/STM32CubeIDE/workspace_1.19.0/testURosSetup/uros_ws/firmware/mcu_ws/install/rcl_interfaces' in the environment variable AMENT_PREFIX_PATH doesn't exist
[0.646s] WARNING:colcon.colcon_ros.prefix_path.ament:The path '/home/agustin/STM32CubeIDE/workspace_1.19.0/testURosSetup/uros_ws/firmware/mcu_ws/install/micro_ros_msgs' in the environment variable AMENT_PREFIX_PATH doesn't exist
[0.646s] WARNING:colcon.colcon_ros.prefix_path.ament:The path '/home/agustin/STM32CubeIDE/workspace_1.19.0/testURosSetup/uros_ws/firmware/mcu_ws/install/lifecycle_msgs' in the environment variable AMENT_PREFIX_PATH doesn't exist
[0.646s] WARNING:colcon.colcon_ros.prefix_path.ament:The path '/home/agustin/STM32CubeIDE/workspace_1.19.0/testURosSetup/uros_ws/firmware/mcu_ws/install/builtin_interfaces' in the environment variable AMENT_PREFIX_PATH doesn't exist
[0.646s] WARNING:colcon.colcon_ros.prefix_path.ament:The path '/home/agustin/STM32CubeIDE/workspace_1.19.0/testURosSetup/uros_ws/firmware/mcu_ws/install/rosidl_default_runtime' in the environment variable AMENT_PREFIX_PATH doesn't exist
[0.646s] WARNING:colcon.colcon_ros.prefix_path.ament:The path '/home/agustin/STM32CubeIDE/workspace_1.19.0/testURosSetup/uros_ws/firmware/mcu_ws/install/rosidl_default_generators' in the environment variable AMENT_PREFIX_PATH doesn't exist
[0.646s] WARNING:colcon.colcon_ros.prefix_path.ament:The path '/home/agustin/STM32CubeIDE/workspace_1.19.0/testURosSetup/uros_ws/firmware/mcu_ws/install/rosidl_typesupport_c' in the environment variable AMENT_PREFIX_PATH doesn't exist
[0.646s] WARNING:colcon.colcon_ros.prefix_path.ament:The path '/home/agustin/STM32CubeIDE/workspace_1.19.0/testURosSetup/uros_ws/firmware/mcu_ws/install/rosidl_typesupport_microxrcedds_c' in the environment variable AMENT_PREFIX_PATH doesn't exist
[0.646s] WARNING:colcon.colcon_ros.prefix_path.ament:The path '/home/agustin/STM32CubeIDE/workspace_1.19.0/testURosSetup/uros_ws/firmware/mcu_ws/install/rosidl_typesupport_introspection_tests' in the environment variable AMENT_PREFIX_PATH doesn't exist
[0.647s] WARNING:colcon.colcon_ros.prefix_path.ament:The path '/home/agustin/STM32CubeIDE/workspace_1.19.0/testURosSetup/uros_ws/firmware/mcu_ws/install/micro_ros_utilities' in the environment variable AMENT_PREFIX_PATH doesn't exist
[0.647s] WARNING:colcon.colcon_ros.prefix_path.ament:The path '/home/agustin/STM32CubeIDE/workspace_1.19.0/testURosSetup/uros_ws/firmware/mcu_ws/install/rosidl_typesupport_introspection_c' in the environment variable AMENT_PREFIX_PATH doesn't exist
[0.647s] WARNING:colcon.colcon_ros.prefix_path.ament:The path '/home/agustin/STM32CubeIDE/workspace_1.19.0/testURosSetup/uros_ws/firmware/mcu_ws/install/rmw' in the environment variable AMENT_PREFIX_PATH doesn't exist
[0.647s] WARNING:colcon.colcon_ros.prefix_path.ament:The path '/home/agustin/STM32CubeIDE/workspace_1.19.0/testURosSetup/uros_ws/firmware/mcu_ws/install/rosidl_runtime_c' in the environment variable AMENT_PREFIX_PATH doesn't exist
[0.647s] WARNING:colcon.colcon_ros.prefix_path.ament:The path '/home/agustin/STM32CubeIDE/workspace_1.19.0/testURosSetup/uros_ws/firmware/mcu_ws/install/rosidl_generator_c' in the environment variable AMENT_PREFIX_PATH doesn't exist
[0.647s] WARNING:colcon.colcon_ros.prefix_path.ament:The path '/home/agustin/STM32CubeIDE/workspace_1.19.0/testURosSetup/uros_ws/firmware/mcu_ws/install/rosidl_typesupport_interface' in the environment variable AMENT_PREFIX_PATH doesn't exist
[0.647s] WARNING:colcon.colcon_ros.prefix_path.ament:The path '/home/agustin/STM32CubeIDE/workspace_1.19.0/testURosSetup/uros_ws/firmware/mcu_ws/install/rosidl_generator_dds_idl' in the environment variable AMENT_PREFIX_PATH doesn't exist
[0.647s] WARNING:colcon.colcon_ros.prefix_path.ament:The path '/home/agustin/STM32CubeIDE/workspace_1.19.0/testURosSetup/uros_ws/firmware/mcu_ws/install/rosidl_cmake' in the environment variable AMENT_PREFIX_PATH doesn't exist
[0.647s] WARNING:colcon.colcon_ros.prefix_path.ament:The path '/home/agustin/STM32CubeIDE/workspace_1.19.0/testURosSetup/uros_ws/firmware/mcu_ws/install/rosidl_parser' in the environment variable AMENT_PREFIX_PATH doesn't exist
[0.648s] WARNING:colcon.colcon_ros.prefix_path.ament:The path '/home/agustin/STM32CubeIDE/workspace_1.19.0/testURosSetup/uros_ws/firmware/mcu_ws/install/rosidl_adapter' in the environment variable AMENT_PREFIX_PATH doesn't exist
[0.648s] WARNING:colcon.colcon_ros.prefix_path.ament:The path '/home/agustin/STM32CubeIDE/workspace_1.19.0/testURosSetup/uros_ws/firmware/mcu_ws/install/rosidl_cli' in the environment variable AMENT_PREFIX_PATH doesn't exist
[0.648s] WARNING:colcon.colcon_ros.prefix_path.ament:The path '/home/agustin/STM32CubeIDE/workspace_1.19.0/testURosSetup/uros_ws/firmware/mcu_ws/install/rmw_implementation_cmake' in the environment variable AMENT_PREFIX_PATH doesn't exist
[0.648s] WARNING:colcon.colcon_ros.prefix_path.ament:The path '/home/agustin/STM32CubeIDE/workspace_1.19.0/testURosSetup/uros_ws/firmware/mcu_ws/install/rcl_logging_noop' in the environment variable AMENT_PREFIX_PATH doesn't exist
[0.648s] WARNING:colcon.colcon_ros.prefix_path.ament:The path '/home/agustin/STM32CubeIDE/workspace_1.19.0/testURosSetup/uros_ws/firmware/mcu_ws/install/rcl_logging_interface' in the environment variable AMENT_PREFIX_PATH doesn't exist
[0.648s] WARNING:colcon.colcon_ros.prefix_path.ament:The path '/home/agustin/STM32CubeIDE/workspace_1.19.0/testURosSetup/uros_ws/firmware/mcu_ws/install/rcutils' in the environment variable AMENT_PREFIX_PATH doesn't exist
[0.648s] WARNING:colcon.colcon_ros.prefix_path.ament:The path '/home/agustin/STM32CubeIDE/workspace_1.19.0/testURosSetup/uros_ws/firmware/mcu_ws/install/libyaml_vendor' in the environment variable AMENT_PREFIX_PATH doesn't exist
[0.654s] WARNING:colcon.colcon_ros.prefix_path.catkin:The path '/home/agustin/STM32CubeIDE/workspace_1.19.0/testURosSetup/uros_ws/firmware/mcu_ws/install/common_interfaces' in the environment variable CMAKE_PREFIX_PATH doesn't exist
[0.654s] WARNING:colcon.colcon_ros.prefix_path.catkin:The path '/home/agustin/STM32CubeIDE/workspace_1.19.0/testURosSetup/uros_ws/firmware/mcu_ws/install/visualization_msgs' in the environment variable CMAKE_PREFIX_PATH doesn't exist
[0.654s] WARNING:colcon.colcon_ros.prefix_path.catkin:The path '/home/agustin/STM32CubeIDE/workspace_1.19.0/testURosSetup/uros_ws/firmware/mcu_ws/install/test_msgs' in the environment variable CMAKE_PREFIX_PATH doesn't exist
[0.654s] WARNING:colcon.colcon_ros.prefix_path.catkin:The path '/home/agustin/STM32CubeIDE/workspace_1.19.0/testURosSetup/uros_ws/firmware/mcu_ws/install/rclc_parameter' in the environment variable CMAKE_PREFIX_PATH doesn't exist
[0.654s] WARNING:colcon.colcon_ros.prefix_path.catkin:The path '/home/agustin/STM32CubeIDE/workspace_1.19.0/testURosSetup/uros_ws/firmware/mcu_ws/install/rclc_lifecycle' in the environment variable CMAKE_PREFIX_PATH doesn't exist
[0.654s] WARNING:colcon.colcon_ros.prefix_path.catkin:The path '/home/agustin/STM32CubeIDE/workspace_1.19.0/testURosSetup/uros_ws/firmware/mcu_ws/install/rclc' in the environment variable CMAKE_PREFIX_PATH doesn't exist
[0.655s] WARNING:colcon.colcon_ros.prefix_path.catkin:The path '/home/agustin/STM32CubeIDE/workspace_1.19.0/testURosSetup/uros_ws/firmware/mcu_ws/install/rcl_action' in the environment variable CMAKE_PREFIX_PATH doesn't exist
[0.655s] WARNING:colcon.colcon_ros.prefix_path.catkin:The path '/home/agustin/STM32CubeIDE/workspace_1.19.0/testURosSetup/uros_ws/firmware/mcu_ws/install/example_interfaces' in the environment variable CMAKE_PREFIX_PATH doesn't exist
[0.655s] WARNING:colcon.colcon_ros.prefix_path.catkin:The path '/home/agustin/STM32CubeIDE/workspace_1.19.0/testURosSetup/uros_ws/firmware/mcu_ws/install/action_msgs' in the environment variable CMAKE_PREFIX_PATH doesn't exist
[0.655s] WARNING:colcon.colcon_ros.prefix_path.catkin:The path '/home/agustin/STM32CubeIDE/workspace_1.19.0/testURosSetup/uros_ws/firmware/mcu_ws/install/unique_identifier_msgs' in the environment variable CMAKE_PREFIX_PATH doesn't exist
[0.655s] WARNING:colcon.colcon_ros.prefix_path.catkin:The path '/home/agustin/STM32CubeIDE/workspace_1.19.0/testURosSetup/uros_ws/firmware/mcu_ws/install/trajectory_msgs' in the environment variable CMAKE_PREFIX_PATH doesn't exist
[0.655s] WARNING:colcon.colcon_ros.prefix_path.catkin:The path '/home/agustin/STM32CubeIDE/workspace_1.19.0/testURosSetup/uros_ws/firmware/mcu_ws/install/rcl_lifecycle' in the environment variable CMAKE_PREFIX_PATH doesn't exist
[0.655s] WARNING:colcon.colcon_ros.prefix_path.catkin:The path '/home/agustin/STM32CubeIDE/workspace_1.19.0/testURosSetup/uros_ws/firmware/mcu_ws/install/rcl' in the environment variable CMAKE_PREFIX_PATH doesn't exist
[0.655s] WARNING:colcon.colcon_ros.prefix_path.catkin:The path '/home/agustin/STM32CubeIDE/workspace_1.19.0/testURosSetup/uros_ws/firmware/mcu_ws/install/tracetools' in the environment variable CMAKE_PREFIX_PATH doesn't exist
[0.655s] WARNING:colcon.colcon_ros.prefix_path.catkin:The path '/home/agustin/STM32CubeIDE/workspace_1.19.0/testURosSetup/uros_ws/firmware/mcu_ws/install/test_tracetools' in the environment variable CMAKE_PREFIX_PATH doesn't exist
[0.655s] WARNING:colcon.colcon_ros.prefix_path.catkin:The path '/home/agustin/STM32CubeIDE/workspace_1.19.0/testURosSetup/uros_ws/firmware/mcu_ws/install/test_rmw_implementation' in the environment variable CMAKE_PREFIX_PATH doesn't exist
[0.656s] WARNING:colcon.colcon_ros.prefix_path.catkin:The path '/home/agustin/STM32CubeIDE/workspace_1.19.0/testURosSetup/uros_ws/firmware/mcu_ws/install/test_interface_files' in the environment variable CMAKE_PREFIX_PATH doesn't exist
[0.656s] WARNING:colcon.colcon_ros.prefix_path.catkin:The path '/home/agustin/STM32CubeIDE/workspace_1.19.0/testURosSetup/uros_ws/firmware/mcu_ws/install/stereo_msgs' in the environment variable CMAKE_PREFIX_PATH doesn't exist
[0.656s] WARNING:colcon.colcon_ros.prefix_path.catkin:The path '/home/agustin/STM32CubeIDE/workspace_1.19.0/testURosSetup/uros_ws/firmware/mcu_ws/install/std_srvs' in the environment variable CMAKE_PREFIX_PATH doesn't exist
[0.656s] WARNING:colcon.colcon_ros.prefix_path.catkin:The path '/home/agustin/STM32CubeIDE/workspace_1.19.0/testURosSetup/uros_ws/firmware/mcu_ws/install/shape_msgs' in the environment variable CMAKE_PREFIX_PATH doesn't exist
[0.656s] WARNING:colcon.colcon_ros.prefix_path.catkin:The path '/home/agustin/STM32CubeIDE/workspace_1.19.0/testURosSetup/uros_ws/firmware/mcu_ws/install/sensor_msgs' in the environment variable CMAKE_PREFIX_PATH doesn't exist
[0.656s] WARNING:colcon.colcon_ros.prefix_path.catkin:The path '/home/agustin/STM32CubeIDE/workspace_1.19.0/testURosSetup/uros_ws/firmware/mcu_ws/install/nav_msgs' in the environment variable CMAKE_PREFIX_PATH doesn't exist
[0.656s] WARNING:colcon.colcon_ros.prefix_path.catkin:The path '/home/agustin/STM32CubeIDE/workspace_1.19.0/testURosSetup/uros_ws/firmware/mcu_ws/install/diagnostic_msgs' in the environment variable CMAKE_PREFIX_PATH doesn't exist
[0.656s] WARNING:colcon.colcon_ros.prefix_path.catkin:The path '/home/agustin/STM32CubeIDE/workspace_1.19.0/testURosSetup/uros_ws/firmware/mcu_ws/install/geometry_msgs' in the environment variable CMAKE_PREFIX_PATH doesn't exist
[0.656s] WARNING:colcon.colcon_ros.prefix_path.catkin:The path '/home/agustin/STM32CubeIDE/workspace_1.19.0/testURosSetup/uros_ws/firmware/mcu_ws/install/extra_interfaces' in the environment variable CMAKE_PREFIX_PATH doesn't exist
[0.657s] WARNING:colcon.colcon_ros.prefix_path.catkin:The path '/home/agustin/STM32CubeIDE/workspace_1.19.0/testURosSetup/uros_ws/firmware/mcu_ws/install/actionlib_msgs' in the environment variable CMAKE_PREFIX_PATH doesn't exist
[0.657s] WARNING:colcon.colcon_ros.prefix_path.catkin:The path '/home/agustin/STM32CubeIDE/workspace_1.19.0/testURosSetup/uros_ws/firmware/mcu_ws/install/std_msgs' in the environment variable CMAKE_PREFIX_PATH doesn't exist
[0.657s] WARNING:colcon.colcon_ros.prefix_path.catkin:The path '/home/agustin/STM32CubeIDE/workspace_1.19.0/testURosSetup/uros_ws/firmware/mcu_ws/install/statistics_msgs' in the environment variable CMAKE_PREFIX_PATH doesn't exist
[0.657s] WARNING:colcon.colcon_ros.prefix_path.catkin:The path '/home/agustin/STM32CubeIDE/workspace_1.19.0/testURosSetup/uros_ws/firmware/mcu_ws/install/rosidl_typesupport_microxrcedds_test_msg' in the environment variable CMAKE_PREFIX_PATH doesn't exist
[0.657s] WARNING:colcon.colcon_ros.prefix_path.catkin:The path '/home/agustin/STM32CubeIDE/workspace_1.19.0/testURosSetup/uros_ws/firmware/mcu_ws/install/rosidl_typesupport_microxrcedds_c_tests' in the environment variable CMAKE_PREFIX_PATH doesn't exist
[0.657s] WARNING:colcon.colcon_ros.prefix_path.catkin:The path '/home/agustin/STM32CubeIDE/workspace_1.19.0/testURosSetup/uros_ws/firmware/mcu_ws/install/rosgraph_msgs' in the environment variable CMAKE_PREFIX_PATH doesn't exist
[0.657s] WARNING:colcon.colcon_ros.prefix_path.catkin:The path '/home/agustin/STM32CubeIDE/workspace_1.19.0/testURosSetup/uros_ws/firmware/mcu_ws/install/rmw_implementation' in the environment variable CMAKE_PREFIX_PATH doesn't exist
[0.657s] WARNING:colcon.colcon_ros.prefix_path.catkin:The path '/home/agustin/STM32CubeIDE/workspace_1.19.0/testURosSetup/uros_ws/firmware/mcu_ws/install/rmw_microxrcedds' in the environment variable CMAKE_PREFIX_PATH doesn't exist
[0.658s] WARNING:colcon.colcon_ros.prefix_path.catkin:The path '/home/agustin/STM32CubeIDE/workspace_1.19.0/testURosSetup/uros_ws/firmware/mcu_ws/install/composition_interfaces' in the environment variable CMAKE_PREFIX_PATH doesn't exist
[0.658s] WARNING:colcon.colcon_ros.prefix_path.catkin:The path '/home/agustin/STM32CubeIDE/workspace_1.19.0/testURosSetup/uros_ws/firmware/mcu_ws/install/rcl_interfaces' in the environment variable CMAKE_PREFIX_PATH doesn't exist
[0.658s] WARNING:colcon.colcon_ros.prefix_path.catkin:The path '/home/agustin/STM32CubeIDE/workspace_1.19.0/testURosSetup/uros_ws/firmware/mcu_ws/install/micro_ros_msgs' in the environment variable CMAKE_PREFIX_PATH doesn't exist
[0.658s] WARNING:colcon.colcon_ros.prefix_path.catkin:The path '/home/agustin/STM32CubeIDE/workspace_1.19.0/testURosSetup/uros_ws/firmware/mcu_ws/install/lifecycle_msgs' in the environment variable CMAKE_PREFIX_PATH doesn't exist
[0.658s] WARNING:colcon.colcon_ros.prefix_path.catkin:The path '/home/agustin/STM32CubeIDE/workspace_1.19.0/testURosSetup/uros_ws/firmware/mcu_ws/install/builtin_interfaces' in the environment variable CMAKE_PREFIX_PATH doesn't exist
[0.658s] WARNING:colcon.colcon_ros.prefix_path.catkin:The path '/home/agustin/STM32CubeIDE/workspace_1.19.0/testURosSetup/uros_ws/firmware/mcu_ws/install/rosidl_default_runtime' in the environment variable CMAKE_PREFIX_PATH doesn't exist
[0.658s] WARNING:colcon.colcon_ros.prefix_path.catkin:The path '/home/agustin/STM32CubeIDE/workspace_1.19.0/testURosSetup/uros_ws/firmware/mcu_ws/install/rosidl_default_generators' in the environment variable CMAKE_PREFIX_PATH doesn't exist
[0.658s] WARNING:colcon.colcon_ros.prefix_path.catkin:The path '/home/agustin/STM32CubeIDE/workspace_1.19.0/testURosSetup/uros_ws/firmware/mcu_ws/install/rosidl_typesupport_c' in the environment variable CMAKE_PREFIX_PATH doesn't exist
[0.659s] WARNING:colcon.colcon_ros.prefix_path.catkin:The path '/home/agustin/STM32CubeIDE/workspace_1.19.0/testURosSetup/uros_ws/firmware/mcu_ws/install/rosidl_typesupport_microxrcedds_c' in the environment variable CMAKE_PREFIX_PATH doesn't exist
[0.659s] WARNING:colcon.colcon_ros.prefix_path.catkin:The path '/home/agustin/STM32CubeIDE/workspace_1.19.0/testURosSetup/uros_ws/firmware/mcu_ws/install/rosidl_typesupport_introspection_tests' in the environment variable CMAKE_PREFIX_PATH doesn't exist
[0.659s] WARNING:colcon.colcon_ros.prefix_path.catkin:The path '/home/agustin/STM32CubeIDE/workspace_1.19.0/testURosSetup/uros_ws/firmware/mcu_ws/install/micro_ros_utilities' in the environment variable CMAKE_PREFIX_PATH doesn't exist
[0.659s] WARNING:colcon.colcon_ros.prefix_path.catkin:The path '/home/agustin/STM32CubeIDE/workspace_1.19.0/testURosSetup/uros_ws/firmware/mcu_ws/install/rosidl_typesupport_introspection_c' in the environment variable CMAKE_PREFIX_PATH doesn't exist
[0.659s] WARNING:colcon.colcon_ros.prefix_path.catkin:The path '/home/agustin/STM32CubeIDE/workspace_1.19.0/testURosSetup/uros_ws/firmware/mcu_ws/install/rmw' in the environment variable CMAKE_PREFIX_PATH doesn't exist
[0.659s] WARNING:colcon.colcon_ros.prefix_path.catkin:The path '/home/agustin/STM32CubeIDE/workspace_1.19.0/testURosSetup/uros_ws/firmware/mcu_ws/install/rosidl_runtime_c' in the environment variable CMAKE_PREFIX_PATH doesn't exist
[0.659s] WARNING:colcon.colcon_ros.prefix_path.catkin:The path '/home/agustin/STM32CubeIDE/workspace_1.19.0/testURosSetup/uros_ws/firmware/mcu_ws/install/rosidl_generator_c' in the environment variable CMAKE_PREFIX_PATH doesn't exist
[0.659s] WARNING:colcon.colcon_ros.prefix_path.catkin:The path '/home/agustin/STM32CubeIDE/workspace_1.19.0/testURosSetup/uros_ws/firmware/mcu_ws/install/rosidl_typesupport_interface' in the environment variable CMAKE_PREFIX_PATH doesn't exist
[0.659s] WARNING:colcon.colcon_ros.prefix_path.catkin:The path '/home/agustin/STM32CubeIDE/workspace_1.19.0/testURosSetup/uros_ws/firmware/mcu_ws/install/rosidl_generator_dds_idl' in the environment variable CMAKE_PREFIX_PATH doesn't exist
[0.659s] WARNING:colcon.colcon_ros.prefix_path.catkin:The path '/home/agustin/STM32CubeIDE/workspace_1.19.0/testURosSetup/uros_ws/firmware/mcu_ws/install/rosidl_cmake' in the environment variable CMAKE_PREFIX_PATH doesn't exist
[0.660s] WARNING:colcon.colcon_ros.prefix_path.catkin:The path '/home/agustin/STM32CubeIDE/workspace_1.19.0/testURosSetup/uros_ws/firmware/mcu_ws/install/rosidl_parser' in the environment variable CMAKE_PREFIX_PATH doesn't exist
[0.660s] WARNING:colcon.colcon_ros.prefix_path.catkin:The path '/home/agustin/STM32CubeIDE/workspace_1.19.0/testURosSetup/uros_ws/firmware/mcu_ws/install/rosidl_adapter' in the environment variable CMAKE_PREFIX_PATH doesn't exist
[0.660s] WARNING:colcon.colcon_ros.prefix_path.catkin:The path '/home/agustin/STM32CubeIDE/workspace_1.19.0/testURosSetup/uros_ws/firmware/mcu_ws/install/rmw_implementation_cmake' in the environment variable CMAKE_PREFIX_PATH doesn't exist
[0.660s] WARNING:colcon.colcon_ros.prefix_path.catkin:The path '/home/agustin/STM32CubeIDE/workspace_1.19.0/testURosSetup/uros_ws/firmware/mcu_ws/install/rcl_logging_noop' in the environment variable CMAKE_PREFIX_PATH doesn't exist
[0.660s] WARNING:colcon.colcon_ros.prefix_path.catkin:The path '/home/agustin/STM32CubeIDE/workspace_1.19.0/testURosSetup/uros_ws/firmware/mcu_ws/install/rcl_logging_interface' in the environment variable CMAKE_PREFIX_PATH doesn't exist
[0.660s] WARNING:colcon.colcon_ros.prefix_path.catkin:The path '/home/agustin/STM32CubeIDE/workspace_1.19.0/testURosSetup/uros_ws/firmware/mcu_ws/install/rcutils' in the environment variable CMAKE_PREFIX_PATH doesn't exist
[0.660s] WARNING:colcon.colcon_ros.prefix_path.catkin:The path '/home/agustin/STM32CubeIDE/workspace_1.19.0/testURosSetup/uros_ws/firmware/mcu_ws/install/microxrcedds_client' in the environment variable CMAKE_PREFIX_PATH doesn't exist
[0.660s] WARNING:colcon.colcon_ros.prefix_path.catkin:The path '/home/agustin/STM32CubeIDE/workspace_1.19.0/testURosSetup/uros_ws/firmware/mcu_ws/install/microcdr' in the environment variable CMAKE_PREFIX_PATH doesn't exist
[0.660s] WARNING:colcon.colcon_ros.prefix_path.catkin:The path '/home/agustin/STM32CubeIDE/workspace_1.19.0/testURosSetup/uros_ws/firmware/mcu_ws/install/libyaml_vendor' in the environment variable CMAKE_PREFIX_PATH doesn't exist
[0.663s] DEBUG:colcon.colcon_installed_package_information.package_discovery:Found 4 installed packages in /home/agustin/STM32CubeIDE/workspace_1.19.0/testURosSetup/uros_ws/install
[0.667s] DEBUG:colcon.colcon_installed_package_information.package_discovery:Found 62 installed packages in /home/agustin/STM32CubeIDE/workspace_1.19.0/testURosSetup/uros_ws/firmware/dev_ws/install
[0.670s] DEBUG:colcon.colcon_installed_package_information.package_discovery:Found 296 installed packages in /opt/ros/humble
[0.678s] Level 1:colcon.colcon_core.package_discovery:discover_packages(prefix_path) using defaults
[0.760s] Level 5:colcon.colcon_core.verb:set package 'extra_interfaces' build argument 'cmake_args' from command line to 'None'
[0.760s] Level 5:colcon.colcon_core.verb:set package 'extra_interfaces' build argument 'cmake_target' from command line to 'None'
[0.760s] Level 5:colcon.colcon_core.verb:set package 'extra_interfaces' build argument 'cmake_target_skip_unavailable' from command line to 'False'
[0.760s] Level 5:colcon.colcon_core.verb:set package 'extra_interfaces' build argument 'cmake_clean_cache' from command line to 'False'
[0.760s] Level 5:colcon.colcon_core.verb:set package 'extra_interfaces' build argument 'cmake_clean_first' from command line to 'False'
[0.760s] Level 5:colcon.colcon_core.verb:set package 'extra_interfaces' build argument 'cmake_force_configure' from command line to 'False'
[0.760s] Level 5:colcon.colcon_core.verb:set package 'extra_interfaces' build argument 'ament_cmake_args' from command line to 'None'
[0.760s] Level 5:colcon.colcon_core.verb:set package 'extra_interfaces' build argument 'catkin_cmake_args' from command line to 'None'
[0.760s] Level 5:colcon.colcon_core.verb:set package 'extra_interfaces' build argument 'catkin_skip_building_tests' from command line to 'False'
[0.760s] DEBUG:colcon.colcon_core.verb:Building package 'extra_interfaces' with the following arguments: {'ament_cmake_args': None, 'build_base': '/home/agustin/STM32CubeIDE/workspace_1.19.0/testURosSetup/uros_ws/src/build/extra_interfaces', 'catkin_cmake_args': None, 'catkin_skip_building_tests': False, 'cmake_args': None, 'cmake_clean_cache': False, 'cmake_clean_first': False, 'cmake_force_configure': False, 'cmake_target': None, 'cmake_target_skip_unavailable': False, 'install_base': '/home/agustin/STM32CubeIDE/workspace_1.19.0/testURosSetup/uros_ws/src/install/extra_interfaces', 'merge_install': False, 'path': '/home/agustin/STM32CubeIDE/workspace_1.19.0/testURosSetup/uros_ws/src/extra_interfaces', 'symlink_install': False, 'test_result_base': None}
[0.760s] INFO:colcon.colcon_core.executor:Executing jobs using 'parallel' executor
[0.762s] DEBUG:colcon.colcon_parallel_executor.executor.parallel:run_until_complete
[0.762s] INFO:colcon.colcon_ros.task.ament_cmake.build:Building ROS package in '/home/agustin/STM32CubeIDE/workspace_1.19.0/testURosSetup/uros_ws/src/extra_interfaces' with build type 'ament_cmake'
[0.762s] INFO:colcon.colcon_cmake.task.cmake.build:Building CMake package in '/home/agustin/STM32CubeIDE/workspace_1.19.0/testURosSetup/uros_ws/src/extra_interfaces'
[0.767s] INFO:colcon.colcon_core.plugin_system:Skipping extension 'colcon_core.shell.bat': Not used on non-Windows systems
[0.767s] INFO:colcon.colcon_core.shell:Skip shell extension 'powershell' for command environment: Not usable outside of PowerShell
[0.767s] DEBUG:colcon.colcon_core.shell:Skip shell extension 'dsv' for command environment
[0.799s] DEBUG:colcon.colcon_core.event_handler.log_command:Invoking command in '/home/agustin/STM32CubeIDE/workspace_1.19.0/testURosSetup/uros_ws/src/build/extra_interfaces': CMAKE_PREFIX_PATH=${CMAKE_PREFIX_PATH}:/home/agustin/STM32CubeIDE/workspace_1.19.0/testURosSetup/uros_ws/firmware/mcu_ws/install/tracetools_test:/home/agustin/STM32CubeIDE/workspace_1.19.0/testURosSetup/uros_ws/firmware/mcu_ws/install/tracetools_launch:/home/agustin/STM32CubeIDE/workspace_1.19.0/testURosSetup/uros_ws/firmware/mcu_ws/install/ros2trace:/home/agustin/STM32CubeIDE/workspace_1.19.0/testURosSetup/uros_ws/firmware/mcu_ws/install/tracetools_trace:/home/agustin/STM32CubeIDE/workspace_1.19.0/testURosSetup/uros_ws/firmware/mcu_ws/install/tracetools_read:/home/agustin/STM32CubeIDE/workspace_1.19.0/testURosSetup/uros_ws/firmware/mcu_ws/install/test_tracetools_launch:/home/agustin/STM32CubeIDE/workspace_1.19.0/testURosSetup/uros_ws/firmware/mcu_ws/install/sensor_msgs_py:/home/agustin/STM32CubeIDE/workspace_1.19.0/testURosSetup/uros_ws/firmware/mcu_ws/install/rosidl_cli:/home/agustin/STM32CubeIDE/workspace_1.19.0/testURosSetup/uros_ws/firmware/dev_ws/install/ament_uncrustify:/home/agustin/STM32CubeIDE/workspace_1.19.0/testURosSetup/uros_ws/firmware/dev_ws/install/domain_coordinator:/home/agustin/STM32CubeIDE/workspace_1.19.0/testURosSetup/uros_ws/firmware/dev_ws/install/ament_xmllint:/home/agustin/STM32CubeIDE/workspace_1.19.0/testURosSetup/uros_ws/firmware/dev_ws/install/ament_pyflakes:/home/agustin/STM32CubeIDE/workspace_1.19.0/testURosSetup/uros_ws/firmware/dev_ws/install/ament_pycodestyle:/home/agustin/STM32CubeIDE/workspace_1.19.0/testURosSetup/uros_ws/firmware/dev_ws/install/ament_pep257:/home/agustin/STM32CubeIDE/workspace_1.19.0/testURosSetup/uros_ws/firmware/dev_ws/install/ament_pclint:/home/agustin/STM32CubeIDE/workspace_1.19.0/testURosSetup/uros_ws/firmware/dev_ws/install/ament_package:/home/agustin/STM32CubeIDE/workspace_1.19.0/testURosSetup/uros_ws/firmware/dev_ws/install/ament_mypy:/home/agustin/STM32CubeIDE/workspace_1.19.0/testURosSetup/uros_ws/firmware/dev_ws/install/ament_lint_cmake:/home/agustin/STM32CubeIDE/workspace_1.19.0/testURosSetup/uros_ws/firmware/dev_ws/install/ament_flake8:/home/agustin/STM32CubeIDE/workspace_1.19.0/testURosSetup/uros_ws/firmware/dev_ws/install/ament_copyright:/home/agustin/STM32CubeIDE/workspace_1.19.0/testURosSetup/uros_ws/firmware/dev_ws/install/ament_lint:/home/agustin/STM32CubeIDE/workspace_1.19.0/testURosSetup/uros_ws/firmware/dev_ws/install/ament_index_python:/home/agustin/STM32CubeIDE/workspace_1.19.0/testURosSetup/uros_ws/firmware/dev_ws/install/ament_cpplint:/home/agustin/STM32CubeIDE/workspace_1.19.0/testURosSetup/uros_ws/firmware/dev_ws/install/ament_cppcheck:/home/agustin/STM32CubeIDE/workspace_1.19.0/testURosSetup/uros_ws/firmware/dev_ws/install/ament_clang_tidy:/home/agustin/STM32CubeIDE/workspace_1.19.0/testURosSetup/uros_ws/firmware/dev_ws/install/ament_clang_format:/opt/ros/humble /usr/bin/cmake --build /home/agustin/STM32CubeIDE/workspace_1.19.0/testURosSetup/uros_ws/src/build/extra_interfaces -- -j4 -l4
[1.729s] DEBUG:colcon.colcon_core.event_handler.log_command:Invoked command in '/home/agustin/STM32CubeIDE/workspace_1.19.0/testURosSetup/uros_ws/src/build/extra_interfaces' returned '0': CMAKE_PREFIX_PATH=${CMAKE_PREFIX_PATH}:/home/agustin/STM32CubeIDE/workspace_1.19.0/testURosSetup/uros_ws/firmware/mcu_ws/install/tracetools_test:/home/agustin/STM32CubeIDE/workspace_1.19.0/testURosSetup/uros_ws/firmware/mcu_ws/install/tracetools_launch:/home/agustin/STM32CubeIDE/workspace_1.19.0/testURosSetup/uros_ws/firmware/mcu_ws/install/ros2trace:/home/agustin/STM32CubeIDE/workspace_1.19.0/testURosSetup/uros_ws/firmware/mcu_ws/install/tracetools_trace:/home/agustin/STM32CubeIDE/workspace_1.19.0/testURosSetup/uros_ws/firmware/mcu_ws/install/tracetools_read:/home/agustin/STM32CubeIDE/workspace_1.19.0/testURosSetup/uros_ws/firmware/mcu_ws/install/test_tracetools_launch:/home/agustin/STM32CubeIDE/workspace_1.19.0/testURosSetup/uros_ws/firmware/mcu_ws/install/sensor_msgs_py:/home/agustin/STM32CubeIDE/workspace_1.19.0/testURosSetup/uros_ws/firmware/mcu_ws/install/rosidl_cli:/home/agustin/STM32CubeIDE/workspace_1.19.0/testURosSetup/uros_ws/firmware/dev_ws/install/ament_uncrustify:/home/agustin/STM32CubeIDE/workspace_1.19.0/testURosSetup/uros_ws/firmware/dev_ws/install/domain_coordinator:/home/agustin/STM32CubeIDE/workspace_1.19.0/testURosSetup/uros_ws/firmware/dev_ws/install/ament_xmllint:/home/agustin/STM32CubeIDE/workspace_1.19.0/testURosSetup/uros_ws/firmware/dev_ws/install/ament_pyflakes:/home/agustin/STM32CubeIDE/workspace_1.19.0/testURosSetup/uros_ws/firmware/dev_ws/install/ament_pycodestyle:/home/agustin/STM32CubeIDE/workspace_1.19.0/testURosSetup/uros_ws/firmware/dev_ws/install/ament_pep257:/home/agustin/STM32CubeIDE/workspace_1.19.0/testURosSetup/uros_ws/firmware/dev_ws/install/ament_pclint:/home/agustin/STM32CubeIDE/workspace_1.19.0/testURosSetup/uros_ws/firmware/dev_ws/install/ament_package:/home/agustin/STM32CubeIDE/workspace_1.19.0/testURosSetup/uros_ws/firmware/dev_ws/install/ament_mypy:/home/agustin/STM32CubeIDE/workspace_1.19.0/testURosSetup/uros_ws/firmware/dev_ws/install/ament_lint_cmake:/home/agustin/STM32CubeIDE/workspace_1.19.0/testURosSetup/uros_ws/firmware/dev_ws/install/ament_flake8:/home/agustin/STM32CubeIDE/workspace_1.19.0/testURosSetup/uros_ws/firmware/dev_ws/install/ament_copyright:/home/agustin/STM32CubeIDE/workspace_1.19.0/testURosSetup/uros_ws/firmware/dev_ws/install/ament_lint:/home/agustin/STM32CubeIDE/workspace_1.19.0/testURosSetup/uros_ws/firmware/dev_ws/install/ament_index_python:/home/agustin/STM32CubeIDE/workspace_1.19.0/testURosSetup/uros_ws/firmware/dev_ws/install/ament_cpplint:/home/agustin/STM32CubeIDE/workspace_1.19.0/testURosSetup/uros_ws/firmware/dev_ws/install/ament_cppcheck:/home/agustin/STM32CubeIDE/workspace_1.19.0/testURosSetup/uros_ws/firmware/dev_ws/install/ament_clang_tidy:/home/agustin/STM32CubeIDE/workspace_1.19.0/testURosSetup/uros_ws/firmware/dev_ws/install/ament_clang_format:/opt/ros/humble /usr/bin/cmake --build /home/agustin/STM32CubeIDE/workspace_1.19.0/testURosSetup/uros_ws/src/build/extra_interfaces -- -j4 -l4
[1.752s] DEBUG:colcon.colcon_core.event_handler.log_command:Invoking command in '/home/agustin/STM32CubeIDE/workspace_1.19.0/testURosSetup/uros_ws/src/build/extra_interfaces': CMAKE_PREFIX_PATH=${CMAKE_PREFIX_PATH}:/home/agustin/STM32CubeIDE/workspace_1.19.0/testURosSetup/uros_ws/firmware/mcu_ws/install/tracetools_test:/home/agustin/STM32CubeIDE/workspace_1.19.0/testURosSetup/uros_ws/firmware/mcu_ws/install/tracetools_launch:/home/agustin/STM32CubeIDE/workspace_1.19.0/testURosSetup/uros_ws/firmware/mcu_ws/install/ros2trace:/home/agustin/STM32CubeIDE/workspace_1.19.0/testURosSetup/uros_ws/firmware/mcu_ws/install/tracetools_trace:/home/agustin/STM32CubeIDE/workspace_1.19.0/testURosSetup/uros_ws/firmware/mcu_ws/install/tracetools_read:/home/agustin/STM32CubeIDE/workspace_1.19.0/testURosSetup/uros_ws/firmware/mcu_ws/install/test_tracetools_launch:/home/agustin/STM32CubeIDE/workspace_1.19.0/testURosSetup/uros_ws/firmware/mcu_ws/install/sensor_msgs_py:/home/agustin/STM32CubeIDE/workspace_1.19.0/testURosSetup/uros_ws/firmware/mcu_ws/install/rosidl_cli:/home/agustin/STM32CubeIDE/workspace_1.19.0/testURosSetup/uros_ws/firmware/dev_ws/install/ament_uncrustify:/home/agustin/STM32CubeIDE/workspace_1.19.0/testURosSetup/uros_ws/firmware/dev_ws/install/domain_coordinator:/home/agustin/STM32CubeIDE/workspace_1.19.0/testURosSetup/uros_ws/firmware/dev_ws/install/ament_xmllint:/home/agustin/STM32CubeIDE/workspace_1.19.0/testURosSetup/uros_ws/firmware/dev_ws/install/ament_pyflakes:/home/agustin/STM32CubeIDE/workspace_1.19.0/testURosSetup/uros_ws/firmware/dev_ws/install/ament_pycodestyle:/home/agustin/STM32CubeIDE/workspace_1.19.0/testURosSetup/uros_ws/firmware/dev_ws/install/ament_pep257:/home/agustin/STM32CubeIDE/workspace_1.19.0/testURosSetup/uros_ws/firmware/dev_ws/install/ament_pclint:/home/agustin/STM32CubeIDE/workspace_1.19.0/testURosSetup/uros_ws/firmware/dev_ws/install/ament_package:/home/agustin/STM32CubeIDE/workspace_1.19.0/testURosSetup/uros_ws/firmware/dev_ws/install/ament_mypy:/home/agustin/STM32CubeIDE/workspace_1.19.0/testURosSetup/uros_ws/firmware/dev_ws/install/ament_lint_cmake:/home/agustin/STM32CubeIDE/workspace_1.19.0/testURosSetup/uros_ws/firmware/dev_ws/install/ament_flake8:/home/agustin/STM32CubeIDE/workspace_1.19.0/testURosSetup/uros_ws/firmware/dev_ws/install/ament_copyright:/home/agustin/STM32CubeIDE/workspace_1.19.0/testURosSetup/uros_ws/firmware/dev_ws/install/ament_lint:/home/agustin/STM32CubeIDE/workspace_1.19.0/testURosSetup/uros_ws/firmware/dev_ws/install/ament_index_python:/home/agustin/STM32CubeIDE/workspace_1.19.0/testURosSetup/uros_ws/firmware/dev_ws/install/ament_cpplint:/home/agustin/STM32CubeIDE/workspace_1.19.0/testURosSetup/uros_ws/firmware/dev_ws/install/ament_cppcheck:/home/agustin/STM32CubeIDE/workspace_1.19.0/testURosSetup/uros_ws/firmware/dev_ws/install/ament_clang_tidy:/home/agustin/STM32CubeIDE/workspace_1.19.0/testURosSetup/uros_ws/firmware/dev_ws/install/ament_clang_format:/opt/ros/humble /usr/bin/cmake --install /home/agustin/STM32CubeIDE/workspace_1.19.0/testURosSetup/uros_ws/src/build/extra_interfaces
[1.889s] Level 1:colcon.colcon_core.environment:create_environment_scripts_only(extra_interfaces)
[1.890s] DEBUG:colcon.colcon_core.event_handler.log_command:Invoked command in '/home/agustin/STM32CubeIDE/workspace_1.19.0/testURosSetup/uros_ws/src/build/extra_interfaces' returned '0': CMAKE_PREFIX_PATH=${CMAKE_PREFIX_PATH}:/home/agustin/STM32CubeIDE/workspace_1.19.0/testURosSetup/uros_ws/firmware/mcu_ws/install/tracetools_test:/home/agustin/STM32CubeIDE/workspace_1.19.0/testURosSetup/uros_ws/firmware/mcu_ws/install/tracetools_launch:/home/agustin/STM32CubeIDE/workspace_1.19.0/testURosSetup/uros_ws/firmware/mcu_ws/install/ros2trace:/home/agustin/STM32CubeIDE/workspace_1.19.0/testURosSetup/uros_ws/firmware/mcu_ws/install/tracetools_trace:/home/agustin/STM32CubeIDE/workspace_1.19.0/testURosSetup/uros_ws/firmware/mcu_ws/install/tracetools_read:/home/agustin/STM32CubeIDE/workspace_1.19.0/testURosSetup/uros_ws/firmware/mcu_ws/install/test_tracetools_launch:/home/agustin/STM32CubeIDE/workspace_1.19.0/testURosSetup/uros_ws/firmware/mcu_ws/install/sensor_msgs_py:/home/agustin/STM32CubeIDE/workspace_1.19.0/testURosSetup/uros_ws/firmware/mcu_ws/install/rosidl_cli:/home/agustin/STM32CubeIDE/workspace_1.19.0/testURosSetup/uros_ws/firmware/dev_ws/install/ament_uncrustify:/home/agustin/STM32CubeIDE/workspace_1.19.0/testURosSetup/uros_ws/firmware/dev_ws/install/domain_coordinator:/home/agustin/STM32CubeIDE/workspace_1.19.0/testURosSetup/uros_ws/firmware/dev_ws/install/ament_xmllint:/home/agustin/STM32CubeIDE/workspace_1.19.0/testURosSetup/uros_ws/firmware/dev_ws/install/ament_pyflakes:/home/agustin/STM32CubeIDE/workspace_1.19.0/testURosSetup/uros_ws/firmware/dev_ws/install/ament_pycodestyle:/home/agustin/STM32CubeIDE/workspace_1.19.0/testURosSetup/uros_ws/firmware/dev_ws/install/ament_pep257:/home/agustin/STM32CubeIDE/workspace_1.19.0/testURosSetup/uros_ws/firmware/dev_ws/install/ament_pclint:/home/agustin/STM32CubeIDE/workspace_1.19.0/testURosSetup/uros_ws/firmware/dev_ws/install/ament_package:/home/agustin/STM32CubeIDE/workspace_1.19.0/testURosSetup/uros_ws/firmware/dev_ws/install/ament_mypy:/home/agustin/STM32CubeIDE/workspace_1.19.0/testURosSetup/uros_ws/firmware/dev_ws/install/ament_lint_cmake:/home/agustin/STM32CubeIDE/workspace_1.19.0/testURosSetup/uros_ws/firmware/dev_ws/install/ament_flake8:/home/agustin/STM32CubeIDE/workspace_1.19.0/testURosSetup/uros_ws/firmware/dev_ws/install/ament_copyright:/home/agustin/STM32CubeIDE/workspace_1.19.0/testURosSetup/uros_ws/firmware/dev_ws/install/ament_lint:/home/agustin/STM32CubeIDE/workspace_1.19.0/testURosSetup/uros_ws/firmware/dev_ws/install/ament_index_python:/home/agustin/STM32CubeIDE/workspace_1.19.0/testURosSetup/uros_ws/firmware/dev_ws/install/ament_cpplint:/home/agustin/STM32CubeIDE/workspace_1.19.0/testURosSetup/uros_ws/firmware/dev_ws/install/ament_cppcheck:/home/agustin/STM32CubeIDE/workspace_1.19.0/testURosSetup/uros_ws/firmware/dev_ws/install/ament_clang_tidy:/home/agustin/STM32CubeIDE/workspace_1.19.0/testURosSetup/uros_ws/firmware/dev_ws/install/ament_clang_format:/opt/ros/humble /usr/bin/cmake --install /home/agustin/STM32CubeIDE/workspace_1.19.0/testURosSetup/uros_ws/src/build/extra_interfaces
[1.895s] Level 1:colcon.colcon_core.environment:checking '/home/agustin/STM32CubeIDE/workspace_1.19.0/testURosSetup/uros_ws/src/install/extra_interfaces' for CMake module files
[1.896s] Level 1:colcon.colcon_core.environment:checking '/home/agustin/STM32CubeIDE/workspace_1.19.0/testURosSetup/uros_ws/src/install/extra_interfaces' for CMake config files
[1.897s] Level 1:colcon.colcon_core.shell:create_environment_hook('extra_interfaces', 'cmake_prefix_path')
[1.897s] INFO:colcon.colcon_core.shell:Creating environment hook '/home/agustin/STM32CubeIDE/workspace_1.19.0/testURosSetup/uros_ws/src/install/extra_interfaces/share/extra_interfaces/hook/cmake_prefix_path.ps1'
[1.898s] INFO:colcon.colcon_core.shell:Creating environment descriptor '/home/agustin/STM32CubeIDE/workspace_1.19.0/testURosSetup/uros_ws/src/install/extra_interfaces/share/extra_interfaces/hook/cmake_prefix_path.dsv'
[1.899s] INFO:colcon.colcon_core.shell:Creating environment hook '/home/agustin/STM32CubeIDE/workspace_1.19.0/testURosSetup/uros_ws/src/install/extra_interfaces/share/extra_interfaces/hook/cmake_prefix_path.sh'
[1.901s] Level 1:colcon.colcon_core.environment:checking '/home/agustin/STM32CubeIDE/workspace_1.19.0/testURosSetup/uros_ws/src/install/extra_interfaces/lib'
[1.901s] Level 1:colcon.colcon_core.shell:create_environment_hook('extra_interfaces', 'ld_library_path_lib')
[1.901s] INFO:colcon.colcon_core.shell:Creating environment hook '/home/agustin/STM32CubeIDE/workspace_1.19.0/testURosSetup/uros_ws/src/install/extra_interfaces/share/extra_interfaces/hook/ld_library_path_lib.ps1'
[1.902s] INFO:colcon.colcon_core.shell:Creating environment descriptor '/home/agustin/STM32CubeIDE/workspace_1.19.0/testURosSetup/uros_ws/src/install/extra_interfaces/share/extra_interfaces/hook/ld_library_path_lib.dsv'
[1.902s] INFO:colcon.colcon_core.shell:Creating environment hook '/home/agustin/STM32CubeIDE/workspace_1.19.0/testURosSetup/uros_ws/src/install/extra_interfaces/share/extra_interfaces/hook/ld_library_path_lib.sh'
[1.903s] Level 1:colcon.colcon_core.environment:checking '/home/agustin/STM32CubeIDE/workspace_1.19.0/testURosSetup/uros_ws/src/install/extra_interfaces/bin'
[1.903s] Level 1:colcon.colcon_core.environment:checking '/home/agustin/STM32CubeIDE/workspace_1.19.0/testURosSetup/uros_ws/src/install/extra_interfaces/lib/pkgconfig/extra_interfaces.pc'
[1.904s] Level 1:colcon.colcon_core.environment:checking '/home/agustin/STM32CubeIDE/workspace_1.19.0/testURosSetup/uros_ws/src/install/extra_interfaces/lib/python3.10/site-packages'
[1.904s] Level 1:colcon.colcon_core.environment:checking '/home/agustin/STM32CubeIDE/workspace_1.19.0/testURosSetup/uros_ws/src/install/extra_interfaces/bin'
[1.905s] INFO:colcon.colcon_core.shell:Creating package script '/home/agustin/STM32CubeIDE/workspace_1.19.0/testURosSetup/uros_ws/src/install/extra_interfaces/share/extra_interfaces/package.ps1'
[1.906s] INFO:colcon.colcon_core.shell:Creating package descriptor '/home/agustin/STM32CubeIDE/workspace_1.19.0/testURosSetup/uros_ws/src/install/extra_interfaces/share/extra_interfaces/package.dsv'
[1.907s] INFO:colcon.colcon_core.shell:Creating package script '/home/agustin/STM32CubeIDE/workspace_1.19.0/testURosSetup/uros_ws/src/install/extra_interfaces/share/extra_interfaces/package.sh'
[1.908s] INFO:colcon.colcon_core.shell:Creating package script '/home/agustin/STM32CubeIDE/workspace_1.19.0/testURosSetup/uros_ws/src/install/extra_interfaces/share/extra_interfaces/package.bash'
[1.909s] INFO:colcon.colcon_core.shell:Creating package script '/home/agustin/STM32CubeIDE/workspace_1.19.0/testURosSetup/uros_ws/src/install/extra_interfaces/share/extra_interfaces/package.zsh'
[1.910s] Level 1:colcon.colcon_core.environment:create_file_with_runtime_dependencies(/home/agustin/STM32CubeIDE/workspace_1.19.0/testURosSetup/uros_ws/src/install/extra_interfaces/share/colcon-core/packages/extra_interfaces)
[1.912s] Level 1:colcon.colcon_core.environment:create_environment_scripts_only(extra_interfaces)
[1.913s] Level 1:colcon.colcon_core.environment:checking '/home/agustin/STM32CubeIDE/workspace_1.19.0/testURosSetup/uros_ws/src/install/extra_interfaces' for CMake module files
[1.914s] Level 1:colcon.colcon_core.environment:checking '/home/agustin/STM32CubeIDE/workspace_1.19.0/testURosSetup/uros_ws/src/install/extra_interfaces' for CMake config files
[1.914s] Level 1:colcon.colcon_core.shell:create_environment_hook('extra_interfaces', 'cmake_prefix_path')
[1.915s] INFO:colcon.colcon_core.shell:Creating environment hook '/home/agustin/STM32CubeIDE/workspace_1.19.0/testURosSetup/uros_ws/src/install/extra_interfaces/share/extra_interfaces/hook/cmake_prefix_path.ps1'
[1.915s] INFO:colcon.colcon_core.shell:Creating environment descriptor '/home/agustin/STM32CubeIDE/workspace_1.19.0/testURosSetup/uros_ws/src/install/extra_interfaces/share/extra_interfaces/hook/cmake_prefix_path.dsv'
[1.916s] INFO:colcon.colcon_core.shell:Creating environment hook '/home/agustin/STM32CubeIDE/workspace_1.19.0/testURosSetup/uros_ws/src/install/extra_interfaces/share/extra_interfaces/hook/cmake_prefix_path.sh'
[1.917s] Level 1:colcon.colcon_core.environment:checking '/home/agustin/STM32CubeIDE/workspace_1.19.0/testURosSetup/uros_ws/src/install/extra_interfaces/lib'
[1.917s] Level 1:colcon.colcon_core.shell:create_environment_hook('extra_interfaces', 'ld_library_path_lib')
[1.918s] INFO:colcon.colcon_core.shell:Creating environment hook '/home/agustin/STM32CubeIDE/workspace_1.19.0/testURosSetup/uros_ws/src/install/extra_interfaces/share/extra_interfaces/hook/ld_library_path_lib.ps1'
[1.918s] INFO:colcon.colcon_core.shell:Creating environment descriptor '/home/agustin/STM32CubeIDE/workspace_1.19.0/testURosSetup/uros_ws/src/install/extra_interfaces/share/extra_interfaces/hook/ld_library_path_lib.dsv'
[1.919s] INFO:colcon.colcon_core.shell:Creating environment hook '/home/agustin/STM32CubeIDE/workspace_1.19.0/testURosSetup/uros_ws/src/install/extra_interfaces/share/extra_interfaces/hook/ld_library_path_lib.sh'
[1.920s] Level 1:colcon.colcon_core.environment:checking '/home/agustin/STM32CubeIDE/workspace_1.19.0/testURosSetup/uros_ws/src/install/extra_interfaces/bin'
[1.920s] Level 1:colcon.colcon_core.environment:checking '/home/agustin/STM32CubeIDE/workspace_1.19.0/testURosSetup/uros_ws/src/install/extra_interfaces/lib/pkgconfig/extra_interfaces.pc'
[1.920s] Level 1:colcon.colcon_core.environment:checking '/home/agustin/STM32CubeIDE/workspace_1.19.0/testURosSetup/uros_ws/src/install/extra_interfaces/lib/python3.10/site-packages'
[1.920s] Level 1:colcon.colcon_core.environment:checking '/home/agustin/STM32CubeIDE/workspace_1.19.0/testURosSetup/uros_ws/src/install/extra_interfaces/bin'
[1.921s] INFO:colcon.colcon_core.shell:Creating package script '/home/agustin/STM32CubeIDE/workspace_1.19.0/testURosSetup/uros_ws/src/install/extra_interfaces/share/extra_interfaces/package.ps1'
[1.922s] INFO:colcon.colcon_core.shell:Creating package descriptor '/home/agustin/STM32CubeIDE/workspace_1.19.0/testURosSetup/uros_ws/src/install/extra_interfaces/share/extra_interfaces/package.dsv'
[1.923s] INFO:colcon.colcon_core.shell:Creating package script '/home/agustin/STM32CubeIDE/workspace_1.19.0/testURosSetup/uros_ws/src/install/extra_interfaces/share/extra_interfaces/package.sh'
[1.924s] INFO:colcon.colcon_core.shell:Creating package script '/home/agustin/STM32CubeIDE/workspace_1.19.0/testURosSetup/uros_ws/src/install/extra_interfaces/share/extra_interfaces/package.bash'
[1.924s] INFO:colcon.colcon_core.shell:Creating package script '/home/agustin/STM32CubeIDE/workspace_1.19.0/testURosSetup/uros_ws/src/install/extra_interfaces/share/extra_interfaces/package.zsh'
[1.925s] Level 1:colcon.colcon_core.environment:create_file_with_runtime_dependencies(/home/agustin/STM32CubeIDE/workspace_1.19.0/testURosSetup/uros_ws/src/install/extra_interfaces/share/colcon-core/packages/extra_interfaces)
[1.926s] DEBUG:colcon.colcon_parallel_executor.executor.parallel:closing loop
[1.926s] DEBUG:colcon.colcon_parallel_executor.executor.parallel:loop closed
[1.926s] DEBUG:colcon.colcon_parallel_executor.executor.parallel:run_until_complete finished with '0'
[1.926s] DEBUG:colcon.colcon_core.event_reactor:joining thread
[1.936s] INFO:colcon.colcon_core.plugin_system:Skipping extension 'colcon_notification.desktop_notification.terminal_notifier': Not used on non-Darwin systems
[1.936s] INFO:colcon.colcon_core.plugin_system:Skipping extension 'colcon_notification.desktop_notification.win32': Not used on non-Windows systems
[1.936s] INFO:colcon.colcon_notification.desktop_notification:Sending desktop notification using 'notify2'
[1.956s] DEBUG:colcon.colcon_core.event_reactor:joined thread
[1.957s] INFO:colcon.colcon_core.shell:Creating prefix script '/home/agustin/STM32CubeIDE/workspace_1.19.0/testURosSetup/uros_ws/src/install/local_setup.ps1'
[1.958s] INFO:colcon.colcon_core.shell:Creating prefix util module '/home/agustin/STM32CubeIDE/workspace_1.19.0/testURosSetup/uros_ws/src/install/_local_setup_util_ps1.py'
[1.961s] INFO:colcon.colcon_core.shell:Creating prefix chain script '/home/agustin/STM32CubeIDE/workspace_1.19.0/testURosSetup/uros_ws/src/install/setup.ps1'
[1.970s] INFO:colcon.colcon_core.shell:Creating prefix script '/home/agustin/STM32CubeIDE/workspace_1.19.0/testURosSetup/uros_ws/src/install/local_setup.sh'
[1.971s] INFO:colcon.colcon_core.shell:Creating prefix util module '/home/agustin/STM32CubeIDE/workspace_1.19.0/testURosSetup/uros_ws/src/install/_local_setup_util_sh.py'
[1.973s] INFO:colcon.colcon_core.shell:Creating prefix chain script '/home/agustin/STM32CubeIDE/workspace_1.19.0/testURosSetup/uros_ws/src/install/setup.sh'
[1.981s] INFO:colcon.colcon_core.shell:Creating prefix script '/home/agustin/STM32CubeIDE/workspace_1.19.0/testURosSetup/uros_ws/src/install/local_setup.bash'
[1.982s] INFO:colcon.colcon_core.shell:Creating prefix chain script '/home/agustin/STM32CubeIDE/workspace_1.19.0/testURosSetup/uros_ws/src/install/setup.bash'
[1.990s] INFO:colcon.colcon_core.shell:Creating prefix script '/home/agustin/STM32CubeIDE/workspace_1.19.0/testURosSetup/uros_ws/src/install/local_setup.zsh'
[1.991s] INFO:colcon.colcon_core.shell:Creating prefix chain script '/home/agustin/STM32CubeIDE/workspace_1.19.0/testURosSetup/uros_ws/src/install/setup.zsh'
