[0.345s] DEBUG:colcon:Command line arguments: ['/usr/bin/colcon', 'build', '--packages-select', 'robot_control']
[0.345s] DEBUG:colcon:Parsed command line arguments: Namespace(log_base=None, log_level=None, verb_name='build', build_base='build', install_base='install', merge_install=False, symlink_install=False, test_result_base=None, continue_on_error=False, executor='parallel', parallel_workers=1, event_handlers=None, ignore_user_meta=False, metas=['./colcon.meta'], base_paths=['.'], packages_ignore=None, packages_ignore_regex=None, paths=None, packages_up_to=None, packages_up_to_regex=None, packages_above=None, packages_above_and_dependencies=None, packages_above_depth=None, packages_select_by_dep=None, packages_skip_by_dep=None, packages_skip_up_to=None, packages_select_build_failed=False, packages_skip_build_finished=False, packages_select_test_failures=False, packages_skip_test_passed=False, packages_select=['robot_control'], packages_skip=None, packages_select_regex=None, packages_skip_regex=None, packages_start=None, packages_end=None, allow_overriding=[], cmake_args=None, cmake_target=None, cmake_target_skip_unavailable=False, cmake_clean_cache=False, cmake_clean_first=False, cmake_force_configure=False, ament_cmake_args=None, catkin_cmake_args=None, catkin_skip_building_tests=False, mixin_files=None, mixin=None, verb_parser=<colcon_mixin.mixin.mixin_argument.MixinArgumentDecorator object at 0x72b91c55db10>, verb_extension=<colcon_core.verb.build.BuildVerb object at 0x72b91c65b130>, main=<bound method BuildVerb.main of <colcon_core.verb.build.BuildVerb object at 0x72b91c65b130>>, mixin_verb=('build',))
[0.921s] Level 1:colcon.colcon_core.package_discovery:discover_packages(colcon_meta) check parameters
[0.922s] Level 1:colcon.colcon_core.package_discovery:discover_packages(recursive) check parameters
[0.923s] Level 1:colcon.colcon_core.package_discovery:discover_packages(ignore) check parameters
[0.923s] Level 1:colcon.colcon_core.package_discovery:discover_packages(path) check parameters
[0.923s] Level 1:colcon.colcon_core.package_discovery:discover_packages(colcon_meta) discover
[0.923s] Level 1:colcon.colcon_core.package_discovery:discover_packages(recursive) discover
[0.923s] INFO:colcon.colcon_core.package_discovery:Crawling recursively for packages in '/home/agustin/pfe/PFE/ROS/orchestrator-project/src'
[0.923s] Level 1:colcon.colcon_core.package_identification:_identify(.) by extensions ['ignore', 'ignore_ament_install']
[0.924s] Level 1:colcon.colcon_core.package_identification:_identify(.) by extension 'ignore'
[0.924s] Level 1:colcon.colcon_core.package_identification:_identify(.) by extension 'ignore_ament_install'
[0.925s] Level 1:colcon.colcon_core.package_identification:_identify(.) by extensions ['colcon_pkg']
[0.925s] Level 1:colcon.colcon_core.package_identification:_identify(.) by extension 'colcon_pkg'
[0.926s] Level 1:colcon.colcon_core.package_identification:_identify(.) by extensions ['colcon_meta']
[0.926s] Level 1:colcon.colcon_core.package_identification:_identify(.) by extension 'colcon_meta'
[0.926s] Level 1:colcon.colcon_core.package_identification:_identify(.) by extensions ['ros']
[0.926s] Level 1:colcon.colcon_core.package_identification:_identify(.) by extension 'ros'
[1.048s] Level 1:colcon.colcon_core.package_identification:_identify(.) by extensions ['cmake', 'python']
[1.049s] Level 1:colcon.colcon_core.package_identification:_identify(.) by extension 'cmake'
[1.050s] Level 1:colcon.colcon_core.package_identification:_identify(.) by extension 'python'
[1.050s] Level 1:colcon.colcon_core.package_identification:_identify(.) by extensions ['python_setup_py']
[1.050s] Level 1:colcon.colcon_core.package_identification:_identify(.) by extension 'python_setup_py'
[1.050s] Level 1:colcon.colcon_core.package_identification:_identify(build) by extensions ['ignore', 'ignore_ament_install']
[1.050s] Level 1:colcon.colcon_core.package_identification:_identify(build) by extension 'ignore'
[1.050s] Level 1:colcon.colcon_core.package_identification:_identify(build) ignored
[1.051s] Level 1:colcon.colcon_core.package_identification:_identify(install) by extensions ['ignore', 'ignore_ament_install']
[1.052s] Level 1:colcon.colcon_core.package_identification:_identify(install) by extension 'ignore'
[1.053s] Level 1:colcon.colcon_core.package_identification:_identify(install) ignored
[1.053s] Level 1:colcon.colcon_core.package_identification:_identify(log) by extensions ['ignore', 'ignore_ament_install']
[1.054s] Level 1:colcon.colcon_core.package_identification:_identify(log) by extension 'ignore'
[1.054s] Level 1:colcon.colcon_core.package_identification:_identify(log) ignored
[1.055s] Level 1:colcon.colcon_core.package_identification:_identify(robot_control) by extensions ['ignore', 'ignore_ament_install']
[1.055s] Level 1:colcon.colcon_core.package_identification:_identify(robot_control) by extension 'ignore'
[1.055s] Level 1:colcon.colcon_core.package_identification:_identify(robot_control) by extension 'ignore_ament_install'
[1.055s] Level 1:colcon.colcon_core.package_identification:_identify(robot_control) by extensions ['colcon_pkg']
[1.055s] Level 1:colcon.colcon_core.package_identification:_identify(robot_control) by extension 'colcon_pkg'
[1.055s] Level 1:colcon.colcon_core.package_identification:_identify(robot_control) by extensions ['colcon_meta']
[1.055s] Level 1:colcon.colcon_core.package_identification:_identify(robot_control) by extension 'colcon_meta'
[1.056s] Level 1:colcon.colcon_core.package_identification:_identify(robot_control) by extensions ['ros']
[1.056s] Level 1:colcon.colcon_core.package_identification:_identify(robot_control) by extension 'ros'
[1.064s] DEBUG:colcon.colcon_core.package_identification:Package 'robot_control' with type 'ros.ament_python' and name 'robot_control'
[1.065s] Level 1:colcon.colcon_core.package_discovery:discover_packages(recursive) using defaults
[1.066s] Level 1:colcon.colcon_core.package_discovery:discover_packages(ignore) discover
[1.066s] Level 1:colcon.colcon_core.package_discovery:discover_packages(ignore) using defaults
[1.066s] Level 1:colcon.colcon_core.package_discovery:discover_packages(path) discover
[1.066s] Level 1:colcon.colcon_core.package_discovery:discover_packages(path) using defaults
[1.124s] Level 1:colcon.colcon_core.package_discovery:discover_packages(prefix_path) check parameters
[1.125s] Level 1:colcon.colcon_core.package_discovery:discover_packages(prefix_path) discover
[1.131s] DEBUG:colcon.colcon_installed_package_information.package_discovery:Found 0 installed packages in /home/agustin/pfe/PFE/ROS/orchestrator-project/src/robot_control/install
[1.137s] DEBUG:colcon.colcon_installed_package_information.package_discovery:Found 295 installed packages in /opt/ros/humble
[1.144s] Level 1:colcon.colcon_core.package_discovery:discover_packages(prefix_path) using defaults
[1.306s] Level 5:colcon.colcon_core.verb:set package 'robot_control' build argument 'cmake_args' from command line to 'None'
[1.307s] Level 5:colcon.colcon_core.verb:set package 'robot_control' build argument 'cmake_target' from command line to 'None'
[1.307s] Level 5:colcon.colcon_core.verb:set package 'robot_control' build argument 'cmake_target_skip_unavailable' from command line to 'False'
[1.307s] Level 5:colcon.colcon_core.verb:set package 'robot_control' build argument 'cmake_clean_cache' from command line to 'False'
[1.307s] Level 5:colcon.colcon_core.verb:set package 'robot_control' build argument 'cmake_clean_first' from command line to 'False'
[1.307s] Level 5:colcon.colcon_core.verb:set package 'robot_control' build argument 'cmake_force_configure' from command line to 'False'
[1.308s] Level 5:colcon.colcon_core.verb:set package 'robot_control' build argument 'ament_cmake_args' from command line to 'None'
[1.308s] Level 5:colcon.colcon_core.verb:set package 'robot_control' build argument 'catkin_cmake_args' from command line to 'None'
[1.308s] Level 5:colcon.colcon_core.verb:set package 'robot_control' build argument 'catkin_skip_building_tests' from command line to 'False'
[1.308s] DEBUG:colcon.colcon_core.verb:Building package 'robot_control' with the following arguments: {'ament_cmake_args': None, 'build_base': '/home/agustin/pfe/PFE/ROS/orchestrator-project/src/build/robot_control', 'catkin_cmake_args': None, 'catkin_skip_building_tests': False, 'cmake_args': None, 'cmake_clean_cache': False, 'cmake_clean_first': False, 'cmake_force_configure': False, 'cmake_target': None, 'cmake_target_skip_unavailable': False, 'install_base': '/home/agustin/pfe/PFE/ROS/orchestrator-project/src/install/robot_control', 'merge_install': False, 'path': '/home/agustin/pfe/PFE/ROS/orchestrator-project/src/robot_control', 'symlink_install': False, 'test_result_base': None}
[1.309s] INFO:colcon.colcon_core.executor:Executing jobs using 'parallel' executor
[1.313s] DEBUG:colcon.colcon_parallel_executor.executor.parallel:run_until_complete
[1.314s] INFO:colcon.colcon_ros.task.ament_python.build:Building ROS package in '/home/agustin/pfe/PFE/ROS/orchestrator-project/src/robot_control' with build type 'ament_python'
[1.316s] Level 1:colcon.colcon_core.shell:create_environment_hook('robot_control', 'ament_prefix_path')
[1.321s] INFO:colcon.colcon_core.plugin_system:Skipping extension 'colcon_core.shell.bat': Not used on non-Windows systems
[1.323s] INFO:colcon.colcon_core.shell:Creating environment hook '/home/agustin/pfe/PFE/ROS/orchestrator-project/src/install/robot_control/share/robot_control/hook/ament_prefix_path.ps1'
[1.326s] INFO:colcon.colcon_core.shell:Creating environment descriptor '/home/agustin/pfe/PFE/ROS/orchestrator-project/src/install/robot_control/share/robot_control/hook/ament_prefix_path.dsv'
[1.331s] INFO:colcon.colcon_core.shell:Creating environment hook '/home/agustin/pfe/PFE/ROS/orchestrator-project/src/install/robot_control/share/robot_control/hook/ament_prefix_path.sh'
[1.337s] INFO:colcon.colcon_core.shell:Skip shell extension 'powershell' for command environment: Not usable outside of PowerShell
[1.340s] DEBUG:colcon.colcon_core.shell:Skip shell extension 'dsv' for command environment
[2.419s] INFO:colcon.colcon_core.task.python.build:Building Python package in '/home/agustin/pfe/PFE/ROS/orchestrator-project/src/robot_control'
[2.420s] INFO:colcon.colcon_core.shell:Skip shell extension 'powershell' for command environment: Not usable outside of PowerShell
[2.421s] DEBUG:colcon.colcon_core.shell:Skip shell extension 'dsv' for command environment
[3.806s] DEBUG:colcon.colcon_core.event_handler.log_command:Invoking command in '/home/agustin/pfe/PFE/ROS/orchestrator-project/src/robot_control': PYTHONPATH=/home/agustin/pfe/PFE/ROS/orchestrator-project/src/build/robot_control/prefix_override:/usr/lib/python3/dist-packages/colcon_core/task/python/colcon_distutils_commands:/home/agustin/pfe/PFE/ROS/orchestrator-project/src/install/robot_control/lib/python3.10/site-packages:${PYTHONPATH} /usr/bin/python3 -W ignore:setup.py install is deprecated -W ignore:easy_install command is deprecated setup.py egg_info --egg-base ../build/robot_control build --build-base /home/agustin/pfe/PFE/ROS/orchestrator-project/src/build/robot_control/build install --record /home/agustin/pfe/PFE/ROS/orchestrator-project/src/build/robot_control/install.log --single-version-externally-managed install_data
[5.215s] DEBUG:colcon.colcon_core.event_handler.log_command:Invoked command in '/home/agustin/pfe/PFE/ROS/orchestrator-project/src/robot_control' returned '0': PYTHONPATH=/home/agustin/pfe/PFE/ROS/orchestrator-project/src/build/robot_control/prefix_override:/usr/lib/python3/dist-packages/colcon_core/task/python/colcon_distutils_commands:/home/agustin/pfe/PFE/ROS/orchestrator-project/src/install/robot_control/lib/python3.10/site-packages:${PYTHONPATH} /usr/bin/python3 -W ignore:setup.py install is deprecated -W ignore:easy_install command is deprecated setup.py egg_info --egg-base ../build/robot_control build --build-base /home/agustin/pfe/PFE/ROS/orchestrator-project/src/build/robot_control/build install --record /home/agustin/pfe/PFE/ROS/orchestrator-project/src/build/robot_control/install.log --single-version-externally-managed install_data
[5.233s] Level 1:colcon.colcon_core.environment:checking '/home/agustin/pfe/PFE/ROS/orchestrator-project/src/install/robot_control' for CMake module files
[5.236s] Level 1:colcon.colcon_core.environment:checking '/home/agustin/pfe/PFE/ROS/orchestrator-project/src/install/robot_control' for CMake config files
[5.242s] Level 1:colcon.colcon_core.environment:checking '/home/agustin/pfe/PFE/ROS/orchestrator-project/src/install/robot_control/lib'
[5.246s] Level 1:colcon.colcon_core.environment:checking '/home/agustin/pfe/PFE/ROS/orchestrator-project/src/install/robot_control/bin'
[5.246s] Level 1:colcon.colcon_core.environment:checking '/home/agustin/pfe/PFE/ROS/orchestrator-project/src/install/robot_control/lib/pkgconfig/robot_control.pc'
[5.249s] Level 1:colcon.colcon_core.environment:checking '/home/agustin/pfe/PFE/ROS/orchestrator-project/src/install/robot_control/lib/python3.10/site-packages'
[5.249s] Level 1:colcon.colcon_core.shell:create_environment_hook('robot_control', 'pythonpath')
[5.250s] INFO:colcon.colcon_core.shell:Creating environment hook '/home/agustin/pfe/PFE/ROS/orchestrator-project/src/install/robot_control/share/robot_control/hook/pythonpath.ps1'
[5.253s] INFO:colcon.colcon_core.shell:Creating environment descriptor '/home/agustin/pfe/PFE/ROS/orchestrator-project/src/install/robot_control/share/robot_control/hook/pythonpath.dsv'
[5.256s] INFO:colcon.colcon_core.shell:Creating environment hook '/home/agustin/pfe/PFE/ROS/orchestrator-project/src/install/robot_control/share/robot_control/hook/pythonpath.sh'
[5.260s] Level 1:colcon.colcon_core.environment:checking '/home/agustin/pfe/PFE/ROS/orchestrator-project/src/install/robot_control/bin'
[5.262s] Level 1:colcon.colcon_core.environment:create_environment_scripts_only(robot_control)
[5.263s] INFO:colcon.colcon_core.shell:Creating package script '/home/agustin/pfe/PFE/ROS/orchestrator-project/src/install/robot_control/share/robot_control/package.ps1'
[5.268s] INFO:colcon.colcon_core.shell:Creating package descriptor '/home/agustin/pfe/PFE/ROS/orchestrator-project/src/install/robot_control/share/robot_control/package.dsv'
[5.271s] INFO:colcon.colcon_core.shell:Creating package script '/home/agustin/pfe/PFE/ROS/orchestrator-project/src/install/robot_control/share/robot_control/package.sh'
[5.274s] INFO:colcon.colcon_core.shell:Creating package script '/home/agustin/pfe/PFE/ROS/orchestrator-project/src/install/robot_control/share/robot_control/package.bash'
[5.277s] INFO:colcon.colcon_core.shell:Creating package script '/home/agustin/pfe/PFE/ROS/orchestrator-project/src/install/robot_control/share/robot_control/package.zsh'
[5.280s] Level 1:colcon.colcon_core.environment:create_file_with_runtime_dependencies(/home/agustin/pfe/PFE/ROS/orchestrator-project/src/install/robot_control/share/colcon-core/packages/robot_control)
[5.281s] DEBUG:colcon.colcon_parallel_executor.executor.parallel:closing loop
[5.283s] DEBUG:colcon.colcon_parallel_executor.executor.parallel:loop closed
[5.283s] DEBUG:colcon.colcon_parallel_executor.executor.parallel:run_until_complete finished with '0'
[5.283s] DEBUG:colcon.colcon_core.event_reactor:joining thread
[5.311s] INFO:colcon.colcon_core.plugin_system:Skipping extension 'colcon_notification.desktop_notification.terminal_notifier': Not used on non-Darwin systems
[5.311s] INFO:colcon.colcon_core.plugin_system:Skipping extension 'colcon_notification.desktop_notification.win32': Not used on non-Windows systems
[5.312s] INFO:colcon.colcon_notification.desktop_notification:Sending desktop notification using 'notify2'
[5.368s] DEBUG:colcon.colcon_core.event_reactor:joined thread
[5.368s] INFO:colcon.colcon_core.shell:Creating prefix script '/home/agustin/pfe/PFE/ROS/orchestrator-project/src/install/local_setup.ps1'
[5.378s] INFO:colcon.colcon_core.shell:Creating prefix util module '/home/agustin/pfe/PFE/ROS/orchestrator-project/src/install/_local_setup_util_ps1.py'
[5.392s] INFO:colcon.colcon_core.shell:Creating prefix chain script '/home/agustin/pfe/PFE/ROS/orchestrator-project/src/install/setup.ps1'
[5.401s] INFO:colcon.colcon_core.shell:Creating prefix script '/home/agustin/pfe/PFE/ROS/orchestrator-project/src/install/local_setup.sh'
[5.407s] INFO:colcon.colcon_core.shell:Creating prefix util module '/home/agustin/pfe/PFE/ROS/orchestrator-project/src/install/_local_setup_util_sh.py'
[5.413s] INFO:colcon.colcon_core.shell:Creating prefix chain script '/home/agustin/pfe/PFE/ROS/orchestrator-project/src/install/setup.sh'
[5.422s] INFO:colcon.colcon_core.shell:Creating prefix script '/home/agustin/pfe/PFE/ROS/orchestrator-project/src/install/local_setup.bash'
[5.428s] INFO:colcon.colcon_core.shell:Creating prefix chain script '/home/agustin/pfe/PFE/ROS/orchestrator-project/src/install/setup.bash'
[5.438s] INFO:colcon.colcon_core.shell:Creating prefix script '/home/agustin/pfe/PFE/ROS/orchestrator-project/src/install/local_setup.zsh'
[5.445s] INFO:colcon.colcon_core.shell:Creating prefix chain script '/home/agustin/pfe/PFE/ROS/orchestrator-project/src/install/setup.zsh'
