[2.874s] Invoking command in '/home/agustin/STM32CubeIDE/workspace_1.19.0/testURosSetup/uros_ws/firmware/mcu_ws/uros/tracetools/tracetools_read': PYTHONPATH=/home/agustin/STM32CubeIDE/workspace_1.19.0/testURosSetup/uros_ws/firmware/mcu_ws/build/tracetools_read/prefix_override:/usr/lib/python3/dist-packages/colcon_core/task/python/colcon_distutils_commands:/home/agustin/STM32CubeIDE/workspace_1.19.0/testURosSetup/uros_ws/firmware/mcu_ws/install/tracetools_read/lib/python3.10/site-packages:${PYTHONPATH} /usr/bin/python3 -W ignore:setup.py install is deprecated -W ignore:easy_install command is deprecated setup.py egg_info --egg-base ../../../build/tracetools_read build --build-base /home/agustin/STM32CubeIDE/workspace_1.19.0/testURosSetup/uros_ws/firmware/mcu_ws/build/tracetools_read/build install --record /home/agustin/STM32CubeIDE/workspace_1.19.0/testURosSetup/uros_ws/firmware/mcu_ws/build/tracetools_read/install.log --single-version-externally-managed install_data
[3.774s] running egg_info
[3.775s] creating ../../../build/tracetools_read/tracetools_read.egg-info
[3.776s] writing ../../../build/tracetools_read/tracetools_read.egg-info/PKG-INFO
[3.776s] writing dependency_links to ../../../build/tracetools_read/tracetools_read.egg-info/dependency_links.txt
[3.776s] writing requirements to ../../../build/tracetools_read/tracetools_read.egg-info/requires.txt
[3.776s] writing top-level names to ../../../build/tracetools_read/tracetools_read.egg-info/top_level.txt
[3.777s] writing manifest file '../../../build/tracetools_read/tracetools_read.egg-info/SOURCES.txt'
[3.780s] reading manifest file '../../../build/tracetools_read/tracetools_read.egg-info/SOURCES.txt'
[3.782s] writing manifest file '../../../build/tracetools_read/tracetools_read.egg-info/SOURCES.txt'
[3.783s] running build
[3.783s] running build_py
[3.787s] creating /home/agustin/STM32CubeIDE/workspace_1.19.0/testURosSetup/uros_ws/firmware/mcu_ws/build/tracetools_read/build
[3.787s] creating /home/agustin/STM32CubeIDE/workspace_1.19.0/testURosSetup/uros_ws/firmware/mcu_ws/build/tracetools_read/build/lib
[3.788s] creating /home/agustin/STM32CubeIDE/workspace_1.19.0/testURosSetup/uros_ws/firmware/mcu_ws/build/tracetools_read/build/lib/tracetools_read
[3.788s] copying tracetools_read/trace.py -> /home/agustin/STM32CubeIDE/workspace_1.19.0/testURosSetup/uros_ws/firmware/mcu_ws/build/tracetools_read/build/lib/tracetools_read
[3.789s] copying tracetools_read/__init__.py -> /home/agustin/STM32CubeIDE/workspace_1.19.0/testURosSetup/uros_ws/firmware/mcu_ws/build/tracetools_read/build/lib/tracetools_read
[3.790s] running install
[3.790s] running install_lib
[3.790s] creating /home/agustin/STM32CubeIDE/workspace_1.19.0/testURosSetup/uros_ws/firmware/mcu_ws/install/tracetools_read/lib/python3.10/site-packages/tracetools_read
[3.790s] copying /home/agustin/STM32CubeIDE/workspace_1.19.0/testURosSetup/uros_ws/firmware/mcu_ws/build/tracetools_read/build/lib/tracetools_read/trace.py -> /home/agustin/STM32CubeIDE/workspace_1.19.0/testURosSetup/uros_ws/firmware/mcu_ws/install/tracetools_read/lib/python3.10/site-packages/tracetools_read
[3.792s] copying /home/agustin/STM32CubeIDE/workspace_1.19.0/testURosSetup/uros_ws/firmware/mcu_ws/build/tracetools_read/build/lib/tracetools_read/__init__.py -> /home/agustin/STM32CubeIDE/workspace_1.19.0/testURosSetup/uros_ws/firmware/mcu_ws/install/tracetools_read/lib/python3.10/site-packages/tracetools_read
[3.793s] byte-compiling /home/agustin/STM32CubeIDE/workspace_1.19.0/testURosSetup/uros_ws/firmware/mcu_ws/install/tracetools_read/lib/python3.10/site-packages/tracetools_read/trace.py to trace.cpython-310.pyc
[3.793s] byte-compiling /home/agustin/STM32CubeIDE/workspace_1.19.0/testURosSetup/uros_ws/firmware/mcu_ws/install/tracetools_read/lib/python3.10/site-packages/tracetools_read/__init__.py to __init__.cpython-310.pyc
[3.793s] running install_data
[3.796s] copying package.xml -> /home/agustin/STM32CubeIDE/workspace_1.19.0/testURosSetup/uros_ws/firmware/mcu_ws/install/tracetools_read/share/tracetools_read
[3.797s] creating /home/agustin/STM32CubeIDE/workspace_1.19.0/testURosSetup/uros_ws/firmware/mcu_ws/install/tracetools_read/share/ament_index
[3.797s] creating /home/agustin/STM32CubeIDE/workspace_1.19.0/testURosSetup/uros_ws/firmware/mcu_ws/install/tracetools_read/share/ament_index/resource_index
[3.797s] creating /home/agustin/STM32CubeIDE/workspace_1.19.0/testURosSetup/uros_ws/firmware/mcu_ws/install/tracetools_read/share/ament_index/resource_index/packages
[3.797s] copying resource/tracetools_read -> /home/agustin/STM32CubeIDE/workspace_1.19.0/testURosSetup/uros_ws/firmware/mcu_ws/install/tracetools_read/share/ament_index/resource_index/packages
[3.797s] running install_egg_info
[3.800s] Copying ../../../build/tracetools_read/tracetools_read.egg-info to /home/agustin/STM32CubeIDE/workspace_1.19.0/testURosSetup/uros_ws/firmware/mcu_ws/install/tracetools_read/lib/python3.10/site-packages/tracetools_read-4.1.1-py3.10.egg-info
[3.803s] running install_scripts
[3.871s] writing list of installed files to '/home/agustin/STM32CubeIDE/workspace_1.19.0/testURosSetup/uros_ws/firmware/mcu_ws/build/tracetools_read/install.log'
[3.926s] Invoked command in '/home/agustin/STM32CubeIDE/workspace_1.19.0/testURosSetup/uros_ws/firmware/mcu_ws/uros/tracetools/tracetools_read' returned '0': PYTHONPATH=/home/agustin/STM32CubeIDE/workspace_1.19.0/testURosSetup/uros_ws/firmware/mcu_ws/build/tracetools_read/prefix_override:/usr/lib/python3/dist-packages/colcon_core/task/python/colcon_distutils_commands:/home/agustin/STM32CubeIDE/workspace_1.19.0/testURosSetup/uros_ws/firmware/mcu_ws/install/tracetools_read/lib/python3.10/site-packages:${PYTHONPATH} /usr/bin/python3 -W ignore:setup.py install is deprecated -W ignore:easy_install command is deprecated setup.py egg_info --egg-base ../../../build/tracetools_read build --build-base /home/agustin/STM32CubeIDE/workspace_1.19.0/testURosSetup/uros_ws/firmware/mcu_ws/build/tracetools_read/build install --record /home/agustin/STM32CubeIDE/workspace_1.19.0/testURosSetup/uros_ws/firmware/mcu_ws/build/tracetools_read/install.log --single-version-externally-managed install_data
