[0.042s] Invoking command in '/home/agustin/STM32CubeIDE/workspace_1.19.0/testURosSetup/uros_ws/src/build/extra_interfaces': CMAKE_PREFIX_PATH=${CMAKE_PREFIX_PATH}:/home/agustin/STM32CubeIDE/workspace_1.19.0/testURosSetup/uros_ws/firmware/mcu_ws/install/tracetools_test:/home/agustin/STM32CubeIDE/workspace_1.19.0/testURosSetup/uros_ws/firmware/mcu_ws/install/tracetools_launch:/home/agustin/STM32CubeIDE/workspace_1.19.0/testURosSetup/uros_ws/firmware/mcu_ws/install/ros2trace:/home/agustin/STM32CubeIDE/workspace_1.19.0/testURosSetup/uros_ws/firmware/mcu_ws/install/tracetools_trace:/home/agustin/STM32CubeIDE/workspace_1.19.0/testURosSetup/uros_ws/firmware/mcu_ws/install/tracetools_read:/home/agustin/STM32CubeIDE/workspace_1.19.0/testURosSetup/uros_ws/firmware/mcu_ws/install/test_tracetools_launch:/home/agustin/STM32CubeIDE/workspace_1.19.0/testURosSetup/uros_ws/firmware/mcu_ws/install/sensor_msgs_py:/home/agustin/STM32CubeIDE/workspace_1.19.0/testURosSetup/uros_ws/firmware/mcu_ws/install/rosidl_cli:/home/agustin/STM32CubeIDE/workspace_1.19.0/testURosSetup/uros_ws/firmware/dev_ws/install/ament_uncrustify:/home/agustin/STM32CubeIDE/workspace_1.19.0/testURosSetup/uros_ws/firmware/dev_ws/install/domain_coordinator:/home/agustin/STM32CubeIDE/workspace_1.19.0/testURosSetup/uros_ws/firmware/dev_ws/install/ament_xmllint:/home/agustin/STM32CubeIDE/workspace_1.19.0/testURosSetup/uros_ws/firmware/dev_ws/install/ament_pyflakes:/home/agustin/STM32CubeIDE/workspace_1.19.0/testURosSetup/uros_ws/firmware/dev_ws/install/ament_pycodestyle:/home/agustin/STM32CubeIDE/workspace_1.19.0/testURosSetup/uros_ws/firmware/dev_ws/install/ament_pep257:/home/agustin/STM32CubeIDE/workspace_1.19.0/testURosSetup/uros_ws/firmware/dev_ws/install/ament_pclint:/home/agustin/STM32CubeIDE/workspace_1.19.0/testURosSetup/uros_ws/firmware/dev_ws/install/ament_package:/home/agustin/STM32CubeIDE/workspace_1.19.0/testURosSetup/uros_ws/firmware/dev_ws/install/ament_mypy:/home/agustin/STM32CubeIDE/workspace_1.19.0/testURosSetup/uros_ws/firmware/dev_ws/install/ament_lint_cmake:/home/agustin/STM32CubeIDE/workspace_1.19.0/testURosSetup/uros_ws/firmware/dev_ws/install/ament_flake8:/home/agustin/STM32CubeIDE/workspace_1.19.0/testURosSetup/uros_ws/firmware/dev_ws/install/ament_copyright:/home/agustin/STM32CubeIDE/workspace_1.19.0/testURosSetup/uros_ws/firmware/dev_ws/install/ament_lint:/home/agustin/STM32CubeIDE/workspace_1.19.0/testURosSetup/uros_ws/firmware/dev_ws/install/ament_index_python:/home/agustin/STM32CubeIDE/workspace_1.19.0/testURosSetup/uros_ws/firmware/dev_ws/install/ament_cpplint:/home/agustin/STM32CubeIDE/workspace_1.19.0/testURosSetup/uros_ws/firmware/dev_ws/install/ament_cppcheck:/home/agustin/STM32CubeIDE/workspace_1.19.0/testURosSetup/uros_ws/firmware/dev_ws/install/ament_clang_tidy:/home/agustin/STM32CubeIDE/workspace_1.19.0/testURosSetup/uros_ws/firmware/dev_ws/install/ament_clang_format:/opt/ros/humble /usr/bin/cmake /home/agustin/STM32CubeIDE/workspace_1.19.0/testURosSetup/uros_ws/src/extra_interfaces -DCMAKE_INSTALL_PREFIX=/home/agustin/STM32CubeIDE/workspace_1.19.0/testURosSetup/uros_ws/src/install/extra_interfaces
[0.203s] -- The C compiler identification is GNU 11.4.0
[0.339s] -- The CXX compiler identification is GNU 11.4.0
[0.356s] -- Detecting C compiler ABI info
[0.552s] -- Detecting C compiler ABI info - done
[0.566s] -- Check for working C compiler: /usr/bin/cc - skipped
[0.566s] -- Detecting C compile features
[0.567s] -- Detecting C compile features - done
[0.572s] -- Detecting CXX compiler ABI info
[0.777s] -- Detecting CXX compiler ABI info - done
[0.791s] -- Check for working CXX compiler: /usr/bin/c++ - skipped
[0.792s] -- Detecting CXX compile features
[0.793s] -- Detecting CXX compile features - done
[0.810s] -- Found ament_cmake: 1.3.12 (/home/agustin/STM32CubeIDE/workspace_1.19.0/testURosSetup/uros_ws/firmware/dev_ws/install/ament_cmake/share/ament_cmake/cmake)
[1.277s] -- Found Python3: /usr/bin/python3 (found version "3.10.12") found components: Interpreter 
[1.733s] -- Found ament_lint_auto: 0.12.14 (/home/agustin/STM32CubeIDE/workspace_1.19.0/testURosSetup/uros_ws/firmware/dev_ws/install/ament_lint_auto/share/ament_lint_auto/cmake)
[2.016s] -- Found rosidl_adapter: 3.1.7 (/home/agustin/STM32CubeIDE/workspace_1.19.0/testURosSetup/uros_ws/firmware/mcu_ws/install/rosidl_adapter/share/rosidl_adapter/cmake)
[2.025s] -- Found rosidl_default_generators: 1.2.0 (/home/agustin/STM32CubeIDE/workspace_1.19.0/testURosSetup/uros_ws/firmware/mcu_ws/install/rosidl_default_generators/share/rosidl_default_generators/cmake)
[2.096s] -- Using all available rosidl_typesupport_c: rosidl_typesupport_microxrcedds_c;rosidl_typesupport_introspection_c;rosidl_typesupport_fastrtps_c
[2.224s] [31mCMake Error at /home/agustin/STM32CubeIDE/workspace_1.19.0/testURosSetup/uros_ws/firmware/mcu_ws/install/rosidl_typesupport_microxrcedds_c/share/rosidl_typesupport_microxrcedds_c/cmake/ament_cmake_export_dependencies-extras.cmake:21 (find_package):
[2.224s]   Could not find a configuration file for package "microcdr" that is
[2.225s]   compatible with requested version "".
[2.225s] 
[2.225s]   The following configuration files were considered but not accepted:
[2.225s] 
[2.226s]     /home/agustin/STM32CubeIDE/workspace_1.19.0/testURosSetup/uros_ws/firmware/mcu_ws/install/microcdr/share/microcdr/cmake/microcdrConfig.cmake, version: 2.0.1 (32bit)
[2.226s] 
[2.226s] Call Stack (most recent call first):
[2.226s]   /home/agustin/STM32CubeIDE/workspace_1.19.0/testURosSetup/uros_ws/firmware/mcu_ws/install/rosidl_typesupport_microxrcedds_c/share/rosidl_typesupport_microxrcedds_c/cmake/rosidl_typesupport_microxrcedds_cConfig.cmake:41 (include)
[2.226s]   /home/agustin/STM32CubeIDE/workspace_1.19.0/testURosSetup/uros_ws/firmware/mcu_ws/install/rosidl_typesupport_c/share/rosidl_typesupport_c/cmake/rosidl_typesupport_c-extras.cmake:13 (find_package)
[2.226s]   /home/agustin/STM32CubeIDE/workspace_1.19.0/testURosSetup/uros_ws/firmware/mcu_ws/install/rosidl_typesupport_c/share/rosidl_typesupport_c/cmake/rosidl_typesupport_cConfig.cmake:41 (include)
[2.227s]   /home/agustin/STM32CubeIDE/workspace_1.19.0/testURosSetup/uros_ws/firmware/mcu_ws/install/rosidl_default_generators/share/rosidl_default_generators/cmake/rosidl_default_generators-extras.cmake:21 (find_package)
[2.227s]   /home/agustin/STM32CubeIDE/workspace_1.19.0/testURosSetup/uros_ws/firmware/mcu_ws/install/rosidl_default_generators/share/rosidl_default_generators/cmake/rosidl_default_generatorsConfig.cmake:41 (include)
[2.227s]   CMakeLists.txt:28 (find_package)
[2.227s] 
[2.227s] [0m
[2.227s] -- Configuring incomplete, errors occurred!
[2.228s] See also "/home/agustin/STM32CubeIDE/workspace_1.19.0/testURosSetup/uros_ws/src/build/extra_interfaces/CMakeFiles/CMakeOutput.log".
[2.233s] Invoked command in '/home/agustin/STM32CubeIDE/workspace_1.19.0/testURosSetup/uros_ws/src/build/extra_interfaces' returned '1': CMAKE_PREFIX_PATH=${CMAKE_PREFIX_PATH}:/home/agustin/STM32CubeIDE/workspace_1.19.0/testURosSetup/uros_ws/firmware/mcu_ws/install/tracetools_test:/home/agustin/STM32CubeIDE/workspace_1.19.0/testURosSetup/uros_ws/firmware/mcu_ws/install/tracetools_launch:/home/agustin/STM32CubeIDE/workspace_1.19.0/testURosSetup/uros_ws/firmware/mcu_ws/install/ros2trace:/home/agustin/STM32CubeIDE/workspace_1.19.0/testURosSetup/uros_ws/firmware/mcu_ws/install/tracetools_trace:/home/agustin/STM32CubeIDE/workspace_1.19.0/testURosSetup/uros_ws/firmware/mcu_ws/install/tracetools_read:/home/agustin/STM32CubeIDE/workspace_1.19.0/testURosSetup/uros_ws/firmware/mcu_ws/install/test_tracetools_launch:/home/agustin/STM32CubeIDE/workspace_1.19.0/testURosSetup/uros_ws/firmware/mcu_ws/install/sensor_msgs_py:/home/agustin/STM32CubeIDE/workspace_1.19.0/testURosSetup/uros_ws/firmware/mcu_ws/install/rosidl_cli:/home/agustin/STM32CubeIDE/workspace_1.19.0/testURosSetup/uros_ws/firmware/dev_ws/install/ament_uncrustify:/home/agustin/STM32CubeIDE/workspace_1.19.0/testURosSetup/uros_ws/firmware/dev_ws/install/domain_coordinator:/home/agustin/STM32CubeIDE/workspace_1.19.0/testURosSetup/uros_ws/firmware/dev_ws/install/ament_xmllint:/home/agustin/STM32CubeIDE/workspace_1.19.0/testURosSetup/uros_ws/firmware/dev_ws/install/ament_pyflakes:/home/agustin/STM32CubeIDE/workspace_1.19.0/testURosSetup/uros_ws/firmware/dev_ws/install/ament_pycodestyle:/home/agustin/STM32CubeIDE/workspace_1.19.0/testURosSetup/uros_ws/firmware/dev_ws/install/ament_pep257:/home/agustin/STM32CubeIDE/workspace_1.19.0/testURosSetup/uros_ws/firmware/dev_ws/install/ament_pclint:/home/agustin/STM32CubeIDE/workspace_1.19.0/testURosSetup/uros_ws/firmware/dev_ws/install/ament_package:/home/agustin/STM32CubeIDE/workspace_1.19.0/testURosSetup/uros_ws/firmware/dev_ws/install/ament_mypy:/home/agustin/STM32CubeIDE/workspace_1.19.0/testURosSetup/uros_ws/firmware/dev_ws/install/ament_lint_cmake:/home/agustin/STM32CubeIDE/workspace_1.19.0/testURosSetup/uros_ws/firmware/dev_ws/install/ament_flake8:/home/agustin/STM32CubeIDE/workspace_1.19.0/testURosSetup/uros_ws/firmware/dev_ws/install/ament_copyright:/home/agustin/STM32CubeIDE/workspace_1.19.0/testURosSetup/uros_ws/firmware/dev_ws/install/ament_lint:/home/agustin/STM32CubeIDE/workspace_1.19.0/testURosSetup/uros_ws/firmware/dev_ws/install/ament_index_python:/home/agustin/STM32CubeIDE/workspace_1.19.0/testURosSetup/uros_ws/firmware/dev_ws/install/ament_cpplint:/home/agustin/STM32CubeIDE/workspace_1.19.0/testURosSetup/uros_ws/firmware/dev_ws/install/ament_cppcheck:/home/agustin/STM32CubeIDE/workspace_1.19.0/testURosSetup/uros_ws/firmware/dev_ws/install/ament_clang_tidy:/home/agustin/STM32CubeIDE/workspace_1.19.0/testURosSetup/uros_ws/firmware/dev_ws/install/ament_clang_format:/opt/ros/humble /usr/bin/cmake /home/agustin/STM32CubeIDE/workspace_1.19.0/testURosSetup/uros_ws/src/extra_interfaces -DCMAKE_INSTALL_PREFIX=/home/agustin/STM32CubeIDE/workspace_1.19.0/testURosSetup/uros_ws/src/install/extra_interfaces
