Not searching for unused variables given on the command line.
-- The C compiler identification is GNU 8.3.1
-- The CXX compiler identification is GNU 8.3.1
-- Detecting C compiler ABI info
-- Detecting C compiler ABI info - done
-- Check for working C compiler: /home/agustin/STM32CubeIDE/workspace_1.19.0/testURosSetup/uros_ws/firmware/freertos_apps/microros_nucleo_f446re_extensions/../../toolchain/bin/arm-none-eabi-gcc - skipped
-- Detecting C compile features
-- Detecting C compile features - done
-- Detecting CXX compiler ABI info
-- Detecting CXX compiler ABI info - done
-- Check for working CXX compiler: /home/agustin/STM32CubeIDE/workspace_1.19.0/testURosSetup/uros_ws/firmware/freertos_apps/microros_nucleo_f446re_extensions/../../toolchain/bin/arm-none-eabi-g++ - skipped
-- Detecting CXX compile features
-- Detecting CXX compile features - done
-- Found ament_cmake: 1.3.12 (/home/agustin/STM32CubeIDE/workspace_1.19.0/testURosSetup/uros_ws/firmware/dev_ws/install/ament_cmake/share/ament_cmake/cmake)
-- Found Python3: /usr/bin/python3 (found version "3.10.12") found components: Interpreter 
-- Found rcl: 5.3.9 (/home/agustin/STM32CubeIDE/workspace_1.19.0/testURosSetup/uros_ws/firmware/mcu_ws/install/rcl/share/rcl/cmake)
-- Using all available rosidl_typesupport_c: rosidl_typesupport_microxrcedds_c;rosidl_typesupport_introspection_c
-- Found rosidl_adapter: 3.1.7 (/home/agustin/STM32CubeIDE/workspace_1.19.0/testURosSetup/uros_ws/firmware/mcu_ws/install/rosidl_adapter/share/rosidl_adapter/cmake)
-- Found rmw_implementation_cmake: 6.1.2 (/home/agustin/STM32CubeIDE/workspace_1.19.0/testURosSetup/uros_ws/firmware/mcu_ws/install/rmw_implementation_cmake/share/rmw_implementation_cmake/cmake)
-- Found rmw_microxrcedds: 3.0.3 (/home/agustin/STM32CubeIDE/workspace_1.19.0/testURosSetup/uros_ws/firmware/mcu_ws/install/rmw_microxrcedds/share/rmw_microxrcedds/cmake)
-- Using RMW implementation 'rmw_microxrcedds'
-- Found rclc: 4.0.2 (/home/agustin/STM32CubeIDE/workspace_1.19.0/testURosSetup/uros_ws/firmware/mcu_ws/install/rclc/share/rclc/cmake)
-- Configuring done
-- Generating done
-- Build files have been written to: /home/agustin/STM32CubeIDE/workspace_1.19.0/testURosSetup/uros_ws/firmware/mcu_ws/build/rclc_parameter
gmake[1]: se entra en el directorio '/home/agustin/STM32CubeIDE/workspace_1.19.0/testURosSetup/uros_ws/firmware/mcu_ws/build/rclc_parameter'
/usr/bin/cmake -S/home/agustin/STM32CubeIDE/workspace_1.19.0/testURosSetup/uros_ws/firmware/mcu_ws/uros/rclc/rclc_parameter -B/home/agustin/STM32CubeIDE/workspace_1.19.0/testURosSetup/uros_ws/firmware/mcu_ws/build/rclc_parameter --check-build-system CMakeFiles/Makefile.cmake 0
/usr/bin/cmake -E cmake_progress_start /home/agustin/STM32CubeIDE/workspace_1.19.0/testURosSetup/uros_ws/firmware/mcu_ws/build/rclc_parameter/CMakeFiles /home/agustin/STM32CubeIDE/workspace_1.19.0/testURosSetup/uros_ws/firmware/mcu_ws/build/rclc_parameter//CMakeFiles/progress.marks
/usr/bin/gmake  -f CMakeFiles/Makefile2 all
gmake[2]: se entra en el directorio '/home/agustin/STM32CubeIDE/workspace_1.19.0/testURosSetup/uros_ws/firmware/mcu_ws/build/rclc_parameter'
/usr/bin/gmake  -f CMakeFiles/rclc_parameter.dir/build.make CMakeFiles/rclc_parameter.dir/depend
gmake[3]: se entra en el directorio '/home/agustin/STM32CubeIDE/workspace_1.19.0/testURosSetup/uros_ws/firmware/mcu_ws/build/rclc_parameter'
cd /home/agustin/STM32CubeIDE/workspace_1.19.0/testURosSetup/uros_ws/firmware/mcu_ws/build/rclc_parameter && /usr/bin/cmake -E cmake_depends "Unix Makefiles" /home/agustin/STM32CubeIDE/workspace_1.19.0/testURosSetup/uros_ws/firmware/mcu_ws/uros/rclc/rclc_parameter /home/agustin/STM32CubeIDE/workspace_1.19.0/testURosSetup/uros_ws/firmware/mcu_ws/uros/rclc/rclc_parameter /home/agustin/STM32CubeIDE/workspace_1.19.0/testURosSetup/uros_ws/firmware/mcu_ws/build/rclc_parameter /home/agustin/STM32CubeIDE/workspace_1.19.0/testURosSetup/uros_ws/firmware/mcu_ws/build/rclc_parameter /home/agustin/STM32CubeIDE/workspace_1.19.0/testURosSetup/uros_ws/firmware/mcu_ws/build/rclc_parameter/CMakeFiles/rclc_parameter.dir/DependInfo.cmake --color=
gmake[3]: se sale del directorio '/home/agustin/STM32CubeIDE/workspace_1.19.0/testURosSetup/uros_ws/firmware/mcu_ws/build/rclc_parameter'
/usr/bin/gmake  -f CMakeFiles/rclc_parameter.dir/build.make CMakeFiles/rclc_parameter.dir/build
gmake[3]: se entra en el directorio '/home/agustin/STM32CubeIDE/workspace_1.19.0/testURosSetup/uros_ws/firmware/mcu_ws/build/rclc_parameter'
[ 33%] [32mBuilding C object CMakeFiles/rclc_parameter.dir/src/rclc_parameter/parameter_server.c.obj[0m
/home/agustin/STM32CubeIDE/workspace_1.19.0/testURosSetup/uros_ws/firmware/freertos_apps/microros_nucleo_f446re_extensions/../../toolchain/bin/arm-none-eabi-gcc -DRCLC_PARAMETER_BUILDING_LIBRARY -DRCLC_PARAMETER_MAX_STRING_LENGTH=50 -I/home/agustin/STM32CubeIDE/workspace_1.19.0/testURosSetup/uros_ws/firmware/mcu_ws/uros/rclc/rclc_parameter/include -I/home/agustin/STM32CubeIDE/workspace_1.19.0/testURosSetup/uros_ws/firmware/mcu_ws/uros/rclc/rclc_parameter/src -isystem /home/agustin/STM32CubeIDE/workspace_1.19.0/testURosSetup/uros_ws/firmware/mcu_ws/install/rclc/include -isystem /home/agustin/STM32CubeIDE/workspace_1.19.0/testURosSetup/uros_ws/firmware/mcu_ws/install/rcl/include/rcl -isystem /home/agustin/STM32CubeIDE/workspace_1.19.0/testURosSetup/uros_ws/firmware/mcu_ws/install/rcl_interfaces/include/rcl_interfaces -isystem /home/agustin/STM32CubeIDE/workspace_1.19.0/testURosSetup/uros_ws/firmware/mcu_ws/install/builtin_interfaces/include/builtin_interfaces -isystem /home/agustin/STM32CubeIDE/workspace_1.19.0/testURosSetup/uros_ws/firmware/mcu_ws/install/rosidl_runtime_c/include/rosidl_runtime_c -isystem /home/agustin/STM32CubeIDE/workspace_1.19.0/testURosSetup/uros_ws/firmware/mcu_ws/install/rosidl_typesupport_interface/include/rosidl_typesupport_interface -isystem /home/agustin/STM32CubeIDE/workspace_1.19.0/testURosSetup/uros_ws/firmware/mcu_ws/install/rcutils/include/rcutils -isystem /home/agustin/STM32CubeIDE/workspace_1.19.0/testURosSetup/uros_ws/firmware/mcu_ws/install/rosidl_typesupport_introspection_c/include/rosidl_typesupport_introspection_c -isystem /home/agustin/STM32CubeIDE/workspace_1.19.0/testURosSetup/uros_ws/firmware/mcu_ws/install/rcl_logging_interface/include/rcl_logging_interface -isystem /home/agustin/STM32CubeIDE/workspace_1.19.0/testURosSetup/uros_ws/firmware/mcu_ws/install/rmw/include/rmw -isystem /home/agustin/STM32CubeIDE/workspace_1.19.0/testURosSetup/uros_ws/firmware/mcu_ws/install/rmw_microxrcedds/include -isystem /home/agustin/STM32CubeIDE/workspace_1.19.0/testURosSetup/uros_ws/firmware/mcu_ws/install/microxrcedds_client/include -isystem /home/agustin/STM32CubeIDE/workspace_1.19.0/testURosSetup/uros_ws/firmware/mcu_ws/install/microcdr/include -isystem /home/agustin/STM32CubeIDE/workspace_1.19.0/testURosSetup/uros_ws/firmware/mcu_ws/install/rosidl_typesupport_microxrcedds_c/include -isystem /home/agustin/STM32CubeIDE/workspace_1.19.0/testURosSetup/uros_ws/firmware/mcu_ws/install/tracetools/include/tracetools -isystem /home/agustin/STM32CubeIDE/workspace_1.19.0/testURosSetup/uros_ws/firmware/mcu_ws/install/rcl_action/include/rcl_action -isystem /home/agustin/STM32CubeIDE/workspace_1.19.0/testURosSetup/uros_ws/firmware/mcu_ws/install/action_msgs/include/action_msgs -isystem /home/agustin/STM32CubeIDE/workspace_1.19.0/testURosSetup/uros_ws/firmware/mcu_ws/install/unique_identifier_msgs/include/unique_identifier_msgs -std=c11 -mcpu=cortex-m4 -mthumb -mfpu=fpv4-sp-d16 -mfloat-abi=hard -DUSE_HAL_DRIVER -DSTM32F446xx -D_TIMEVAL_DEFINE -O0 -Wall -fdata-sections -ffunction-sections  -DCLOCK_MONOTONIC=0 -g -Wall -Wextra -Wpedantic -MD -MT CMakeFiles/rclc_parameter.dir/src/rclc_parameter/parameter_server.c.obj -MF CMakeFiles/rclc_parameter.dir/src/rclc_parameter/parameter_server.c.obj.d -o CMakeFiles/rclc_parameter.dir/src/rclc_parameter/parameter_server.c.obj -c /home/agustin/STM32CubeIDE/workspace_1.19.0/testURosSetup/uros_ws/firmware/mcu_ws/uros/rclc/rclc_parameter/src/rclc_parameter/parameter_server.c
[ 66%] [32mBuilding C object CMakeFiles/rclc_parameter.dir/src/rclc_parameter/parameter_utils.c.obj[0m
/home/agustin/STM32CubeIDE/workspace_1.19.0/testURosSetup/uros_ws/firmware/freertos_apps/microros_nucleo_f446re_extensions/../../toolchain/bin/arm-none-eabi-gcc -DRCLC_PARAMETER_BUILDING_LIBRARY -DRCLC_PARAMETER_MAX_STRING_LENGTH=50 -I/home/agustin/STM32CubeIDE/workspace_1.19.0/testURosSetup/uros_ws/firmware/mcu_ws/uros/rclc/rclc_parameter/include -I/home/agustin/STM32CubeIDE/workspace_1.19.0/testURosSetup/uros_ws/firmware/mcu_ws/uros/rclc/rclc_parameter/src -isystem /home/agustin/STM32CubeIDE/workspace_1.19.0/testURosSetup/uros_ws/firmware/mcu_ws/install/rclc/include -isystem /home/agustin/STM32CubeIDE/workspace_1.19.0/testURosSetup/uros_ws/firmware/mcu_ws/install/rcl/include/rcl -isystem /home/agustin/STM32CubeIDE/workspace_1.19.0/testURosSetup/uros_ws/firmware/mcu_ws/install/rcl_interfaces/include/rcl_interfaces -isystem /home/agustin/STM32CubeIDE/workspace_1.19.0/testURosSetup/uros_ws/firmware/mcu_ws/install/builtin_interfaces/include/builtin_interfaces -isystem /home/agustin/STM32CubeIDE/workspace_1.19.0/testURosSetup/uros_ws/firmware/mcu_ws/install/rosidl_runtime_c/include/rosidl_runtime_c -isystem /home/agustin/STM32CubeIDE/workspace_1.19.0/testURosSetup/uros_ws/firmware/mcu_ws/install/rosidl_typesupport_interface/include/rosidl_typesupport_interface -isystem /home/agustin/STM32CubeIDE/workspace_1.19.0/testURosSetup/uros_ws/firmware/mcu_ws/install/rcutils/include/rcutils -isystem /home/agustin/STM32CubeIDE/workspace_1.19.0/testURosSetup/uros_ws/firmware/mcu_ws/install/rosidl_typesupport_introspection_c/include/rosidl_typesupport_introspection_c -isystem /home/agustin/STM32CubeIDE/workspace_1.19.0/testURosSetup/uros_ws/firmware/mcu_ws/install/rcl_logging_interface/include/rcl_logging_interface -isystem /home/agustin/STM32CubeIDE/workspace_1.19.0/testURosSetup/uros_ws/firmware/mcu_ws/install/rmw/include/rmw -isystem /home/agustin/STM32CubeIDE/workspace_1.19.0/testURosSetup/uros_ws/firmware/mcu_ws/install/rmw_microxrcedds/include -isystem /home/agustin/STM32CubeIDE/workspace_1.19.0/testURosSetup/uros_ws/firmware/mcu_ws/install/microxrcedds_client/include -isystem /home/agustin/STM32CubeIDE/workspace_1.19.0/testURosSetup/uros_ws/firmware/mcu_ws/install/microcdr/include -isystem /home/agustin/STM32CubeIDE/workspace_1.19.0/testURosSetup/uros_ws/firmware/mcu_ws/install/rosidl_typesupport_microxrcedds_c/include -isystem /home/agustin/STM32CubeIDE/workspace_1.19.0/testURosSetup/uros_ws/firmware/mcu_ws/install/tracetools/include/tracetools -isystem /home/agustin/STM32CubeIDE/workspace_1.19.0/testURosSetup/uros_ws/firmware/mcu_ws/install/rcl_action/include/rcl_action -isystem /home/agustin/STM32CubeIDE/workspace_1.19.0/testURosSetup/uros_ws/firmware/mcu_ws/install/action_msgs/include/action_msgs -isystem /home/agustin/STM32CubeIDE/workspace_1.19.0/testURosSetup/uros_ws/firmware/mcu_ws/install/unique_identifier_msgs/include/unique_identifier_msgs -std=c11 -mcpu=cortex-m4 -mthumb -mfpu=fpv4-sp-d16 -mfloat-abi=hard -DUSE_HAL_DRIVER -DSTM32F446xx -D_TIMEVAL_DEFINE -O0 -Wall -fdata-sections -ffunction-sections  -DCLOCK_MONOTONIC=0 -g -Wall -Wextra -Wpedantic -MD -MT CMakeFiles/rclc_parameter.dir/src/rclc_parameter/parameter_utils.c.obj -MF CMakeFiles/rclc_parameter.dir/src/rclc_parameter/parameter_utils.c.obj.d -o CMakeFiles/rclc_parameter.dir/src/rclc_parameter/parameter_utils.c.obj -c /home/agustin/STM32CubeIDE/workspace_1.19.0/testURosSetup/uros_ws/firmware/mcu_ws/uros/rclc/rclc_parameter/src/rclc_parameter/parameter_utils.c
[100%] [32m[1mLinking CXX static library librclc_parameter.a[0m
/usr/bin/cmake -P CMakeFiles/rclc_parameter.dir/cmake_clean_target.cmake
/usr/bin/cmake -E cmake_link_script CMakeFiles/rclc_parameter.dir/link.txt --verbose=1
/home/agustin/STM32CubeIDE/workspace_1.19.0/testURosSetup/uros_ws/firmware/toolchain/bin/arm-none-eabi-ar qc librclc_parameter.a CMakeFiles/rclc_parameter.dir/src/rclc_parameter/parameter_server.c.obj CMakeFiles/rclc_parameter.dir/src/rclc_parameter/parameter_utils.c.obj
/home/agustin/STM32CubeIDE/workspace_1.19.0/testURosSetup/uros_ws/firmware/toolchain/bin/arm-none-eabi-ranlib librclc_parameter.a
gmake[3]: se sale del directorio '/home/agustin/STM32CubeIDE/workspace_1.19.0/testURosSetup/uros_ws/firmware/mcu_ws/build/rclc_parameter'
[100%] Built target rclc_parameter
gmake[2]: se sale del directorio '/home/agustin/STM32CubeIDE/workspace_1.19.0/testURosSetup/uros_ws/firmware/mcu_ws/build/rclc_parameter'
/usr/bin/cmake -E cmake_progress_start /home/agustin/STM32CubeIDE/workspace_1.19.0/testURosSetup/uros_ws/firmware/mcu_ws/build/rclc_parameter/CMakeFiles 0
gmake[1]: se sale del directorio '/home/agustin/STM32CubeIDE/workspace_1.19.0/testURosSetup/uros_ws/firmware/mcu_ws/build/rclc_parameter'
-- Install configuration: "Debug"
-- Installing: /home/agustin/STM32CubeIDE/workspace_1.19.0/testURosSetup/uros_ws/firmware/mcu_ws/install/rclc_parameter/lib/librclc_parameter.a
-- Installing: /home/agustin/STM32CubeIDE/workspace_1.19.0/testURosSetup/uros_ws/firmware/mcu_ws/install/rclc_parameter/include
-- Installing: /home/agustin/STM32CubeIDE/workspace_1.19.0/testURosSetup/uros_ws/firmware/mcu_ws/install/rclc_parameter/include/rclc_parameter
-- Installing: /home/agustin/STM32CubeIDE/workspace_1.19.0/testURosSetup/uros_ws/firmware/mcu_ws/install/rclc_parameter/include/rclc_parameter/rclc_parameter.h
-- Installing: /home/agustin/STM32CubeIDE/workspace_1.19.0/testURosSetup/uros_ws/firmware/mcu_ws/install/rclc_parameter/include/rclc_parameter/visibility_control.h
-- Installing: /home/agustin/STM32CubeIDE/workspace_1.19.0/testURosSetup/uros_ws/firmware/mcu_ws/install/rclc_parameter/share/rclc_parameter/environment/library_path.sh
-- Installing: /home/agustin/STM32CubeIDE/workspace_1.19.0/testURosSetup/uros_ws/firmware/mcu_ws/install/rclc_parameter/share/rclc_parameter/environment/library_path.dsv
-- Installing: /home/agustin/STM32CubeIDE/workspace_1.19.0/testURosSetup/uros_ws/firmware/mcu_ws/install/rclc_parameter/share/ament_index/resource_index/package_run_dependencies/rclc_parameter
-- Installing: /home/agustin/STM32CubeIDE/workspace_1.19.0/testURosSetup/uros_ws/firmware/mcu_ws/install/rclc_parameter/share/ament_index/resource_index/parent_prefix_path/rclc_parameter
-- Installing: /home/agustin/STM32CubeIDE/workspace_1.19.0/testURosSetup/uros_ws/firmware/mcu_ws/install/rclc_parameter/share/rclc_parameter/environment/ament_prefix_path.sh
-- Installing: /home/agustin/STM32CubeIDE/workspace_1.19.0/testURosSetup/uros_ws/firmware/mcu_ws/install/rclc_parameter/share/rclc_parameter/environment/ament_prefix_path.dsv
-- Installing: /home/agustin/STM32CubeIDE/workspace_1.19.0/testURosSetup/uros_ws/firmware/mcu_ws/install/rclc_parameter/share/rclc_parameter/environment/path.sh
-- Installing: /home/agustin/STM32CubeIDE/workspace_1.19.0/testURosSetup/uros_ws/firmware/mcu_ws/install/rclc_parameter/share/rclc_parameter/environment/path.dsv
-- Installing: /home/agustin/STM32CubeIDE/workspace_1.19.0/testURosSetup/uros_ws/firmware/mcu_ws/install/rclc_parameter/share/rclc_parameter/local_setup.bash
-- Installing: /home/agustin/STM32CubeIDE/workspace_1.19.0/testURosSetup/uros_ws/firmware/mcu_ws/install/rclc_parameter/share/rclc_parameter/local_setup.sh
-- Installing: /home/agustin/STM32CubeIDE/workspace_1.19.0/testURosSetup/uros_ws/firmware/mcu_ws/install/rclc_parameter/share/rclc_parameter/local_setup.zsh
-- Installing: /home/agustin/STM32CubeIDE/workspace_1.19.0/testURosSetup/uros_ws/firmware/mcu_ws/install/rclc_parameter/share/rclc_parameter/local_setup.dsv
-- Installing: /home/agustin/STM32CubeIDE/workspace_1.19.0/testURosSetup/uros_ws/firmware/mcu_ws/install/rclc_parameter/share/rclc_parameter/package.dsv
-- Installing: /home/agustin/STM32CubeIDE/workspace_1.19.0/testURosSetup/uros_ws/firmware/mcu_ws/install/rclc_parameter/share/ament_index/resource_index/packages/rclc_parameter
-- Installing: /home/agustin/STM32CubeIDE/workspace_1.19.0/testURosSetup/uros_ws/firmware/mcu_ws/install/rclc_parameter/share/rclc_parameter/cmake/rclc_parameterExport.cmake
-- Installing: /home/agustin/STM32CubeIDE/workspace_1.19.0/testURosSetup/uros_ws/firmware/mcu_ws/install/rclc_parameter/share/rclc_parameter/cmake/rclc_parameterExport-debug.cmake
-- Installing: /home/agustin/STM32CubeIDE/workspace_1.19.0/testURosSetup/uros_ws/firmware/mcu_ws/install/rclc_parameter/share/rclc_parameter/cmake/ament_cmake_export_include_directories-extras.cmake
-- Installing: /home/agustin/STM32CubeIDE/workspace_1.19.0/testURosSetup/uros_ws/firmware/mcu_ws/install/rclc_parameter/share/rclc_parameter/cmake/ament_cmake_export_libraries-extras.cmake
-- Installing: /home/agustin/STM32CubeIDE/workspace_1.19.0/testURosSetup/uros_ws/firmware/mcu_ws/install/rclc_parameter/share/rclc_parameter/cmake/ament_cmake_export_targets-extras.cmake
-- Installing: /home/agustin/STM32CubeIDE/workspace_1.19.0/testURosSetup/uros_ws/firmware/mcu_ws/install/rclc_parameter/share/rclc_parameter/cmake/ament_cmake_export_dependencies-extras.cmake
-- Installing: /home/agustin/STM32CubeIDE/workspace_1.19.0/testURosSetup/uros_ws/firmware/mcu_ws/install/rclc_parameter/share/rclc_parameter/cmake/rclc_parameterConfig.cmake
-- Installing: /home/agustin/STM32CubeIDE/workspace_1.19.0/testURosSetup/uros_ws/firmware/mcu_ws/install/rclc_parameter/share/rclc_parameter/cmake/rclc_parameterConfig-version.cmake
-- Installing: /home/agustin/STM32CubeIDE/workspace_1.19.0/testURosSetup/uros_ws/firmware/mcu_ws/install/rclc_parameter/share/rclc_parameter/package.xml
