[0.035s] Invoking command in '/home/agustin/STM32CubeIDE/workspace_1.19.0/testURosSetup/uros_ws/src/build/extra_interfaces': CMAKE_PREFIX_PATH=${CMAKE_PREFIX_PATH}:/home/agustin/STM32CubeIDE/workspace_1.19.0/testURosSetup/uros_ws/firmware/mcu_ws/install/tracetools_test:/home/agustin/STM32CubeIDE/workspace_1.19.0/testURosSetup/uros_ws/firmware/mcu_ws/install/tracetools_launch:/home/agustin/STM32CubeIDE/workspace_1.19.0/testURosSetup/uros_ws/firmware/mcu_ws/install/ros2trace:/home/agustin/STM32CubeIDE/workspace_1.19.0/testURosSetup/uros_ws/firmware/mcu_ws/install/tracetools_trace:/home/agustin/STM32CubeIDE/workspace_1.19.0/testURosSetup/uros_ws/firmware/mcu_ws/install/tracetools_read:/home/agustin/STM32CubeIDE/workspace_1.19.0/testURosSetup/uros_ws/firmware/mcu_ws/install/test_tracetools_launch:/home/agustin/STM32CubeIDE/workspace_1.19.0/testURosSetup/uros_ws/firmware/mcu_ws/install/sensor_msgs_py:/home/agustin/STM32CubeIDE/workspace_1.19.0/testURosSetup/uros_ws/firmware/mcu_ws/install/rosidl_cli:/home/agustin/STM32CubeIDE/workspace_1.19.0/testURosSetup/uros_ws/firmware/dev_ws/install/ament_uncrustify:/home/agustin/STM32CubeIDE/workspace_1.19.0/testURosSetup/uros_ws/firmware/dev_ws/install/domain_coordinator:/home/agustin/STM32CubeIDE/workspace_1.19.0/testURosSetup/uros_ws/firmware/dev_ws/install/ament_xmllint:/home/agustin/STM32CubeIDE/workspace_1.19.0/testURosSetup/uros_ws/firmware/dev_ws/install/ament_pyflakes:/home/agustin/STM32CubeIDE/workspace_1.19.0/testURosSetup/uros_ws/firmware/dev_ws/install/ament_pycodestyle:/home/agustin/STM32CubeIDE/workspace_1.19.0/testURosSetup/uros_ws/firmware/dev_ws/install/ament_pep257:/home/agustin/STM32CubeIDE/workspace_1.19.0/testURosSetup/uros_ws/firmware/dev_ws/install/ament_pclint:/home/agustin/STM32CubeIDE/workspace_1.19.0/testURosSetup/uros_ws/firmware/dev_ws/install/ament_package:/home/agustin/STM32CubeIDE/workspace_1.19.0/testURosSetup/uros_ws/firmware/dev_ws/install/ament_mypy:/home/agustin/STM32CubeIDE/workspace_1.19.0/testURosSetup/uros_ws/firmware/dev_ws/install/ament_lint_cmake:/home/agustin/STM32CubeIDE/workspace_1.19.0/testURosSetup/uros_ws/firmware/dev_ws/install/ament_flake8:/home/agustin/STM32CubeIDE/workspace_1.19.0/testURosSetup/uros_ws/firmware/dev_ws/install/ament_copyright:/home/agustin/STM32CubeIDE/workspace_1.19.0/testURosSetup/uros_ws/firmware/dev_ws/install/ament_lint:/home/agustin/STM32CubeIDE/workspace_1.19.0/testURosSetup/uros_ws/firmware/dev_ws/install/ament_index_python:/home/agustin/STM32CubeIDE/workspace_1.19.0/testURosSetup/uros_ws/firmware/dev_ws/install/ament_cpplint:/home/agustin/STM32CubeIDE/workspace_1.19.0/testURosSetup/uros_ws/firmware/dev_ws/install/ament_cppcheck:/home/agustin/STM32CubeIDE/workspace_1.19.0/testURosSetup/uros_ws/firmware/dev_ws/install/ament_clang_tidy:/home/agustin/STM32CubeIDE/workspace_1.19.0/testURosSetup/uros_ws/firmware/dev_ws/install/ament_clang_format:/opt/ros/humble /usr/bin/cmake --build /home/agustin/STM32CubeIDE/workspace_1.19.0/testURosSetup/uros_ws/src/build/extra_interfaces -- -j4 -l4
[0.142s] [35m[1mConsolidate compiler generated dependencies of target extra_interfaces__rosidl_generator_c[0m
[0.175s] [  9%] Built target extra_interfaces__rosidl_generator_c
[0.187s] [ 12%] Built target extra_interfaces__cpp
[0.221s] [ 12%] Built target ament_cmake_python_copy_extra_interfaces
[0.221s] [35m[1mConsolidate compiler generated dependencies of target extra_interfaces__rosidl_typesupport_fastrtps_c[0m
[0.221s] [35m[1mConsolidate compiler generated dependencies of target extra_interfaces__rosidl_typesupport_introspection_c[0m
[0.228s] [35m[1mConsolidate compiler generated dependencies of target extra_interfaces__rosidl_typesupport_c[0m
[0.259s] [35m[1mConsolidate compiler generated dependencies of target extra_interfaces__rosidl_typesupport_fastrtps_cpp[0m
[0.269s] [ 22%] Built target extra_interfaces__rosidl_typesupport_introspection_c
[0.276s] [ 32%] Built target extra_interfaces__rosidl_typesupport_fastrtps_c
[0.277s] [ 41%] Built target extra_interfaces__rosidl_typesupport_c
[0.309s] [ 51%] Built target extra_interfaces__rosidl_typesupport_fastrtps_cpp
[0.317s] [35m[1mConsolidate compiler generated dependencies of target extra_interfaces__rosidl_typesupport_introspection_cpp[0m
[0.323s] [35m[1mConsolidate compiler generated dependencies of target extra_interfaces__rosidl_typesupport_cpp[0m
[0.358s] [ 61%] Built target extra_interfaces__rosidl_typesupport_cpp
[0.363s] [ 70%] Built target extra_interfaces__rosidl_typesupport_introspection_cpp
[0.420s] [ 70%] Built target extra_interfaces
[0.478s] [ 74%] Built target extra_interfaces__py
[0.507s] [35m[1mConsolidate compiler generated dependencies of target extra_interfaces__rosidl_generator_py[0m
[0.541s] [ 80%] Built target extra_interfaces__rosidl_generator_py
[0.583s] [35m[1mConsolidate compiler generated dependencies of target extra_interfaces__rosidl_typesupport_introspection_c__pyext[0m
[0.583s] [35m[1mConsolidate compiler generated dependencies of target extra_interfaces__rosidl_typesupport_fastrtps_c__pyext[0m
[0.584s] [35m[1mConsolidate compiler generated dependencies of target extra_interfaces__rosidl_typesupport_c__pyext[0m
[0.633s] [ 87%] Built target extra_interfaces__rosidl_typesupport_fastrtps_c__pyext
[0.636s] [ 93%] Built target extra_interfaces__rosidl_typesupport_c__pyext
[0.636s] [100%] Built target extra_interfaces__rosidl_typesupport_introspection_c__pyext
[0.883s] running egg_info
[0.885s] writing extra_interfaces.egg-info/PKG-INFO
[0.885s] writing dependency_links to extra_interfaces.egg-info/dependency_links.txt
[0.886s] writing top-level names to extra_interfaces.egg-info/top_level.txt
[0.889s] reading manifest file 'extra_interfaces.egg-info/SOURCES.txt'
[0.890s] writing manifest file 'extra_interfaces.egg-info/SOURCES.txt'
[0.941s] [100%] Built target ament_cmake_python_build_extra_interfaces_egg
[0.966s] Invoked command in '/home/agustin/STM32CubeIDE/workspace_1.19.0/testURosSetup/uros_ws/src/build/extra_interfaces' returned '0': CMAKE_PREFIX_PATH=${CMAKE_PREFIX_PATH}:/home/agustin/STM32CubeIDE/workspace_1.19.0/testURosSetup/uros_ws/firmware/mcu_ws/install/tracetools_test:/home/agustin/STM32CubeIDE/workspace_1.19.0/testURosSetup/uros_ws/firmware/mcu_ws/install/tracetools_launch:/home/agustin/STM32CubeIDE/workspace_1.19.0/testURosSetup/uros_ws/firmware/mcu_ws/install/ros2trace:/home/agustin/STM32CubeIDE/workspace_1.19.0/testURosSetup/uros_ws/firmware/mcu_ws/install/tracetools_trace:/home/agustin/STM32CubeIDE/workspace_1.19.0/testURosSetup/uros_ws/firmware/mcu_ws/install/tracetools_read:/home/agustin/STM32CubeIDE/workspace_1.19.0/testURosSetup/uros_ws/firmware/mcu_ws/install/test_tracetools_launch:/home/agustin/STM32CubeIDE/workspace_1.19.0/testURosSetup/uros_ws/firmware/mcu_ws/install/sensor_msgs_py:/home/agustin/STM32CubeIDE/workspace_1.19.0/testURosSetup/uros_ws/firmware/mcu_ws/install/rosidl_cli:/home/agustin/STM32CubeIDE/workspace_1.19.0/testURosSetup/uros_ws/firmware/dev_ws/install/ament_uncrustify:/home/agustin/STM32CubeIDE/workspace_1.19.0/testURosSetup/uros_ws/firmware/dev_ws/install/domain_coordinator:/home/agustin/STM32CubeIDE/workspace_1.19.0/testURosSetup/uros_ws/firmware/dev_ws/install/ament_xmllint:/home/agustin/STM32CubeIDE/workspace_1.19.0/testURosSetup/uros_ws/firmware/dev_ws/install/ament_pyflakes:/home/agustin/STM32CubeIDE/workspace_1.19.0/testURosSetup/uros_ws/firmware/dev_ws/install/ament_pycodestyle:/home/agustin/STM32CubeIDE/workspace_1.19.0/testURosSetup/uros_ws/firmware/dev_ws/install/ament_pep257:/home/agustin/STM32CubeIDE/workspace_1.19.0/testURosSetup/uros_ws/firmware/dev_ws/install/ament_pclint:/home/agustin/STM32CubeIDE/workspace_1.19.0/testURosSetup/uros_ws/firmware/dev_ws/install/ament_package:/home/agustin/STM32CubeIDE/workspace_1.19.0/testURosSetup/uros_ws/firmware/dev_ws/install/ament_mypy:/home/agustin/STM32CubeIDE/workspace_1.19.0/testURosSetup/uros_ws/firmware/dev_ws/install/ament_lint_cmake:/home/agustin/STM32CubeIDE/workspace_1.19.0/testURosSetup/uros_ws/firmware/dev_ws/install/ament_flake8:/home/agustin/STM32CubeIDE/workspace_1.19.0/testURosSetup/uros_ws/firmware/dev_ws/install/ament_copyright:/home/agustin/STM32CubeIDE/workspace_1.19.0/testURosSetup/uros_ws/firmware/dev_ws/install/ament_lint:/home/agustin/STM32CubeIDE/workspace_1.19.0/testURosSetup/uros_ws/firmware/dev_ws/install/ament_index_python:/home/agustin/STM32CubeIDE/workspace_1.19.0/testURosSetup/uros_ws/firmware/dev_ws/install/ament_cpplint:/home/agustin/STM32CubeIDE/workspace_1.19.0/testURosSetup/uros_ws/firmware/dev_ws/install/ament_cppcheck:/home/agustin/STM32CubeIDE/workspace_1.19.0/testURosSetup/uros_ws/firmware/dev_ws/install/ament_clang_tidy:/home/agustin/STM32CubeIDE/workspace_1.19.0/testURosSetup/uros_ws/firmware/dev_ws/install/ament_clang_format:/opt/ros/humble /usr/bin/cmake --build /home/agustin/STM32CubeIDE/workspace_1.19.0/testURosSetup/uros_ws/src/build/extra_interfaces -- -j4 -l4
[0.988s] Invoking command in '/home/agustin/STM32CubeIDE/workspace_1.19.0/testURosSetup/uros_ws/src/build/extra_interfaces': CMAKE_PREFIX_PATH=${CMAKE_PREFIX_PATH}:/home/agustin/STM32CubeIDE/workspace_1.19.0/testURosSetup/uros_ws/firmware/mcu_ws/install/tracetools_test:/home/agustin/STM32CubeIDE/workspace_1.19.0/testURosSetup/uros_ws/firmware/mcu_ws/install/tracetools_launch:/home/agustin/STM32CubeIDE/workspace_1.19.0/testURosSetup/uros_ws/firmware/mcu_ws/install/ros2trace:/home/agustin/STM32CubeIDE/workspace_1.19.0/testURosSetup/uros_ws/firmware/mcu_ws/install/tracetools_trace:/home/agustin/STM32CubeIDE/workspace_1.19.0/testURosSetup/uros_ws/firmware/mcu_ws/install/tracetools_read:/home/agustin/STM32CubeIDE/workspace_1.19.0/testURosSetup/uros_ws/firmware/mcu_ws/install/test_tracetools_launch:/home/agustin/STM32CubeIDE/workspace_1.19.0/testURosSetup/uros_ws/firmware/mcu_ws/install/sensor_msgs_py:/home/agustin/STM32CubeIDE/workspace_1.19.0/testURosSetup/uros_ws/firmware/mcu_ws/install/rosidl_cli:/home/agustin/STM32CubeIDE/workspace_1.19.0/testURosSetup/uros_ws/firmware/dev_ws/install/ament_uncrustify:/home/agustin/STM32CubeIDE/workspace_1.19.0/testURosSetup/uros_ws/firmware/dev_ws/install/domain_coordinator:/home/agustin/STM32CubeIDE/workspace_1.19.0/testURosSetup/uros_ws/firmware/dev_ws/install/ament_xmllint:/home/agustin/STM32CubeIDE/workspace_1.19.0/testURosSetup/uros_ws/firmware/dev_ws/install/ament_pyflakes:/home/agustin/STM32CubeIDE/workspace_1.19.0/testURosSetup/uros_ws/firmware/dev_ws/install/ament_pycodestyle:/home/agustin/STM32CubeIDE/workspace_1.19.0/testURosSetup/uros_ws/firmware/dev_ws/install/ament_pep257:/home/agustin/STM32CubeIDE/workspace_1.19.0/testURosSetup/uros_ws/firmware/dev_ws/install/ament_pclint:/home/agustin/STM32CubeIDE/workspace_1.19.0/testURosSetup/uros_ws/firmware/dev_ws/install/ament_package:/home/agustin/STM32CubeIDE/workspace_1.19.0/testURosSetup/uros_ws/firmware/dev_ws/install/ament_mypy:/home/agustin/STM32CubeIDE/workspace_1.19.0/testURosSetup/uros_ws/firmware/dev_ws/install/ament_lint_cmake:/home/agustin/STM32CubeIDE/workspace_1.19.0/testURosSetup/uros_ws/firmware/dev_ws/install/ament_flake8:/home/agustin/STM32CubeIDE/workspace_1.19.0/testURosSetup/uros_ws/firmware/dev_ws/install/ament_copyright:/home/agustin/STM32CubeIDE/workspace_1.19.0/testURosSetup/uros_ws/firmware/dev_ws/install/ament_lint:/home/agustin/STM32CubeIDE/workspace_1.19.0/testURosSetup/uros_ws/firmware/dev_ws/install/ament_index_python:/home/agustin/STM32CubeIDE/workspace_1.19.0/testURosSetup/uros_ws/firmware/dev_ws/install/ament_cpplint:/home/agustin/STM32CubeIDE/workspace_1.19.0/testURosSetup/uros_ws/firmware/dev_ws/install/ament_cppcheck:/home/agustin/STM32CubeIDE/workspace_1.19.0/testURosSetup/uros_ws/firmware/dev_ws/install/ament_clang_tidy:/home/agustin/STM32CubeIDE/workspace_1.19.0/testURosSetup/uros_ws/firmware/dev_ws/install/ament_clang_format:/opt/ros/humble /usr/bin/cmake --install /home/agustin/STM32CubeIDE/workspace_1.19.0/testURosSetup/uros_ws/src/build/extra_interfaces
[1.006s] -- Install configuration: ""
[1.006s] -- Up-to-date: /home/agustin/STM32CubeIDE/workspace_1.19.0/testURosSetup/uros_ws/src/install/extra_interfaces/share/ament_index/resource_index/rosidl_interfaces/extra_interfaces
[1.006s] -- Up-to-date: /home/agustin/STM32CubeIDE/workspace_1.19.0/testURosSetup/uros_ws/src/install/extra_interfaces/include/extra_interfaces/extra_interfaces
[1.006s] -- Up-to-date: /home/agustin/STM32CubeIDE/workspace_1.19.0/testURosSetup/uros_ws/src/install/extra_interfaces/include/extra_interfaces/extra_interfaces/msg
[1.007s] -- Up-to-date: /home/agustin/STM32CubeIDE/workspace_1.19.0/testURosSetup/uros_ws/src/install/extra_interfaces/include/extra_interfaces/extra_interfaces/msg/detail
[1.007s] -- Up-to-date: /home/agustin/STM32CubeIDE/workspace_1.19.0/testURosSetup/uros_ws/src/install/extra_interfaces/include/extra_interfaces/extra_interfaces/msg/detail/trama__functions.h
[1.007s] -- Up-to-date: /home/agustin/STM32CubeIDE/workspace_1.19.0/testURosSetup/uros_ws/src/install/extra_interfaces/include/extra_interfaces/extra_interfaces/msg/detail/trama__functions.c
[1.007s] -- Up-to-date: /home/agustin/STM32CubeIDE/workspace_1.19.0/testURosSetup/uros_ws/src/install/extra_interfaces/include/extra_interfaces/extra_interfaces/msg/detail/trama__struct.h
[1.008s] -- Up-to-date: /home/agustin/STM32CubeIDE/workspace_1.19.0/testURosSetup/uros_ws/src/install/extra_interfaces/include/extra_interfaces/extra_interfaces/msg/detail/trama__type_support.h
[1.008s] -- Up-to-date: /home/agustin/STM32CubeIDE/workspace_1.19.0/testURosSetup/uros_ws/src/install/extra_interfaces/include/extra_interfaces/extra_interfaces/msg/trama.h
[1.008s] -- Up-to-date: /home/agustin/STM32CubeIDE/workspace_1.19.0/testURosSetup/uros_ws/src/install/extra_interfaces/include/extra_interfaces/extra_interfaces/msg/rosidl_generator_c__visibility_control.h
[1.008s] -- Up-to-date: /home/agustin/STM32CubeIDE/workspace_1.19.0/testURosSetup/uros_ws/src/install/extra_interfaces/share/extra_interfaces/environment/library_path.sh
[1.008s] -- Up-to-date: /home/agustin/STM32CubeIDE/workspace_1.19.0/testURosSetup/uros_ws/src/install/extra_interfaces/share/extra_interfaces/environment/library_path.dsv
[1.009s] -- Up-to-date: /home/agustin/STM32CubeIDE/workspace_1.19.0/testURosSetup/uros_ws/src/install/extra_interfaces/lib/libextra_interfaces__rosidl_generator_c.so
[1.009s] -- Up-to-date: /home/agustin/STM32CubeIDE/workspace_1.19.0/testURosSetup/uros_ws/src/install/extra_interfaces/include/extra_interfaces/extra_interfaces
[1.009s] -- Up-to-date: /home/agustin/STM32CubeIDE/workspace_1.19.0/testURosSetup/uros_ws/src/install/extra_interfaces/include/extra_interfaces/extra_interfaces/msg
[1.009s] -- Up-to-date: /home/agustin/STM32CubeIDE/workspace_1.19.0/testURosSetup/uros_ws/src/install/extra_interfaces/include/extra_interfaces/extra_interfaces/msg/detail
[1.010s] -- Up-to-date: /home/agustin/STM32CubeIDE/workspace_1.19.0/testURosSetup/uros_ws/src/install/extra_interfaces/include/extra_interfaces/extra_interfaces/msg/detail/trama__rosidl_typesupport_fastrtps_c.h
[1.010s] -- Up-to-date: /home/agustin/STM32CubeIDE/workspace_1.19.0/testURosSetup/uros_ws/src/install/extra_interfaces/include/extra_interfaces/extra_interfaces/msg/rosidl_typesupport_fastrtps_c__visibility_control.h
[1.010s] -- Up-to-date: /home/agustin/STM32CubeIDE/workspace_1.19.0/testURosSetup/uros_ws/src/install/extra_interfaces/lib/libextra_interfaces__rosidl_typesupport_fastrtps_c.so
[1.010s] -- Up-to-date: /home/agustin/STM32CubeIDE/workspace_1.19.0/testURosSetup/uros_ws/src/install/extra_interfaces/include/extra_interfaces/extra_interfaces
[1.010s] -- Up-to-date: /home/agustin/STM32CubeIDE/workspace_1.19.0/testURosSetup/uros_ws/src/install/extra_interfaces/include/extra_interfaces/extra_interfaces/msg
[1.011s] -- Up-to-date: /home/agustin/STM32CubeIDE/workspace_1.19.0/testURosSetup/uros_ws/src/install/extra_interfaces/include/extra_interfaces/extra_interfaces/msg/rosidl_typesupport_introspection_c__visibility_control.h
[1.011s] -- Up-to-date: /home/agustin/STM32CubeIDE/workspace_1.19.0/testURosSetup/uros_ws/src/install/extra_interfaces/include/extra_interfaces/extra_interfaces/msg/detail
[1.011s] -- Up-to-date: /home/agustin/STM32CubeIDE/workspace_1.19.0/testURosSetup/uros_ws/src/install/extra_interfaces/include/extra_interfaces/extra_interfaces/msg/detail/trama__rosidl_typesupport_introspection_c.h
[1.011s] -- Up-to-date: /home/agustin/STM32CubeIDE/workspace_1.19.0/testURosSetup/uros_ws/src/install/extra_interfaces/include/extra_interfaces/extra_interfaces/msg/detail/trama__type_support.c
[1.012s] -- Up-to-date: /home/agustin/STM32CubeIDE/workspace_1.19.0/testURosSetup/uros_ws/src/install/extra_interfaces/lib/libextra_interfaces__rosidl_typesupport_introspection_c.so
[1.012s] -- Up-to-date: /home/agustin/STM32CubeIDE/workspace_1.19.0/testURosSetup/uros_ws/src/install/extra_interfaces/lib/libextra_interfaces__rosidl_typesupport_c.so
[1.012s] -- Up-to-date: /home/agustin/STM32CubeIDE/workspace_1.19.0/testURosSetup/uros_ws/src/install/extra_interfaces/include/extra_interfaces/extra_interfaces
[1.013s] -- Up-to-date: /home/agustin/STM32CubeIDE/workspace_1.19.0/testURosSetup/uros_ws/src/install/extra_interfaces/include/extra_interfaces/extra_interfaces/msg
[1.013s] -- Up-to-date: /home/agustin/STM32CubeIDE/workspace_1.19.0/testURosSetup/uros_ws/src/install/extra_interfaces/include/extra_interfaces/extra_interfaces/msg/trama.hpp
[1.013s] -- Up-to-date: /home/agustin/STM32CubeIDE/workspace_1.19.0/testURosSetup/uros_ws/src/install/extra_interfaces/include/extra_interfaces/extra_interfaces/msg/detail
[1.013s] -- Up-to-date: /home/agustin/STM32CubeIDE/workspace_1.19.0/testURosSetup/uros_ws/src/install/extra_interfaces/include/extra_interfaces/extra_interfaces/msg/detail/trama__type_support.hpp
[1.013s] -- Up-to-date: /home/agustin/STM32CubeIDE/workspace_1.19.0/testURosSetup/uros_ws/src/install/extra_interfaces/include/extra_interfaces/extra_interfaces/msg/detail/trama__builder.hpp
[1.013s] -- Up-to-date: /home/agustin/STM32CubeIDE/workspace_1.19.0/testURosSetup/uros_ws/src/install/extra_interfaces/include/extra_interfaces/extra_interfaces/msg/detail/trama__traits.hpp
[1.014s] -- Up-to-date: /home/agustin/STM32CubeIDE/workspace_1.19.0/testURosSetup/uros_ws/src/install/extra_interfaces/include/extra_interfaces/extra_interfaces/msg/detail/trama__struct.hpp
[1.014s] -- Up-to-date: /home/agustin/STM32CubeIDE/workspace_1.19.0/testURosSetup/uros_ws/src/install/extra_interfaces/include/extra_interfaces/extra_interfaces/msg/rosidl_generator_cpp__visibility_control.hpp
[1.014s] -- Up-to-date: /home/agustin/STM32CubeIDE/workspace_1.19.0/testURosSetup/uros_ws/src/install/extra_interfaces/include/extra_interfaces/extra_interfaces
[1.014s] -- Up-to-date: /home/agustin/STM32CubeIDE/workspace_1.19.0/testURosSetup/uros_ws/src/install/extra_interfaces/include/extra_interfaces/extra_interfaces/msg
[1.014s] -- Up-to-date: /home/agustin/STM32CubeIDE/workspace_1.19.0/testURosSetup/uros_ws/src/install/extra_interfaces/include/extra_interfaces/extra_interfaces/msg/rosidl_typesupport_fastrtps_cpp__visibility_control.h
[1.015s] -- Up-to-date: /home/agustin/STM32CubeIDE/workspace_1.19.0/testURosSetup/uros_ws/src/install/extra_interfaces/include/extra_interfaces/extra_interfaces/msg/detail
[1.015s] -- Up-to-date: /home/agustin/STM32CubeIDE/workspace_1.19.0/testURosSetup/uros_ws/src/install/extra_interfaces/include/extra_interfaces/extra_interfaces/msg/detail/dds_fastrtps
[1.015s] -- Up-to-date: /home/agustin/STM32CubeIDE/workspace_1.19.0/testURosSetup/uros_ws/src/install/extra_interfaces/include/extra_interfaces/extra_interfaces/msg/detail/trama__rosidl_typesupport_fastrtps_cpp.hpp
[1.015s] -- Up-to-date: /home/agustin/STM32CubeIDE/workspace_1.19.0/testURosSetup/uros_ws/src/install/extra_interfaces/lib/libextra_interfaces__rosidl_typesupport_fastrtps_cpp.so
[1.016s] -- Up-to-date: /home/agustin/STM32CubeIDE/workspace_1.19.0/testURosSetup/uros_ws/src/install/extra_interfaces/include/extra_interfaces/extra_interfaces
[1.016s] -- Up-to-date: /home/agustin/STM32CubeIDE/workspace_1.19.0/testURosSetup/uros_ws/src/install/extra_interfaces/include/extra_interfaces/extra_interfaces/msg
[1.016s] -- Up-to-date: /home/agustin/STM32CubeIDE/workspace_1.19.0/testURosSetup/uros_ws/src/install/extra_interfaces/include/extra_interfaces/extra_interfaces/msg/detail
[1.016s] -- Up-to-date: /home/agustin/STM32CubeIDE/workspace_1.19.0/testURosSetup/uros_ws/src/install/extra_interfaces/include/extra_interfaces/extra_interfaces/msg/detail/trama__type_support.cpp
[1.016s] -- Up-to-date: /home/agustin/STM32CubeIDE/workspace_1.19.0/testURosSetup/uros_ws/src/install/extra_interfaces/include/extra_interfaces/extra_interfaces/msg/detail/trama__rosidl_typesupport_introspection_cpp.hpp
[1.016s] -- Up-to-date: /home/agustin/STM32CubeIDE/workspace_1.19.0/testURosSetup/uros_ws/src/install/extra_interfaces/lib/libextra_interfaces__rosidl_typesupport_introspection_cpp.so
[1.016s] -- Up-to-date: /home/agustin/STM32CubeIDE/workspace_1.19.0/testURosSetup/uros_ws/src/install/extra_interfaces/lib/libextra_interfaces__rosidl_typesupport_cpp.so
[1.017s] -- Up-to-date: /home/agustin/STM32CubeIDE/workspace_1.19.0/testURosSetup/uros_ws/src/install/extra_interfaces/share/extra_interfaces/environment/pythonpath.sh
[1.017s] -- Up-to-date: /home/agustin/STM32CubeIDE/workspace_1.19.0/testURosSetup/uros_ws/src/install/extra_interfaces/share/extra_interfaces/environment/pythonpath.dsv
[1.017s] -- Up-to-date: /home/agustin/STM32CubeIDE/workspace_1.19.0/testURosSetup/uros_ws/src/install/extra_interfaces/local/lib/python3.10/dist-packages/extra_interfaces-0.0.0-py3.10.egg-info
[1.017s] -- Installing: /home/agustin/STM32CubeIDE/workspace_1.19.0/testURosSetup/uros_ws/src/install/extra_interfaces/local/lib/python3.10/dist-packages/extra_interfaces-0.0.0-py3.10.egg-info/dependency_links.txt
[1.017s] -- Installing: /home/agustin/STM32CubeIDE/workspace_1.19.0/testURosSetup/uros_ws/src/install/extra_interfaces/local/lib/python3.10/dist-packages/extra_interfaces-0.0.0-py3.10.egg-info/SOURCES.txt
[1.018s] -- Installing: /home/agustin/STM32CubeIDE/workspace_1.19.0/testURosSetup/uros_ws/src/install/extra_interfaces/local/lib/python3.10/dist-packages/extra_interfaces-0.0.0-py3.10.egg-info/PKG-INFO
[1.018s] -- Installing: /home/agustin/STM32CubeIDE/workspace_1.19.0/testURosSetup/uros_ws/src/install/extra_interfaces/local/lib/python3.10/dist-packages/extra_interfaces-0.0.0-py3.10.egg-info/top_level.txt
[1.018s] -- Up-to-date: /home/agustin/STM32CubeIDE/workspace_1.19.0/testURosSetup/uros_ws/src/install/extra_interfaces/local/lib/python3.10/dist-packages/extra_interfaces
[1.019s] -- Up-to-date: /home/agustin/STM32CubeIDE/workspace_1.19.0/testURosSetup/uros_ws/src/install/extra_interfaces/local/lib/python3.10/dist-packages/extra_interfaces/libextra_interfaces__rosidl_generator_py.so
[1.019s] -- Up-to-date: /home/agustin/STM32CubeIDE/workspace_1.19.0/testURosSetup/uros_ws/src/install/extra_interfaces/local/lib/python3.10/dist-packages/extra_interfaces/extra_interfaces_s__rosidl_typesupport_fastrtps_c.cpython-310-x86_64-linux-gnu.so
[1.019s] -- Up-to-date: /home/agustin/STM32CubeIDE/workspace_1.19.0/testURosSetup/uros_ws/src/install/extra_interfaces/local/lib/python3.10/dist-packages/extra_interfaces/_extra_interfaces_s.ep.rosidl_typesupport_c.c
[1.019s] -- Up-to-date: /home/agustin/STM32CubeIDE/workspace_1.19.0/testURosSetup/uros_ws/src/install/extra_interfaces/local/lib/python3.10/dist-packages/extra_interfaces/extra_interfaces_s__rosidl_typesupport_c.cpython-310-x86_64-linux-gnu.so
[1.020s] -- Up-to-date: /home/agustin/STM32CubeIDE/workspace_1.19.0/testURosSetup/uros_ws/src/install/extra_interfaces/local/lib/python3.10/dist-packages/extra_interfaces/_extra_interfaces_s.ep.rosidl_typesupport_introspection_c.c
[1.020s] -- Up-to-date: /home/agustin/STM32CubeIDE/workspace_1.19.0/testURosSetup/uros_ws/src/install/extra_interfaces/local/lib/python3.10/dist-packages/extra_interfaces/__init__.py
[1.020s] -- Up-to-date: /home/agustin/STM32CubeIDE/workspace_1.19.0/testURosSetup/uros_ws/src/install/extra_interfaces/local/lib/python3.10/dist-packages/extra_interfaces/extra_interfaces_s__rosidl_typesupport_introspection_c.cpython-310-x86_64-linux-gnu.so
[1.020s] -- Up-to-date: /home/agustin/STM32CubeIDE/workspace_1.19.0/testURosSetup/uros_ws/src/install/extra_interfaces/local/lib/python3.10/dist-packages/extra_interfaces/msg
[1.020s] -- Up-to-date: /home/agustin/STM32CubeIDE/workspace_1.19.0/testURosSetup/uros_ws/src/install/extra_interfaces/local/lib/python3.10/dist-packages/extra_interfaces/msg/_trama_s.c
[1.020s] -- Up-to-date: /home/agustin/STM32CubeIDE/workspace_1.19.0/testURosSetup/uros_ws/src/install/extra_interfaces/local/lib/python3.10/dist-packages/extra_interfaces/msg/__init__.py
[1.021s] -- Up-to-date: /home/agustin/STM32CubeIDE/workspace_1.19.0/testURosSetup/uros_ws/src/install/extra_interfaces/local/lib/python3.10/dist-packages/extra_interfaces/msg/_trama.py
[1.021s] -- Up-to-date: /home/agustin/STM32CubeIDE/workspace_1.19.0/testURosSetup/uros_ws/src/install/extra_interfaces/local/lib/python3.10/dist-packages/extra_interfaces/_extra_interfaces_s.ep.rosidl_typesupport_fastrtps_c.c
[1.103s] Listing '/home/agustin/STM32CubeIDE/workspace_1.19.0/testURosSetup/uros_ws/src/install/extra_interfaces/local/lib/python3.10/dist-packages/extra_interfaces'...
[1.103s] Listing '/home/agustin/STM32CubeIDE/workspace_1.19.0/testURosSetup/uros_ws/src/install/extra_interfaces/local/lib/python3.10/dist-packages/extra_interfaces/msg'...
[1.111s] -- Up-to-date: /home/agustin/STM32CubeIDE/workspace_1.19.0/testURosSetup/uros_ws/src/install/extra_interfaces/local/lib/python3.10/dist-packages/extra_interfaces/extra_interfaces_s__rosidl_typesupport_fastrtps_c.cpython-310-x86_64-linux-gnu.so
[1.111s] -- Up-to-date: /home/agustin/STM32CubeIDE/workspace_1.19.0/testURosSetup/uros_ws/src/install/extra_interfaces/local/lib/python3.10/dist-packages/extra_interfaces/extra_interfaces_s__rosidl_typesupport_introspection_c.cpython-310-x86_64-linux-gnu.so
[1.112s] -- Up-to-date: /home/agustin/STM32CubeIDE/workspace_1.19.0/testURosSetup/uros_ws/src/install/extra_interfaces/local/lib/python3.10/dist-packages/extra_interfaces/extra_interfaces_s__rosidl_typesupport_c.cpython-310-x86_64-linux-gnu.so
[1.113s] -- Up-to-date: /home/agustin/STM32CubeIDE/workspace_1.19.0/testURosSetup/uros_ws/src/install/extra_interfaces/lib/libextra_interfaces__rosidl_generator_py.so
[1.114s] -- Up-to-date: /home/agustin/STM32CubeIDE/workspace_1.19.0/testURosSetup/uros_ws/src/install/extra_interfaces/share/extra_interfaces/msg/Trama.idl
[1.114s] -- Up-to-date: /home/agustin/STM32CubeIDE/workspace_1.19.0/testURosSetup/uros_ws/src/install/extra_interfaces/share/extra_interfaces/msg/Trama.msg
[1.114s] -- Up-to-date: /home/agustin/STM32CubeIDE/workspace_1.19.0/testURosSetup/uros_ws/src/install/extra_interfaces/share/ament_index/resource_index/package_run_dependencies/extra_interfaces
[1.115s] -- Up-to-date: /home/agustin/STM32CubeIDE/workspace_1.19.0/testURosSetup/uros_ws/src/install/extra_interfaces/share/ament_index/resource_index/parent_prefix_path/extra_interfaces
[1.115s] -- Up-to-date: /home/agustin/STM32CubeIDE/workspace_1.19.0/testURosSetup/uros_ws/src/install/extra_interfaces/share/extra_interfaces/environment/ament_prefix_path.sh
[1.115s] -- Up-to-date: /home/agustin/STM32CubeIDE/workspace_1.19.0/testURosSetup/uros_ws/src/install/extra_interfaces/share/extra_interfaces/environment/ament_prefix_path.dsv
[1.115s] -- Up-to-date: /home/agustin/STM32CubeIDE/workspace_1.19.0/testURosSetup/uros_ws/src/install/extra_interfaces/share/extra_interfaces/environment/path.sh
[1.116s] -- Up-to-date: /home/agustin/STM32CubeIDE/workspace_1.19.0/testURosSetup/uros_ws/src/install/extra_interfaces/share/extra_interfaces/environment/path.dsv
[1.116s] -- Up-to-date: /home/agustin/STM32CubeIDE/workspace_1.19.0/testURosSetup/uros_ws/src/install/extra_interfaces/share/extra_interfaces/local_setup.bash
[1.116s] -- Up-to-date: /home/agustin/STM32CubeIDE/workspace_1.19.0/testURosSetup/uros_ws/src/install/extra_interfaces/share/extra_interfaces/local_setup.sh
[1.116s] -- Up-to-date: /home/agustin/STM32CubeIDE/workspace_1.19.0/testURosSetup/uros_ws/src/install/extra_interfaces/share/extra_interfaces/local_setup.zsh
[1.117s] -- Up-to-date: /home/agustin/STM32CubeIDE/workspace_1.19.0/testURosSetup/uros_ws/src/install/extra_interfaces/share/extra_interfaces/local_setup.dsv
[1.117s] -- Installing: /home/agustin/STM32CubeIDE/workspace_1.19.0/testURosSetup/uros_ws/src/install/extra_interfaces/share/extra_interfaces/package.dsv
[1.117s] -- Up-to-date: /home/agustin/STM32CubeIDE/workspace_1.19.0/testURosSetup/uros_ws/src/install/extra_interfaces/share/ament_index/resource_index/packages/extra_interfaces
[1.118s] -- Up-to-date: /home/agustin/STM32CubeIDE/workspace_1.19.0/testURosSetup/uros_ws/src/install/extra_interfaces/share/extra_interfaces/cmake/export_extra_interfaces__rosidl_generator_cExport.cmake
[1.118s] -- Up-to-date: /home/agustin/STM32CubeIDE/workspace_1.19.0/testURosSetup/uros_ws/src/install/extra_interfaces/share/extra_interfaces/cmake/export_extra_interfaces__rosidl_generator_cExport-noconfig.cmake
[1.118s] -- Up-to-date: /home/agustin/STM32CubeIDE/workspace_1.19.0/testURosSetup/uros_ws/src/install/extra_interfaces/share/extra_interfaces/cmake/export_extra_interfaces__rosidl_typesupport_fastrtps_cExport.cmake
[1.118s] -- Up-to-date: /home/agustin/STM32CubeIDE/workspace_1.19.0/testURosSetup/uros_ws/src/install/extra_interfaces/share/extra_interfaces/cmake/export_extra_interfaces__rosidl_typesupport_fastrtps_cExport-noconfig.cmake
[1.119s] -- Up-to-date: /home/agustin/STM32CubeIDE/workspace_1.19.0/testURosSetup/uros_ws/src/install/extra_interfaces/share/extra_interfaces/cmake/extra_interfaces__rosidl_typesupport_introspection_cExport.cmake
[1.119s] -- Up-to-date: /home/agustin/STM32CubeIDE/workspace_1.19.0/testURosSetup/uros_ws/src/install/extra_interfaces/share/extra_interfaces/cmake/extra_interfaces__rosidl_typesupport_introspection_cExport-noconfig.cmake
[1.119s] -- Up-to-date: /home/agustin/STM32CubeIDE/workspace_1.19.0/testURosSetup/uros_ws/src/install/extra_interfaces/share/extra_interfaces/cmake/extra_interfaces__rosidl_typesupport_cExport.cmake
[1.119s] -- Up-to-date: /home/agustin/STM32CubeIDE/workspace_1.19.0/testURosSetup/uros_ws/src/install/extra_interfaces/share/extra_interfaces/cmake/extra_interfaces__rosidl_typesupport_cExport-noconfig.cmake
[1.120s] -- Up-to-date: /home/agustin/STM32CubeIDE/workspace_1.19.0/testURosSetup/uros_ws/src/install/extra_interfaces/share/extra_interfaces/cmake/export_extra_interfaces__rosidl_generator_cppExport.cmake
[1.120s] -- Up-to-date: /home/agustin/STM32CubeIDE/workspace_1.19.0/testURosSetup/uros_ws/src/install/extra_interfaces/share/extra_interfaces/cmake/export_extra_interfaces__rosidl_typesupport_fastrtps_cppExport.cmake
[1.120s] -- Up-to-date: /home/agustin/STM32CubeIDE/workspace_1.19.0/testURosSetup/uros_ws/src/install/extra_interfaces/share/extra_interfaces/cmake/export_extra_interfaces__rosidl_typesupport_fastrtps_cppExport-noconfig.cmake
[1.121s] -- Up-to-date: /home/agustin/STM32CubeIDE/workspace_1.19.0/testURosSetup/uros_ws/src/install/extra_interfaces/share/extra_interfaces/cmake/extra_interfaces__rosidl_typesupport_introspection_cppExport.cmake
[1.121s] -- Up-to-date: /home/agustin/STM32CubeIDE/workspace_1.19.0/testURosSetup/uros_ws/src/install/extra_interfaces/share/extra_interfaces/cmake/extra_interfaces__rosidl_typesupport_introspection_cppExport-noconfig.cmake
[1.121s] -- Up-to-date: /home/agustin/STM32CubeIDE/workspace_1.19.0/testURosSetup/uros_ws/src/install/extra_interfaces/share/extra_interfaces/cmake/extra_interfaces__rosidl_typesupport_cppExport.cmake
[1.121s] -- Up-to-date: /home/agustin/STM32CubeIDE/workspace_1.19.0/testURosSetup/uros_ws/src/install/extra_interfaces/share/extra_interfaces/cmake/extra_interfaces__rosidl_typesupport_cppExport-noconfig.cmake
[1.122s] -- Up-to-date: /home/agustin/STM32CubeIDE/workspace_1.19.0/testURosSetup/uros_ws/src/install/extra_interfaces/share/extra_interfaces/cmake/export_extra_interfaces__rosidl_generator_pyExport.cmake
[1.122s] -- Up-to-date: /home/agustin/STM32CubeIDE/workspace_1.19.0/testURosSetup/uros_ws/src/install/extra_interfaces/share/extra_interfaces/cmake/export_extra_interfaces__rosidl_generator_pyExport-noconfig.cmake
[1.122s] -- Up-to-date: /home/agustin/STM32CubeIDE/workspace_1.19.0/testURosSetup/uros_ws/src/install/extra_interfaces/share/extra_interfaces/cmake/rosidl_cmake-extras.cmake
[1.122s] -- Up-to-date: /home/agustin/STM32CubeIDE/workspace_1.19.0/testURosSetup/uros_ws/src/install/extra_interfaces/share/extra_interfaces/cmake/ament_cmake_export_dependencies-extras.cmake
[1.123s] -- Up-to-date: /home/agustin/STM32CubeIDE/workspace_1.19.0/testURosSetup/uros_ws/src/install/extra_interfaces/share/extra_interfaces/cmake/ament_cmake_export_include_directories-extras.cmake
[1.123s] -- Up-to-date: /home/agustin/STM32CubeIDE/workspace_1.19.0/testURosSetup/uros_ws/src/install/extra_interfaces/share/extra_interfaces/cmake/ament_cmake_export_libraries-extras.cmake
[1.123s] -- Up-to-date: /home/agustin/STM32CubeIDE/workspace_1.19.0/testURosSetup/uros_ws/src/install/extra_interfaces/share/extra_interfaces/cmake/ament_cmake_export_targets-extras.cmake
[1.123s] -- Up-to-date: /home/agustin/STM32CubeIDE/workspace_1.19.0/testURosSetup/uros_ws/src/install/extra_interfaces/share/extra_interfaces/cmake/rosidl_cmake_export_typesupport_targets-extras.cmake
[1.123s] -- Up-to-date: /home/agustin/STM32CubeIDE/workspace_1.19.0/testURosSetup/uros_ws/src/install/extra_interfaces/share/extra_interfaces/cmake/rosidl_cmake_export_typesupport_libraries-extras.cmake
[1.124s] -- Up-to-date: /home/agustin/STM32CubeIDE/workspace_1.19.0/testURosSetup/uros_ws/src/install/extra_interfaces/share/extra_interfaces/cmake/extra_interfacesConfig.cmake
[1.124s] -- Up-to-date: /home/agustin/STM32CubeIDE/workspace_1.19.0/testURosSetup/uros_ws/src/install/extra_interfaces/share/extra_interfaces/cmake/extra_interfacesConfig-version.cmake
[1.124s] -- Up-to-date: /home/agustin/STM32CubeIDE/workspace_1.19.0/testURosSetup/uros_ws/src/install/extra_interfaces/share/extra_interfaces/package.xml
[1.124s] -- Installing: /home/agustin/STM32CubeIDE/workspace_1.19.0/testURosSetup/uros_ws/src/install/extra_interfaces/lib/extra_interfaces/create_firmware_ws.sh
[1.126s] Invoked command in '/home/agustin/STM32CubeIDE/workspace_1.19.0/testURosSetup/uros_ws/src/build/extra_interfaces' returned '0': CMAKE_PREFIX_PATH=${CMAKE_PREFIX_PATH}:/home/agustin/STM32CubeIDE/workspace_1.19.0/testURosSetup/uros_ws/firmware/mcu_ws/install/tracetools_test:/home/agustin/STM32CubeIDE/workspace_1.19.0/testURosSetup/uros_ws/firmware/mcu_ws/install/tracetools_launch:/home/agustin/STM32CubeIDE/workspace_1.19.0/testURosSetup/uros_ws/firmware/mcu_ws/install/ros2trace:/home/agustin/STM32CubeIDE/workspace_1.19.0/testURosSetup/uros_ws/firmware/mcu_ws/install/tracetools_trace:/home/agustin/STM32CubeIDE/workspace_1.19.0/testURosSetup/uros_ws/firmware/mcu_ws/install/tracetools_read:/home/agustin/STM32CubeIDE/workspace_1.19.0/testURosSetup/uros_ws/firmware/mcu_ws/install/test_tracetools_launch:/home/agustin/STM32CubeIDE/workspace_1.19.0/testURosSetup/uros_ws/firmware/mcu_ws/install/sensor_msgs_py:/home/agustin/STM32CubeIDE/workspace_1.19.0/testURosSetup/uros_ws/firmware/mcu_ws/install/rosidl_cli:/home/agustin/STM32CubeIDE/workspace_1.19.0/testURosSetup/uros_ws/firmware/dev_ws/install/ament_uncrustify:/home/agustin/STM32CubeIDE/workspace_1.19.0/testURosSetup/uros_ws/firmware/dev_ws/install/domain_coordinator:/home/agustin/STM32CubeIDE/workspace_1.19.0/testURosSetup/uros_ws/firmware/dev_ws/install/ament_xmllint:/home/agustin/STM32CubeIDE/workspace_1.19.0/testURosSetup/uros_ws/firmware/dev_ws/install/ament_pyflakes:/home/agustin/STM32CubeIDE/workspace_1.19.0/testURosSetup/uros_ws/firmware/dev_ws/install/ament_pycodestyle:/home/agustin/STM32CubeIDE/workspace_1.19.0/testURosSetup/uros_ws/firmware/dev_ws/install/ament_pep257:/home/agustin/STM32CubeIDE/workspace_1.19.0/testURosSetup/uros_ws/firmware/dev_ws/install/ament_pclint:/home/agustin/STM32CubeIDE/workspace_1.19.0/testURosSetup/uros_ws/firmware/dev_ws/install/ament_package:/home/agustin/STM32CubeIDE/workspace_1.19.0/testURosSetup/uros_ws/firmware/dev_ws/install/ament_mypy:/home/agustin/STM32CubeIDE/workspace_1.19.0/testURosSetup/uros_ws/firmware/dev_ws/install/ament_lint_cmake:/home/agustin/STM32CubeIDE/workspace_1.19.0/testURosSetup/uros_ws/firmware/dev_ws/install/ament_flake8:/home/agustin/STM32CubeIDE/workspace_1.19.0/testURosSetup/uros_ws/firmware/dev_ws/install/ament_copyright:/home/agustin/STM32CubeIDE/workspace_1.19.0/testURosSetup/uros_ws/firmware/dev_ws/install/ament_lint:/home/agustin/STM32CubeIDE/workspace_1.19.0/testURosSetup/uros_ws/firmware/dev_ws/install/ament_index_python:/home/agustin/STM32CubeIDE/workspace_1.19.0/testURosSetup/uros_ws/firmware/dev_ws/install/ament_cpplint:/home/agustin/STM32CubeIDE/workspace_1.19.0/testURosSetup/uros_ws/firmware/dev_ws/install/ament_cppcheck:/home/agustin/STM32CubeIDE/workspace_1.19.0/testURosSetup/uros_ws/firmware/dev_ws/install/ament_clang_tidy:/home/agustin/STM32CubeIDE/workspace_1.19.0/testURosSetup/uros_ws/firmware/dev_ws/install/ament_clang_format:/opt/ros/humble /usr/bin/cmake --install /home/agustin/STM32CubeIDE/workspace_1.19.0/testURosSetup/uros_ws/src/build/extra_interfaces
