-- Found ament_cmake: 1.3.12 (/home/agustin/STM32CubeIDE/workspace_1.19.0/testURosSetup/uros_ws/firmware/dev_ws/install/ament_cmake/share/ament_cmake/cmake)
-- Found ament_lint_auto: 0.12.14 (/home/agustin/STM32CubeIDE/workspace_1.19.0/testURosSetup/uros_ws/firmware/dev_ws/install/ament_lint_auto/share/ament_lint_auto/cmake)
-- Found rosidl_adapter: 3.1.7 (/opt/ros/humble/share/rosidl_adapter/cmake)
-- Found rosidl_default_generators: 1.2.0 (/opt/ros/humble/share/rosidl_default_generators/cmake)
-- Using all available rosidl_typesupport_c: rosidl_typesupport_fastrtps_c;rosidl_typesupport_introspection_c
-- Using all available rosidl_typesupport_cpp: rosidl_typesupport_fastrtps_cpp;rosidl_typesupport_introspection_cpp
-- Found std_msgs: 4.9.0 (/opt/ros/humble/share/std_msgs/cmake)
-- Found ament_cmake_ros: 0.10.0 (/home/agustin/STM32CubeIDE/workspace_1.19.0/testURosSetup/uros_ws/firmware/dev_ws/install/ament_cmake_ros/share/ament_cmake_ros/cmake)
-- Using all available rosidl_typesupport_c: rosidl_typesupport_fastrtps_c;rosidl_typesupport_introspection_c
-- Using all available rosidl_typesupport_cpp: rosidl_typesupport_fastrtps_cpp;rosidl_typesupport_introspection_cpp
-- Found python_cmake_module: 0.10.0 (/opt/ros/humble/share/python_cmake_module/cmake)
-- Using PYTHON_EXECUTABLE: /usr/bin/python3
-- Using PYTHON_INCLUDE_DIRS: /usr/include/python3.10
-- Using PYTHON_LIBRARIES: /usr/lib/x86_64-linux-gnu/libpython3.10.so
-- Added test 'lint_cmake' to check CMake code style
-- Added test 'xmllint' to check XML markup files
-- Configuring done
-- Generating done
-- Build files have been written to: /home/agustin/STM32CubeIDE/workspace_1.19.0/testURosSetup/uros_ws/build/extra_interfaces
[35m[1mConsolidate compiler generated dependencies of target extra_interfaces__rosidl_generator_c[0m
[  3%] Built target extra_interfaces__cpp
[ 12%] Built target extra_interfaces__rosidl_generator_c
[ 12%] Built target ament_cmake_python_copy_extra_interfaces
[35m[1mConsolidate compiler generated dependencies of target extra_interfaces__rosidl_typesupport_cpp[0m
[35m[1mConsolidate compiler generated dependencies of target extra_interfaces__rosidl_typesupport_fastrtps_cpp[0m
[35m[1mConsolidate compiler generated dependencies of target extra_interfaces__rosidl_typesupport_introspection_cpp[0m
[35m[1mConsolidate compiler generated dependencies of target extra_interfaces__rosidl_typesupport_fastrtps_c[0m
[ 32%] Built target extra_interfaces__rosidl_typesupport_cpp
[ 32%] Built target extra_interfaces__rosidl_typesupport_introspection_cpp
[ 35%] [32mBuilding CXX object CMakeFiles/extra_interfaces__rosidl_typesupport_fastrtps_cpp.dir/rosidl_typesupport_fastrtps_cpp/extra_interfaces/msg/detail/dds_fastrtps/trama__type_support.cpp.o[0m
[ 38%] [32mBuilding CXX object CMakeFiles/extra_interfaces__rosidl_typesupport_fastrtps_c.dir/rosidl_typesupport_fastrtps_c/extra_interfaces/msg/detail/trama__type_support_c.cpp.o[0m
[35m[1mConsolidate compiler generated dependencies of target extra_interfaces__rosidl_typesupport_introspection_c[0m
[35m[1mConsolidate compiler generated dependencies of target extra_interfaces__rosidl_typesupport_c[0m
[ 51%] Built target extra_interfaces__rosidl_typesupport_c
[ 58%] Built target extra_interfaces__rosidl_typesupport_introspection_c
running egg_info
writing extra_interfaces.egg-info/PKG-INFO
writing dependency_links to extra_interfaces.egg-info/dependency_links.txt
writing top-level names to extra_interfaces.egg-info/top_level.txt
reading manifest file 'extra_interfaces.egg-info/SOURCES.txt'
writing manifest file 'extra_interfaces.egg-info/SOURCES.txt'
[ 58%] Built target ament_cmake_python_build_extra_interfaces_egg
[ 61%] [32m[1mLinking CXX static library libextra_interfaces__rosidl_typesupport_fastrtps_c.a[0m
[ 64%] [32m[1mLinking CXX static library libextra_interfaces__rosidl_typesupport_fastrtps_cpp.a[0m
[ 67%] Built target extra_interfaces__rosidl_typesupport_fastrtps_cpp
[ 70%] Built target extra_interfaces__rosidl_typesupport_fastrtps_c
[ 70%] Built target extra_interfaces
[ 74%] Built target extra_interfaces__py
[35m[1mConsolidate compiler generated dependencies of target extra_interfaces__rosidl_generator_py[0m
[ 80%] Built target extra_interfaces__rosidl_generator_py
[35m[1mConsolidate compiler generated dependencies of target extra_interfaces__rosidl_typesupport_introspection_c__pyext[0m
[35m[1mConsolidate compiler generated dependencies of target extra_interfaces__rosidl_typesupport_fastrtps_c__pyext[0m
[35m[1mConsolidate compiler generated dependencies of target extra_interfaces__rosidl_typesupport_c__pyext[0m
[ 87%] Built target extra_interfaces__rosidl_typesupport_introspection_c__pyext
[ 90%] [32m[1mLinking CXX shared library rosidl_generator_py/extra_interfaces/extra_interfaces_s__rosidl_typesupport_fastrtps_c.cpython-310-x86_64-linux-gnu.so[0m
[ 96%] Built target extra_interfaces__rosidl_typesupport_c__pyext
[100%] Built target extra_interfaces__rosidl_typesupport_fastrtps_c__pyext
-- Install configuration: ""
-- Up-to-date: /home/agustin/STM32CubeIDE/workspace_1.19.0/testURosSetup/uros_ws/install/extra_interfaces/share/ament_index/resource_index/rosidl_interfaces/extra_interfaces
-- Up-to-date: /home/agustin/STM32CubeIDE/workspace_1.19.0/testURosSetup/uros_ws/install/extra_interfaces/include/extra_interfaces/extra_interfaces
-- Up-to-date: /home/agustin/STM32CubeIDE/workspace_1.19.0/testURosSetup/uros_ws/install/extra_interfaces/include/extra_interfaces/extra_interfaces/msg
-- Up-to-date: /home/agustin/STM32CubeIDE/workspace_1.19.0/testURosSetup/uros_ws/install/extra_interfaces/include/extra_interfaces/extra_interfaces/msg/detail
-- Up-to-date: /home/agustin/STM32CubeIDE/workspace_1.19.0/testURosSetup/uros_ws/install/extra_interfaces/include/extra_interfaces/extra_interfaces/msg/detail/trama__functions.h
-- Up-to-date: /home/agustin/STM32CubeIDE/workspace_1.19.0/testURosSetup/uros_ws/install/extra_interfaces/include/extra_interfaces/extra_interfaces/msg/detail/trama__functions.c
-- Up-to-date: /home/agustin/STM32CubeIDE/workspace_1.19.0/testURosSetup/uros_ws/install/extra_interfaces/include/extra_interfaces/extra_interfaces/msg/detail/trama__struct.h
-- Up-to-date: /home/agustin/STM32CubeIDE/workspace_1.19.0/testURosSetup/uros_ws/install/extra_interfaces/include/extra_interfaces/extra_interfaces/msg/detail/trama__type_support.h
-- Up-to-date: /home/agustin/STM32CubeIDE/workspace_1.19.0/testURosSetup/uros_ws/install/extra_interfaces/include/extra_interfaces/extra_interfaces/msg/trama.h
-- Up-to-date: /home/agustin/STM32CubeIDE/workspace_1.19.0/testURosSetup/uros_ws/install/extra_interfaces/include/extra_interfaces/extra_interfaces/msg/rosidl_generator_c__visibility_control.h
-- Installing: /home/agustin/STM32CubeIDE/workspace_1.19.0/testURosSetup/uros_ws/install/extra_interfaces/share/extra_interfaces/environment/library_path.sh
-- Installing: /home/agustin/STM32CubeIDE/workspace_1.19.0/testURosSetup/uros_ws/install/extra_interfaces/share/extra_interfaces/environment/library_path.dsv
-- Up-to-date: /home/agustin/STM32CubeIDE/workspace_1.19.0/testURosSetup/uros_ws/install/extra_interfaces/lib/libextra_interfaces__rosidl_generator_c.so
-- Up-to-date: /home/agustin/STM32CubeIDE/workspace_1.19.0/testURosSetup/uros_ws/install/extra_interfaces/include/extra_interfaces/extra_interfaces
-- Up-to-date: /home/agustin/STM32CubeIDE/workspace_1.19.0/testURosSetup/uros_ws/install/extra_interfaces/include/extra_interfaces/extra_interfaces/msg
-- Up-to-date: /home/agustin/STM32CubeIDE/workspace_1.19.0/testURosSetup/uros_ws/install/extra_interfaces/include/extra_interfaces/extra_interfaces/msg/detail
-- Up-to-date: /home/agustin/STM32CubeIDE/workspace_1.19.0/testURosSetup/uros_ws/install/extra_interfaces/include/extra_interfaces/extra_interfaces/msg/detail/trama__rosidl_typesupport_fastrtps_c.h
-- Up-to-date: /home/agustin/STM32CubeIDE/workspace_1.19.0/testURosSetup/uros_ws/install/extra_interfaces/include/extra_interfaces/extra_interfaces/msg/rosidl_typesupport_fastrtps_c__visibility_control.h
-- Installing: /home/agustin/STM32CubeIDE/workspace_1.19.0/testURosSetup/uros_ws/install/extra_interfaces/lib/libextra_interfaces__rosidl_typesupport_fastrtps_c.a
-- Up-to-date: /home/agustin/STM32CubeIDE/workspace_1.19.0/testURosSetup/uros_ws/install/extra_interfaces/include/extra_interfaces/extra_interfaces
-- Up-to-date: /home/agustin/STM32CubeIDE/workspace_1.19.0/testURosSetup/uros_ws/install/extra_interfaces/include/extra_interfaces/extra_interfaces/msg
-- Up-to-date: /home/agustin/STM32CubeIDE/workspace_1.19.0/testURosSetup/uros_ws/install/extra_interfaces/include/extra_interfaces/extra_interfaces/msg/rosidl_typesupport_introspection_c__visibility_control.h
-- Up-to-date: /home/agustin/STM32CubeIDE/workspace_1.19.0/testURosSetup/uros_ws/install/extra_interfaces/include/extra_interfaces/extra_interfaces/msg/detail
-- Up-to-date: /home/agustin/STM32CubeIDE/workspace_1.19.0/testURosSetup/uros_ws/install/extra_interfaces/include/extra_interfaces/extra_interfaces/msg/detail/trama__rosidl_typesupport_introspection_c.h
-- Up-to-date: /home/agustin/STM32CubeIDE/workspace_1.19.0/testURosSetup/uros_ws/install/extra_interfaces/include/extra_interfaces/extra_interfaces/msg/detail/trama__type_support.c
-- Up-to-date: /home/agustin/STM32CubeIDE/workspace_1.19.0/testURosSetup/uros_ws/install/extra_interfaces/lib/libextra_interfaces__rosidl_typesupport_introspection_c.so
-- Up-to-date: /home/agustin/STM32CubeIDE/workspace_1.19.0/testURosSetup/uros_ws/install/extra_interfaces/lib/libextra_interfaces__rosidl_typesupport_c.so
-- Up-to-date: /home/agustin/STM32CubeIDE/workspace_1.19.0/testURosSetup/uros_ws/install/extra_interfaces/include/extra_interfaces/extra_interfaces
-- Up-to-date: /home/agustin/STM32CubeIDE/workspace_1.19.0/testURosSetup/uros_ws/install/extra_interfaces/include/extra_interfaces/extra_interfaces/msg
-- Up-to-date: /home/agustin/STM32CubeIDE/workspace_1.19.0/testURosSetup/uros_ws/install/extra_interfaces/include/extra_interfaces/extra_interfaces/msg/trama.hpp
-- Up-to-date: /home/agustin/STM32CubeIDE/workspace_1.19.0/testURosSetup/uros_ws/install/extra_interfaces/include/extra_interfaces/extra_interfaces/msg/detail
-- Up-to-date: /home/agustin/STM32CubeIDE/workspace_1.19.0/testURosSetup/uros_ws/install/extra_interfaces/include/extra_interfaces/extra_interfaces/msg/detail/trama__type_support.hpp
-- Up-to-date: /home/agustin/STM32CubeIDE/workspace_1.19.0/testURosSetup/uros_ws/install/extra_interfaces/include/extra_interfaces/extra_interfaces/msg/detail/trama__builder.hpp
-- Up-to-date: /home/agustin/STM32CubeIDE/workspace_1.19.0/testURosSetup/uros_ws/install/extra_interfaces/include/extra_interfaces/extra_interfaces/msg/detail/trama__traits.hpp
-- Up-to-date: /home/agustin/STM32CubeIDE/workspace_1.19.0/testURosSetup/uros_ws/install/extra_interfaces/include/extra_interfaces/extra_interfaces/msg/detail/trama__struct.hpp
-- Up-to-date: /home/agustin/STM32CubeIDE/workspace_1.19.0/testURosSetup/uros_ws/install/extra_interfaces/include/extra_interfaces/extra_interfaces/msg/rosidl_generator_cpp__visibility_control.hpp
-- Up-to-date: /home/agustin/STM32CubeIDE/workspace_1.19.0/testURosSetup/uros_ws/install/extra_interfaces/include/extra_interfaces/extra_interfaces
-- Up-to-date: /home/agustin/STM32CubeIDE/workspace_1.19.0/testURosSetup/uros_ws/install/extra_interfaces/include/extra_interfaces/extra_interfaces/msg
-- Up-to-date: /home/agustin/STM32CubeIDE/workspace_1.19.0/testURosSetup/uros_ws/install/extra_interfaces/include/extra_interfaces/extra_interfaces/msg/rosidl_typesupport_fastrtps_cpp__visibility_control.h
-- Up-to-date: /home/agustin/STM32CubeIDE/workspace_1.19.0/testURosSetup/uros_ws/install/extra_interfaces/include/extra_interfaces/extra_interfaces/msg/detail
-- Up-to-date: /home/agustin/STM32CubeIDE/workspace_1.19.0/testURosSetup/uros_ws/install/extra_interfaces/include/extra_interfaces/extra_interfaces/msg/detail/dds_fastrtps
-- Up-to-date: /home/agustin/STM32CubeIDE/workspace_1.19.0/testURosSetup/uros_ws/install/extra_interfaces/include/extra_interfaces/extra_interfaces/msg/detail/trama__rosidl_typesupport_fastrtps_cpp.hpp
-- Installing: /home/agustin/STM32CubeIDE/workspace_1.19.0/testURosSetup/uros_ws/install/extra_interfaces/lib/libextra_interfaces__rosidl_typesupport_fastrtps_cpp.a
-- Up-to-date: /home/agustin/STM32CubeIDE/workspace_1.19.0/testURosSetup/uros_ws/install/extra_interfaces/include/extra_interfaces/extra_interfaces
-- Up-to-date: /home/agustin/STM32CubeIDE/workspace_1.19.0/testURosSetup/uros_ws/install/extra_interfaces/include/extra_interfaces/extra_interfaces/msg
-- Up-to-date: /home/agustin/STM32CubeIDE/workspace_1.19.0/testURosSetup/uros_ws/install/extra_interfaces/include/extra_interfaces/extra_interfaces/msg/detail
-- Up-to-date: /home/agustin/STM32CubeIDE/workspace_1.19.0/testURosSetup/uros_ws/install/extra_interfaces/include/extra_interfaces/extra_interfaces/msg/detail/trama__type_support.cpp
-- Up-to-date: /home/agustin/STM32CubeIDE/workspace_1.19.0/testURosSetup/uros_ws/install/extra_interfaces/include/extra_interfaces/extra_interfaces/msg/detail/trama__rosidl_typesupport_introspection_cpp.hpp
-- Up-to-date: /home/agustin/STM32CubeIDE/workspace_1.19.0/testURosSetup/uros_ws/install/extra_interfaces/lib/libextra_interfaces__rosidl_typesupport_introspection_cpp.so
-- Up-to-date: /home/agustin/STM32CubeIDE/workspace_1.19.0/testURosSetup/uros_ws/install/extra_interfaces/lib/libextra_interfaces__rosidl_typesupport_cpp.so
-- Up-to-date: /home/agustin/STM32CubeIDE/workspace_1.19.0/testURosSetup/uros_ws/install/extra_interfaces/share/extra_interfaces/environment/pythonpath.sh
-- Installing: /home/agustin/STM32CubeIDE/workspace_1.19.0/testURosSetup/uros_ws/install/extra_interfaces/share/extra_interfaces/environment/pythonpath.dsv
-- Up-to-date: /home/agustin/STM32CubeIDE/workspace_1.19.0/testURosSetup/uros_ws/install/extra_interfaces/local/lib/python3.10/dist-packages/extra_interfaces-0.0.0-py3.10.egg-info
-- Installing: /home/agustin/STM32CubeIDE/workspace_1.19.0/testURosSetup/uros_ws/install/extra_interfaces/local/lib/python3.10/dist-packages/extra_interfaces-0.0.0-py3.10.egg-info/dependency_links.txt
-- Installing: /home/agustin/STM32CubeIDE/workspace_1.19.0/testURosSetup/uros_ws/install/extra_interfaces/local/lib/python3.10/dist-packages/extra_interfaces-0.0.0-py3.10.egg-info/SOURCES.txt
-- Installing: /home/agustin/STM32CubeIDE/workspace_1.19.0/testURosSetup/uros_ws/install/extra_interfaces/local/lib/python3.10/dist-packages/extra_interfaces-0.0.0-py3.10.egg-info/PKG-INFO
-- Installing: /home/agustin/STM32CubeIDE/workspace_1.19.0/testURosSetup/uros_ws/install/extra_interfaces/local/lib/python3.10/dist-packages/extra_interfaces-0.0.0-py3.10.egg-info/top_level.txt
-- Up-to-date: /home/agustin/STM32CubeIDE/workspace_1.19.0/testURosSetup/uros_ws/install/extra_interfaces/local/lib/python3.10/dist-packages/extra_interfaces
-- Up-to-date: /home/agustin/STM32CubeIDE/workspace_1.19.0/testURosSetup/uros_ws/install/extra_interfaces/local/lib/python3.10/dist-packages/extra_interfaces/libextra_interfaces__rosidl_generator_py.so
-- Installing: /home/agustin/STM32CubeIDE/workspace_1.19.0/testURosSetup/uros_ws/install/extra_interfaces/local/lib/python3.10/dist-packages/extra_interfaces/extra_interfaces_s__rosidl_typesupport_fastrtps_c.cpython-310-x86_64-linux-gnu.so
-- Up-to-date: /home/agustin/STM32CubeIDE/workspace_1.19.0/testURosSetup/uros_ws/install/extra_interfaces/local/lib/python3.10/dist-packages/extra_interfaces/_extra_interfaces_s.ep.rosidl_typesupport_c.c
-- Up-to-date: /home/agustin/STM32CubeIDE/workspace_1.19.0/testURosSetup/uros_ws/install/extra_interfaces/local/lib/python3.10/dist-packages/extra_interfaces/extra_interfaces_s__rosidl_typesupport_c.cpython-310-x86_64-linux-gnu.so
-- Up-to-date: /home/agustin/STM32CubeIDE/workspace_1.19.0/testURosSetup/uros_ws/install/extra_interfaces/local/lib/python3.10/dist-packages/extra_interfaces/_extra_interfaces_s.ep.rosidl_typesupport_introspection_c.c
-- Installing: /home/agustin/STM32CubeIDE/workspace_1.19.0/testURosSetup/uros_ws/install/extra_interfaces/local/lib/python3.10/dist-packages/extra_interfaces/__init__.py
-- Up-to-date: /home/agustin/STM32CubeIDE/workspace_1.19.0/testURosSetup/uros_ws/install/extra_interfaces/local/lib/python3.10/dist-packages/extra_interfaces/extra_interfaces_s__rosidl_typesupport_introspection_c.cpython-310-x86_64-linux-gnu.so
-- Up-to-date: /home/agustin/STM32CubeIDE/workspace_1.19.0/testURosSetup/uros_ws/install/extra_interfaces/local/lib/python3.10/dist-packages/extra_interfaces/msg
-- Up-to-date: /home/agustin/STM32CubeIDE/workspace_1.19.0/testURosSetup/uros_ws/install/extra_interfaces/local/lib/python3.10/dist-packages/extra_interfaces/msg/_trama_s.c
-- Up-to-date: /home/agustin/STM32CubeIDE/workspace_1.19.0/testURosSetup/uros_ws/install/extra_interfaces/local/lib/python3.10/dist-packages/extra_interfaces/msg/__init__.py
-- Up-to-date: /home/agustin/STM32CubeIDE/workspace_1.19.0/testURosSetup/uros_ws/install/extra_interfaces/local/lib/python3.10/dist-packages/extra_interfaces/msg/_trama.py
-- Up-to-date: /home/agustin/STM32CubeIDE/workspace_1.19.0/testURosSetup/uros_ws/install/extra_interfaces/local/lib/python3.10/dist-packages/extra_interfaces/_extra_interfaces_s.ep.rosidl_typesupport_fastrtps_c.c
Listing '/home/agustin/STM32CubeIDE/workspace_1.19.0/testURosSetup/uros_ws/install/extra_interfaces/local/lib/python3.10/dist-packages/extra_interfaces'...
Compiling '/home/agustin/STM32CubeIDE/workspace_1.19.0/testURosSetup/uros_ws/install/extra_interfaces/local/lib/python3.10/dist-packages/extra_interfaces/__init__.py'...
Listing '/home/agustin/STM32CubeIDE/workspace_1.19.0/testURosSetup/uros_ws/install/extra_interfaces/local/lib/python3.10/dist-packages/extra_interfaces/msg'...
-- Installing: /home/agustin/STM32CubeIDE/workspace_1.19.0/testURosSetup/uros_ws/install/extra_interfaces/local/lib/python3.10/dist-packages/extra_interfaces/extra_interfaces_s__rosidl_typesupport_fastrtps_c.cpython-310-x86_64-linux-gnu.so
-- Set runtime path of "/home/agustin/STM32CubeIDE/workspace_1.19.0/testURosSetup/uros_ws/install/extra_interfaces/local/lib/python3.10/dist-packages/extra_interfaces/extra_interfaces_s__rosidl_typesupport_fastrtps_c.cpython-310-x86_64-linux-gnu.so" to ""
-- Up-to-date: /home/agustin/STM32CubeIDE/workspace_1.19.0/testURosSetup/uros_ws/install/extra_interfaces/local/lib/python3.10/dist-packages/extra_interfaces/extra_interfaces_s__rosidl_typesupport_introspection_c.cpython-310-x86_64-linux-gnu.so
-- Up-to-date: /home/agustin/STM32CubeIDE/workspace_1.19.0/testURosSetup/uros_ws/install/extra_interfaces/local/lib/python3.10/dist-packages/extra_interfaces/extra_interfaces_s__rosidl_typesupport_c.cpython-310-x86_64-linux-gnu.so
-- Up-to-date: /home/agustin/STM32CubeIDE/workspace_1.19.0/testURosSetup/uros_ws/install/extra_interfaces/lib/libextra_interfaces__rosidl_generator_py.so
-- Up-to-date: /home/agustin/STM32CubeIDE/workspace_1.19.0/testURosSetup/uros_ws/install/extra_interfaces/share/extra_interfaces/msg/Trama.idl
-- Installing: /home/agustin/STM32CubeIDE/workspace_1.19.0/testURosSetup/uros_ws/install/extra_interfaces/share/extra_interfaces/msg/Trama.msg
-- Up-to-date: /home/agustin/STM32CubeIDE/workspace_1.19.0/testURosSetup/uros_ws/install/extra_interfaces/share/ament_index/resource_index/package_run_dependencies/extra_interfaces
-- Installing: /home/agustin/STM32CubeIDE/workspace_1.19.0/testURosSetup/uros_ws/install/extra_interfaces/share/ament_index/resource_index/parent_prefix_path/extra_interfaces
-- Up-to-date: /home/agustin/STM32CubeIDE/workspace_1.19.0/testURosSetup/uros_ws/install/extra_interfaces/share/extra_interfaces/environment/ament_prefix_path.sh
-- Installing: /home/agustin/STM32CubeIDE/workspace_1.19.0/testURosSetup/uros_ws/install/extra_interfaces/share/extra_interfaces/environment/ament_prefix_path.dsv
-- Up-to-date: /home/agustin/STM32CubeIDE/workspace_1.19.0/testURosSetup/uros_ws/install/extra_interfaces/share/extra_interfaces/environment/path.sh
-- Installing: /home/agustin/STM32CubeIDE/workspace_1.19.0/testURosSetup/uros_ws/install/extra_interfaces/share/extra_interfaces/environment/path.dsv
-- Up-to-date: /home/agustin/STM32CubeIDE/workspace_1.19.0/testURosSetup/uros_ws/install/extra_interfaces/share/extra_interfaces/local_setup.bash
-- Up-to-date: /home/agustin/STM32CubeIDE/workspace_1.19.0/testURosSetup/uros_ws/install/extra_interfaces/share/extra_interfaces/local_setup.sh
-- Up-to-date: /home/agustin/STM32CubeIDE/workspace_1.19.0/testURosSetup/uros_ws/install/extra_interfaces/share/extra_interfaces/local_setup.zsh
-- Installing: /home/agustin/STM32CubeIDE/workspace_1.19.0/testURosSetup/uros_ws/install/extra_interfaces/share/extra_interfaces/local_setup.dsv
-- Installing: /home/agustin/STM32CubeIDE/workspace_1.19.0/testURosSetup/uros_ws/install/extra_interfaces/share/extra_interfaces/package.dsv
-- Up-to-date: /home/agustin/STM32CubeIDE/workspace_1.19.0/testURosSetup/uros_ws/install/extra_interfaces/share/ament_index/resource_index/packages/extra_interfaces
-- Up-to-date: /home/agustin/STM32CubeIDE/workspace_1.19.0/testURosSetup/uros_ws/install/extra_interfaces/share/extra_interfaces/cmake/export_extra_interfaces__rosidl_generator_cExport.cmake
-- Up-to-date: /home/agustin/STM32CubeIDE/workspace_1.19.0/testURosSetup/uros_ws/install/extra_interfaces/share/extra_interfaces/cmake/export_extra_interfaces__rosidl_generator_cExport-noconfig.cmake
-- Old export file "/home/agustin/STM32CubeIDE/workspace_1.19.0/testURosSetup/uros_ws/install/extra_interfaces/share/extra_interfaces/cmake/export_extra_interfaces__rosidl_typesupport_fastrtps_cExport.cmake" will be replaced.  Removing files [/home/agustin/STM32CubeIDE/workspace_1.19.0/testURosSetup/uros_ws/install/extra_interfaces/share/extra_interfaces/cmake/export_extra_interfaces__rosidl_typesupport_fastrtps_cExport-noconfig.cmake].
-- Installing: /home/agustin/STM32CubeIDE/workspace_1.19.0/testURosSetup/uros_ws/install/extra_interfaces/share/extra_interfaces/cmake/export_extra_interfaces__rosidl_typesupport_fastrtps_cExport.cmake
-- Installing: /home/agustin/STM32CubeIDE/workspace_1.19.0/testURosSetup/uros_ws/install/extra_interfaces/share/extra_interfaces/cmake/export_extra_interfaces__rosidl_typesupport_fastrtps_cExport-noconfig.cmake
-- Up-to-date: /home/agustin/STM32CubeIDE/workspace_1.19.0/testURosSetup/uros_ws/install/extra_interfaces/share/extra_interfaces/cmake/extra_interfaces__rosidl_typesupport_introspection_cExport.cmake
-- Up-to-date: /home/agustin/STM32CubeIDE/workspace_1.19.0/testURosSetup/uros_ws/install/extra_interfaces/share/extra_interfaces/cmake/extra_interfaces__rosidl_typesupport_introspection_cExport-noconfig.cmake
-- Up-to-date: /home/agustin/STM32CubeIDE/workspace_1.19.0/testURosSetup/uros_ws/install/extra_interfaces/share/extra_interfaces/cmake/extra_interfaces__rosidl_typesupport_cExport.cmake
-- Up-to-date: /home/agustin/STM32CubeIDE/workspace_1.19.0/testURosSetup/uros_ws/install/extra_interfaces/share/extra_interfaces/cmake/extra_interfaces__rosidl_typesupport_cExport-noconfig.cmake
-- Up-to-date: /home/agustin/STM32CubeIDE/workspace_1.19.0/testURosSetup/uros_ws/install/extra_interfaces/share/extra_interfaces/cmake/export_extra_interfaces__rosidl_generator_cppExport.cmake
-- Old export file "/home/agustin/STM32CubeIDE/workspace_1.19.0/testURosSetup/uros_ws/install/extra_interfaces/share/extra_interfaces/cmake/export_extra_interfaces__rosidl_typesupport_fastrtps_cppExport.cmake" will be replaced.  Removing files [/home/agustin/STM32CubeIDE/workspace_1.19.0/testURosSetup/uros_ws/install/extra_interfaces/share/extra_interfaces/cmake/export_extra_interfaces__rosidl_typesupport_fastrtps_cppExport-noconfig.cmake].
-- Installing: /home/agustin/STM32CubeIDE/workspace_1.19.0/testURosSetup/uros_ws/install/extra_interfaces/share/extra_interfaces/cmake/export_extra_interfaces__rosidl_typesupport_fastrtps_cppExport.cmake
-- Installing: /home/agustin/STM32CubeIDE/workspace_1.19.0/testURosSetup/uros_ws/install/extra_interfaces/share/extra_interfaces/cmake/export_extra_interfaces__rosidl_typesupport_fastrtps_cppExport-noconfig.cmake
-- Up-to-date: /home/agustin/STM32CubeIDE/workspace_1.19.0/testURosSetup/uros_ws/install/extra_interfaces/share/extra_interfaces/cmake/extra_interfaces__rosidl_typesupport_introspection_cppExport.cmake
-- Up-to-date: /home/agustin/STM32CubeIDE/workspace_1.19.0/testURosSetup/uros_ws/install/extra_interfaces/share/extra_interfaces/cmake/extra_interfaces__rosidl_typesupport_introspection_cppExport-noconfig.cmake
-- Up-to-date: /home/agustin/STM32CubeIDE/workspace_1.19.0/testURosSetup/uros_ws/install/extra_interfaces/share/extra_interfaces/cmake/extra_interfaces__rosidl_typesupport_cppExport.cmake
-- Up-to-date: /home/agustin/STM32CubeIDE/workspace_1.19.0/testURosSetup/uros_ws/install/extra_interfaces/share/extra_interfaces/cmake/extra_interfaces__rosidl_typesupport_cppExport-noconfig.cmake
-- Up-to-date: /home/agustin/STM32CubeIDE/workspace_1.19.0/testURosSetup/uros_ws/install/extra_interfaces/share/extra_interfaces/cmake/export_extra_interfaces__rosidl_generator_pyExport.cmake
-- Up-to-date: /home/agustin/STM32CubeIDE/workspace_1.19.0/testURosSetup/uros_ws/install/extra_interfaces/share/extra_interfaces/cmake/export_extra_interfaces__rosidl_generator_pyExport-noconfig.cmake
-- Up-to-date: /home/agustin/STM32CubeIDE/workspace_1.19.0/testURosSetup/uros_ws/install/extra_interfaces/share/extra_interfaces/cmake/rosidl_cmake-extras.cmake
-- Up-to-date: /home/agustin/STM32CubeIDE/workspace_1.19.0/testURosSetup/uros_ws/install/extra_interfaces/share/extra_interfaces/cmake/ament_cmake_export_dependencies-extras.cmake
-- Up-to-date: /home/agustin/STM32CubeIDE/workspace_1.19.0/testURosSetup/uros_ws/install/extra_interfaces/share/extra_interfaces/cmake/ament_cmake_export_include_directories-extras.cmake
-- Up-to-date: /home/agustin/STM32CubeIDE/workspace_1.19.0/testURosSetup/uros_ws/install/extra_interfaces/share/extra_interfaces/cmake/ament_cmake_export_libraries-extras.cmake
-- Up-to-date: /home/agustin/STM32CubeIDE/workspace_1.19.0/testURosSetup/uros_ws/install/extra_interfaces/share/extra_interfaces/cmake/ament_cmake_export_targets-extras.cmake
-- Up-to-date: /home/agustin/STM32CubeIDE/workspace_1.19.0/testURosSetup/uros_ws/install/extra_interfaces/share/extra_interfaces/cmake/rosidl_cmake_export_typesupport_targets-extras.cmake
-- Up-to-date: /home/agustin/STM32CubeIDE/workspace_1.19.0/testURosSetup/uros_ws/install/extra_interfaces/share/extra_interfaces/cmake/rosidl_cmake_export_typesupport_libraries-extras.cmake
-- Up-to-date: /home/agustin/STM32CubeIDE/workspace_1.19.0/testURosSetup/uros_ws/install/extra_interfaces/share/extra_interfaces/cmake/extra_interfacesConfig.cmake
-- Up-to-date: /home/agustin/STM32CubeIDE/workspace_1.19.0/testURosSetup/uros_ws/install/extra_interfaces/share/extra_interfaces/cmake/extra_interfacesConfig-version.cmake
-- Up-to-date: /home/agustin/STM32CubeIDE/workspace_1.19.0/testURosSetup/uros_ws/install/extra_interfaces/share/extra_interfaces/package.xml
[31mCMake Error at cmake_install.cmake:584 (file):
  file INSTALL cannot find
  "/home/agustin/STM32CubeIDE/workspace_1.19.0/testURosSetup/uros_ws/src/extra_interfaces/scripts/create_firmware_ws.sh":
  No such file or directory.

[0m
